<?xml version="1.0" encoding="UTF-8"?>
<robot generator="Robot 6.1 (Python 3.10.10 on win32)" generated="20231011 00:49:00.193" rpa="false" schemaversion="4">
<suite id="s1" name="test SKYAIRs website" source="C:\Users\USER\Desktop\React SKYAIRs\test\test SKYAIRs website">
<kw name="Open Browser" library="SeleniumLibrary" type="SETUP">
<arg>http://localhost:3000/</arg>
<arg>chrome</arg>
<doc>Opens a new browser instance to the optional ``url``.</doc>
<msg timestamp="20231011 00:49:00.584" level="INFO">Opening browser 'chrome' to base url 'http://localhost:3000/'.</msg>
<status status="PASS" starttime="20231011 00:49:00.584" endtime="20231011 00:49:04.635"/>
</kw>
<suite id="s1-s1" name="1 Register" source="C:\Users\USER\Desktop\React SKYAIRs\test\test SKYAIRs website\1_Register.robot">
<test id="s1-s1-t1" name="TC_REGISTRATION_001" line="7">
<kw name="Go To" library="SeleniumLibrary" type="SETUP">
<arg>http://localhost:3000/</arg>
<doc>Navigates the current browser window to the provided ``url``.</doc>
<msg timestamp="20231011 00:49:04.675" level="INFO">Opening url 'http://localhost:3000/'</msg>
<status status="PASS" starttime="20231011 00:49:04.674" endtime="20231011 00:49:06.174"/>
</kw>
<kw name="Register" library="keywords">
<arg>nam</arg>
<arg>123</arg>
<arg>123</arg>
<arg>Username already exists</arg>
<kw name="Click Button" library="SeleniumLibrary">
<arg>id=link-registration</arg>
<doc>Clicks the button identified by ``locator``.</doc>
<msg timestamp="20231011 00:49:06.177" level="INFO">Clicking button 'id=link-registration'.</msg>
<status status="PASS" starttime="20231011 00:49:06.176" endtime="20231011 00:49:06.360"/>
</kw>
<kw name="Input Text" library="SeleniumLibrary">
<arg>name=username</arg>
<arg>${username}</arg>
<doc>Types the given ``text`` into the text field identified by ``locator``.</doc>
<msg timestamp="20231011 00:49:06.360" level="INFO">Typing text 'nam' into text field 'name=username'.</msg>
<status status="PASS" starttime="20231011 00:49:06.360" endtime="20231011 00:49:06.487"/>
</kw>
<kw name="Input Password" library="SeleniumLibrary">
<arg>name=password</arg>
<arg>${password}</arg>
<doc>Types the given password into the text field identified by ``locator``.</doc>
<msg timestamp="20231011 00:49:06.488" level="INFO">Typing password into text field 'name=password'.</msg>
<msg timestamp="20231011 00:49:06.522" level="INFO">Temporally setting log level to: NONE</msg>
<msg timestamp="20231011 00:49:06.573" level="INFO">Log level changed from NONE to INFO.</msg>
<status status="PASS" starttime="20231011 00:49:06.487" endtime="20231011 00:49:06.573"/>
</kw>
<kw name="Input Password" library="SeleniumLibrary">
<arg>name=password1</arg>
<arg>${confirmPassword}</arg>
<doc>Types the given password into the text field identified by ``locator``.</doc>
<msg timestamp="20231011 00:49:06.574" level="INFO">Typing password into text field 'name=password1'.</msg>
<msg timestamp="20231011 00:49:06.609" level="INFO">Temporally setting log level to: NONE</msg>
<msg timestamp="20231011 00:49:06.665" level="INFO">Log level changed from NONE to INFO.</msg>
<status status="PASS" starttime="20231011 00:49:06.573" endtime="20231011 00:49:06.665"/>
</kw>
<kw name="Click Button" library="SeleniumLibrary">
<arg>id=submit</arg>
<doc>Clicks the button identified by ``locator``.</doc>
<msg timestamp="20231011 00:49:06.666" level="INFO">Clicking button 'id=submit'.</msg>
<status status="PASS" starttime="20231011 00:49:06.665" endtime="20231011 00:49:06.752"/>
</kw>
<if>
<branch type="IF" condition="'${showerror}' != ''">
<kw name="Wait Until Page Contains" library="SeleniumLibrary">
<arg>${showerror}</arg>
<doc>Waits until ``text`` appears on the current page.</doc>
<status status="PASS" starttime="20231011 00:49:06.753" endtime="20231011 00:49:06.984"/>
</kw>
<kw name="Click Link" library="SeleniumLibrary">
<arg>id=go-login</arg>
<doc>Clicks a link identified by ``locator``.</doc>
<msg timestamp="20231011 00:49:06.985" level="INFO">Clicking link 'id=go-login'.</msg>
<status status="PASS" starttime="20231011 00:49:06.985" endtime="20231011 00:49:07.051"/>
</kw>
<kw name="Wait Until Page Contains" library="SeleniumLibrary">
<arg>Login</arg>
<doc>Waits until ``text`` appears on the current page.</doc>
<status status="PASS" starttime="20231011 00:49:07.052" endtime="20231011 00:49:07.073"/>
</kw>
<status status="PASS" starttime="20231011 00:49:06.752" endtime="20231011 00:49:07.073"/>
</branch>
<branch type="ELSE">
<kw name="Wait Until Element Is Visible" library="SeleniumLibrary">
<arg>xpath=/html/body/div[1]/nav/div/div[2]/div</arg>
<doc>Waits until the element ``locator`` is visible.</doc>
<status status="NOT RUN" starttime="20231011 00:49:07.074" endtime="20231011 00:49:07.074"/>
</kw>
<status status="NOT RUN" starttime="20231011 00:49:07.073" endtime="20231011 00:49:07.074"/>
</branch>
<status status="PASS" starttime="20231011 00:49:06.752" endtime="20231011 00:49:07.074"/>
</if>
<status status="PASS" starttime="20231011 00:49:06.175" endtime="20231011 00:49:07.074"/>
</kw>
<status status="PASS" starttime="20231011 00:49:04.671" endtime="20231011 00:49:07.075"/>
</test>
<test id="s1-s1-t2" name="TC_REGISTRATION_002" line="10">
<kw name="Go To" library="SeleniumLibrary" type="SETUP">
<arg>http://localhost:3000/</arg>
<doc>Navigates the current browser window to the provided ``url``.</doc>
<msg timestamp="20231011 00:49:07.077" level="INFO">Opening url 'http://localhost:3000/'</msg>
<status status="PASS" starttime="20231011 00:49:07.077" endtime="20231011 00:49:09.068"/>
</kw>
<kw name="Register" library="keywords">
<arg>nam</arg>
<arg>123</arg>
<arg>1234</arg>
<arg>Username already exists</arg>
<kw name="Click Button" library="SeleniumLibrary">
<arg>id=link-registration</arg>
<doc>Clicks the button identified by ``locator``.</doc>
<msg timestamp="20231011 00:49:09.071" level="INFO">Clicking button 'id=link-registration'.</msg>
<status status="PASS" starttime="20231011 00:49:09.070" endtime="20231011 00:49:09.396"/>
</kw>
<kw name="Input Text" library="SeleniumLibrary">
<arg>name=username</arg>
<arg>${username}</arg>
<doc>Types the given ``text`` into the text field identified by ``locator``.</doc>
<msg timestamp="20231011 00:49:09.398" level="INFO">Typing text 'nam' into text field 'name=username'.</msg>
<status status="PASS" starttime="20231011 00:49:09.396" endtime="20231011 00:49:09.585"/>
</kw>
<kw name="Input Password" library="SeleniumLibrary">
<arg>name=password</arg>
<arg>${password}</arg>
<doc>Types the given password into the text field identified by ``locator``.</doc>
<msg timestamp="20231011 00:49:09.587" level="INFO">Typing password into text field 'name=password'.</msg>
<msg timestamp="20231011 00:49:09.660" level="INFO">Temporally setting log level to: NONE</msg>
<msg timestamp="20231011 00:49:09.776" level="INFO">Log level changed from NONE to INFO.</msg>
<status status="PASS" starttime="20231011 00:49:09.585" endtime="20231011 00:49:09.777"/>
</kw>
<kw name="Input Password" library="SeleniumLibrary">
<arg>name=password1</arg>
<arg>${confirmPassword}</arg>
<doc>Types the given password into the text field identified by ``locator``.</doc>
<msg timestamp="20231011 00:49:09.778" level="INFO">Typing password into text field 'name=password1'.</msg>
<msg timestamp="20231011 00:49:09.852" level="INFO">Temporally setting log level to: NONE</msg>
<msg timestamp="20231011 00:49:09.960" level="INFO">Log level changed from NONE to INFO.</msg>
<status status="PASS" starttime="20231011 00:49:09.777" endtime="20231011 00:49:09.960"/>
</kw>
<kw name="Click Button" library="SeleniumLibrary">
<arg>id=submit</arg>
<doc>Clicks the button identified by ``locator``.</doc>
<msg timestamp="20231011 00:49:09.962" level="INFO">Clicking button 'id=submit'.</msg>
<status status="PASS" starttime="20231011 00:49:09.961" endtime="20231011 00:49:10.065"/>
</kw>
<if>
<branch type="IF" condition="'${showerror}' != ''">
<kw name="Wait Until Page Contains" library="SeleniumLibrary">
<arg>${showerror}</arg>
<doc>Waits until ``text`` appears on the current page.</doc>
<status status="PASS" starttime="20231011 00:49:10.067" endtime="20231011 00:49:10.085"/>
</kw>
<kw name="Click Link" library="SeleniumLibrary">
<arg>id=go-login</arg>
<doc>Clicks a link identified by ``locator``.</doc>
<msg timestamp="20231011 00:49:10.086" level="INFO">Clicking link 'id=go-login'.</msg>
<status status="PASS" starttime="20231011 00:49:10.086" endtime="20231011 00:49:10.150"/>
</kw>
<kw name="Wait Until Page Contains" library="SeleniumLibrary">
<arg>Login</arg>
<doc>Waits until ``text`` appears on the current page.</doc>
<status status="PASS" starttime="20231011 00:49:10.150" endtime="20231011 00:49:10.163"/>
</kw>
<status status="PASS" starttime="20231011 00:49:10.065" endtime="20231011 00:49:10.163"/>
</branch>
<branch type="ELSE">
<kw name="Wait Until Element Is Visible" library="SeleniumLibrary">
<arg>xpath=/html/body/div[1]/nav/div/div[2]/div</arg>
<doc>Waits until the element ``locator`` is visible.</doc>
<status status="NOT RUN" starttime="20231011 00:49:10.163" endtime="20231011 00:49:10.163"/>
</kw>
<status status="NOT RUN" starttime="20231011 00:49:10.163" endtime="20231011 00:49:10.163"/>
</branch>
<status status="PASS" starttime="20231011 00:49:10.065" endtime="20231011 00:49:10.163"/>
</if>
<status status="PASS" starttime="20231011 00:49:09.069" endtime="20231011 00:49:10.163"/>
</kw>
<status status="PASS" starttime="20231011 00:49:07.076" endtime="20231011 00:49:10.164"/>
</test>
<test id="s1-s1-t3" name="TC_REGISTRATION_003" line="13">
<kw name="Go To" library="SeleniumLibrary" type="SETUP">
<arg>http://localhost:3000/</arg>
<doc>Navigates the current browser window to the provided ``url``.</doc>
<msg timestamp="20231011 00:49:10.165" level="INFO">Opening url 'http://localhost:3000/'</msg>
<status status="PASS" starttime="20231011 00:49:10.165" endtime="20231011 00:49:12.239"/>
</kw>
<kw name="Register" library="keywords">
<arg>admin</arg>
<arg>123</arg>
<arg>123</arg>
<arg>showerror=</arg>
<kw name="Click Button" library="SeleniumLibrary">
<arg>id=link-registration</arg>
<doc>Clicks the button identified by ``locator``.</doc>
<msg timestamp="20231011 00:49:12.243" level="INFO">Clicking button 'id=link-registration'.</msg>
<status status="PASS" starttime="20231011 00:49:12.242" endtime="20231011 00:49:12.444"/>
</kw>
<kw name="Input Text" library="SeleniumLibrary">
<arg>name=username</arg>
<arg>${username}</arg>
<doc>Types the given ``text`` into the text field identified by ``locator``.</doc>
<msg timestamp="20231011 00:49:12.445" level="INFO">Typing text 'admin' into text field 'name=username'.</msg>
<status status="PASS" starttime="20231011 00:49:12.444" endtime="20231011 00:49:12.554"/>
</kw>
<kw name="Input Password" library="SeleniumLibrary">
<arg>name=password</arg>
<arg>${password}</arg>
<doc>Types the given password into the text field identified by ``locator``.</doc>
<msg timestamp="20231011 00:49:12.559" level="INFO">Typing password into text field 'name=password'.</msg>
<msg timestamp="20231011 00:49:12.603" level="INFO">Temporally setting log level to: NONE</msg>
<msg timestamp="20231011 00:49:12.657" level="INFO">Log level changed from NONE to INFO.</msg>
<status status="PASS" starttime="20231011 00:49:12.554" endtime="20231011 00:49:12.657"/>
</kw>
<kw name="Input Password" library="SeleniumLibrary">
<arg>name=password1</arg>
<arg>${confirmPassword}</arg>
<doc>Types the given password into the text field identified by ``locator``.</doc>
<msg timestamp="20231011 00:49:12.658" level="INFO">Typing password into text field 'name=password1'.</msg>
<msg timestamp="20231011 00:49:12.689" level="INFO">Temporally setting log level to: NONE</msg>
<msg timestamp="20231011 00:49:12.744" level="INFO">Log level changed from NONE to INFO.</msg>
<status status="PASS" starttime="20231011 00:49:12.657" endtime="20231011 00:49:12.744"/>
</kw>
<kw name="Click Button" library="SeleniumLibrary">
<arg>id=submit</arg>
<doc>Clicks the button identified by ``locator``.</doc>
<msg timestamp="20231011 00:49:12.745" level="INFO">Clicking button 'id=submit'.</msg>
<status status="PASS" starttime="20231011 00:49:12.744" endtime="20231011 00:49:12.810"/>
</kw>
<if>
<branch type="IF" condition="'${showerror}' != ''">
<kw name="Wait Until Page Contains" library="SeleniumLibrary">
<arg>${showerror}</arg>
<doc>Waits until ``text`` appears on the current page.</doc>
<status status="NOT RUN" starttime="20231011 00:49:12.811" endtime="20231011 00:49:12.811"/>
</kw>
<kw name="Click Link" library="SeleniumLibrary">
<arg>id=go-login</arg>
<doc>Clicks a link identified by ``locator``.</doc>
<status status="NOT RUN" starttime="20231011 00:49:12.811" endtime="20231011 00:49:12.811"/>
</kw>
<kw name="Wait Until Page Contains" library="SeleniumLibrary">
<arg>Login</arg>
<doc>Waits until ``text`` appears on the current page.</doc>
<status status="NOT RUN" starttime="20231011 00:49:12.811" endtime="20231011 00:49:12.811"/>
</kw>
<status status="NOT RUN" starttime="20231011 00:49:12.810" endtime="20231011 00:49:12.811"/>
</branch>
<branch type="ELSE">
<kw name="Wait Until Element Is Visible" library="SeleniumLibrary">
<arg>xpath=/html/body/div[1]/nav/div/div[2]/div</arg>
<doc>Waits until the element ``locator`` is visible.</doc>
<status status="PASS" starttime="20231011 00:49:12.811" endtime="20231011 00:49:12.843"/>
</kw>
<status status="PASS" starttime="20231011 00:49:12.811" endtime="20231011 00:49:12.843"/>
</branch>
<status status="PASS" starttime="20231011 00:49:12.810" endtime="20231011 00:49:12.843"/>
</if>
<status status="PASS" starttime="20231011 00:49:12.240" endtime="20231011 00:49:12.843"/>
</kw>
<status status="PASS" starttime="20231011 00:49:10.164" endtime="20231011 00:49:12.843"/>
</test>
<test id="s1-s1-t4" name="TC_REGISTRATION_004" line="16">
<kw name="Go To" library="SeleniumLibrary" type="SETUP">
<arg>http://localhost:3000/</arg>
<doc>Navigates the current browser window to the provided ``url``.</doc>
<msg timestamp="20231011 00:49:12.845" level="INFO">Opening url 'http://localhost:3000/'</msg>
<status status="PASS" starttime="20231011 00:49:12.845" endtime="20231011 00:49:13.993"/>
</kw>
<kw name="Register" library="keywords">
<arg>namin</arg>
<arg>123</arg>
<arg>1234</arg>
<arg>Passwords do not match</arg>
<kw name="Click Button" library="SeleniumLibrary">
<arg>id=link-registration</arg>
<doc>Clicks the button identified by ``locator``.</doc>
<msg timestamp="20231011 00:49:13.995" level="INFO">Clicking button 'id=link-registration'.</msg>
<status status="PASS" starttime="20231011 00:49:13.994" endtime="20231011 00:49:14.156"/>
</kw>
<kw name="Input Text" library="SeleniumLibrary">
<arg>name=username</arg>
<arg>${username}</arg>
<doc>Types the given ``text`` into the text field identified by ``locator``.</doc>
<msg timestamp="20231011 00:49:14.157" level="INFO">Typing text 'namin' into text field 'name=username'.</msg>
<status status="PASS" starttime="20231011 00:49:14.156" endtime="20231011 00:49:14.268"/>
</kw>
<kw name="Input Password" library="SeleniumLibrary">
<arg>name=password</arg>
<arg>${password}</arg>
<doc>Types the given password into the text field identified by ``locator``.</doc>
<msg timestamp="20231011 00:49:14.269" level="INFO">Typing password into text field 'name=password'.</msg>
<msg timestamp="20231011 00:49:14.300" level="INFO">Temporally setting log level to: NONE</msg>
<msg timestamp="20231011 00:49:14.352" level="INFO">Log level changed from NONE to INFO.</msg>
<status status="PASS" starttime="20231011 00:49:14.268" endtime="20231011 00:49:14.352"/>
</kw>
<kw name="Input Password" library="SeleniumLibrary">
<arg>name=password1</arg>
<arg>${confirmPassword}</arg>
<doc>Types the given password into the text field identified by ``locator``.</doc>
<msg timestamp="20231011 00:49:14.354" level="INFO">Typing password into text field 'name=password1'.</msg>
<msg timestamp="20231011 00:49:14.392" level="INFO">Temporally setting log level to: NONE</msg>
<msg timestamp="20231011 00:49:14.450" level="INFO">Log level changed from NONE to INFO.</msg>
<status status="PASS" starttime="20231011 00:49:14.352" endtime="20231011 00:49:14.451"/>
</kw>
<kw name="Click Button" library="SeleniumLibrary">
<arg>id=submit</arg>
<doc>Clicks the button identified by ``locator``.</doc>
<msg timestamp="20231011 00:49:14.451" level="INFO">Clicking button 'id=submit'.</msg>
<status status="PASS" starttime="20231011 00:49:14.451" endtime="20231011 00:49:14.516"/>
</kw>
<if>
<branch type="IF" condition="'${showerror}' != ''">
<kw name="Wait Until Page Contains" library="SeleniumLibrary">
<arg>${showerror}</arg>
<doc>Waits until ``text`` appears on the current page.</doc>
<status status="PASS" starttime="20231011 00:49:14.517" endtime="20231011 00:49:14.535"/>
</kw>
<kw name="Click Link" library="SeleniumLibrary">
<arg>id=go-login</arg>
<doc>Clicks a link identified by ``locator``.</doc>
<msg timestamp="20231011 00:49:14.536" level="INFO">Clicking link 'id=go-login'.</msg>
<status status="PASS" starttime="20231011 00:49:14.536" endtime="20231011 00:49:14.587"/>
</kw>
<kw name="Wait Until Page Contains" library="SeleniumLibrary">
<arg>Login</arg>
<doc>Waits until ``text`` appears on the current page.</doc>
<status status="PASS" starttime="20231011 00:49:14.587" endtime="20231011 00:49:14.594"/>
</kw>
<status status="PASS" starttime="20231011 00:49:14.516" endtime="20231011 00:49:14.597"/>
</branch>
<branch type="ELSE">
<kw name="Wait Until Element Is Visible" library="SeleniumLibrary">
<arg>xpath=/html/body/div[1]/nav/div/div[2]/div</arg>
<doc>Waits until the element ``locator`` is visible.</doc>
<status status="NOT RUN" starttime="20231011 00:49:14.597" endtime="20231011 00:49:14.597"/>
</kw>
<status status="NOT RUN" starttime="20231011 00:49:14.597" endtime="20231011 00:49:14.597"/>
</branch>
<status status="PASS" starttime="20231011 00:49:14.516" endtime="20231011 00:49:14.597"/>
</if>
<status status="PASS" starttime="20231011 00:49:13.993" endtime="20231011 00:49:14.597"/>
</kw>
<status status="PASS" starttime="20231011 00:49:12.844" endtime="20231011 00:49:14.597"/>
</test>
<status status="PASS" starttime="20231011 00:49:04.636" endtime="20231011 00:49:14.598"/>
</suite>
<suite id="s1-s2" name="2 Login" source="C:\Users\USER\Desktop\React SKYAIRs\test\test SKYAIRs website\2_Login.robot">
<test id="s1-s2-t1" name="TC_LOGIN_001" line="7">
<kw name="Go To" library="SeleniumLibrary" type="SETUP">
<arg>http://localhost:3000/</arg>
<doc>Navigates the current browser window to the provided ``url``.</doc>
<msg timestamp="20231011 00:49:14.608" level="INFO">Opening url 'http://localhost:3000/'</msg>
<status status="PASS" starttime="20231011 00:49:14.607" endtime="20231011 00:49:15.853"/>
</kw>
<kw name="LOGIN SUCCESS" library="keywords">
<kw name="Login" library="keywords">
<arg>nam</arg>
<arg>123</arg>
<arg>showerror=</arg>
<kw name="Click Button" library="SeleniumLibrary">
<arg>id=link-login</arg>
<doc>Clicks the button identified by ``locator``.</doc>
<msg timestamp="20231011 00:49:15.857" level="INFO">Clicking button 'id=link-login'.</msg>
<status status="PASS" starttime="20231011 00:49:15.856" endtime="20231011 00:49:16.025"/>
</kw>
<kw name="Input Text" library="SeleniumLibrary">
<arg>name=username</arg>
<arg>${username}</arg>
<doc>Types the given ``text`` into the text field identified by ``locator``.</doc>
<msg timestamp="20231011 00:49:16.026" level="INFO">Typing text 'nam' into text field 'name=username'.</msg>
<status status="PASS" starttime="20231011 00:49:16.026" endtime="20231011 00:49:16.121"/>
</kw>
<kw name="Input Password" library="SeleniumLibrary">
<arg>name=password</arg>
<arg>${pwd}</arg>
<doc>Types the given password into the text field identified by ``locator``.</doc>
<msg timestamp="20231011 00:49:16.123" level="INFO">Typing password into text field 'name=password'.</msg>
<msg timestamp="20231011 00:49:16.153" level="INFO">Temporally setting log level to: NONE</msg>
<msg timestamp="20231011 00:49:16.206" level="INFO">Log level changed from NONE to INFO.</msg>
<status status="PASS" starttime="20231011 00:49:16.122" endtime="20231011 00:49:16.206"/>
</kw>
<kw name="Click Button" library="SeleniumLibrary">
<arg>id=submit</arg>
<doc>Clicks the button identified by ``locator``.</doc>
<msg timestamp="20231011 00:49:16.207" level="INFO">Clicking button 'id=submit'.</msg>
<status status="PASS" starttime="20231011 00:49:16.206" endtime="20231011 00:49:16.274"/>
</kw>
<if>
<branch type="IF" condition="&quot;${showerror}&quot; == &quot;User Doesn't Exist&quot;">
<kw name="Wait Until Page Contains" library="SeleniumLibrary">
<arg>${showerror}</arg>
<doc>Waits until ``text`` appears on the current page.</doc>
<status status="NOT RUN" starttime="20231011 00:49:16.275" endtime="20231011 00:49:16.275"/>
</kw>
<kw name="Click Link" library="SeleniumLibrary">
<arg>id=registration</arg>
<doc>Clicks a link identified by ``locator``.</doc>
<status status="NOT RUN" starttime="20231011 00:49:16.275" endtime="20231011 00:49:16.275"/>
</kw>
<kw name="Wait Until Page Contains" library="SeleniumLibrary">
<arg>Register</arg>
<doc>Waits until ``text`` appears on the current page.</doc>
<status status="NOT RUN" starttime="20231011 00:49:16.275" endtime="20231011 00:49:16.275"/>
</kw>
<status status="NOT RUN" starttime="20231011 00:49:16.274" endtime="20231011 00:49:16.275"/>
</branch>
<branch type="ELSE IF" condition="'${showerror}' == 'Wrong Username And Password Combination'">
<kw name="Wait Until Page Contains" library="SeleniumLibrary">
<arg>${showerror}</arg>
<doc>Waits until ``text`` appears on the current page.</doc>
<status status="NOT RUN" starttime="20231011 00:49:16.276" endtime="20231011 00:49:16.276"/>
</kw>
<status status="NOT RUN" starttime="20231011 00:49:16.275" endtime="20231011 00:49:16.276"/>
</branch>
<branch type="ELSE">
<kw name="Wait Until Element Is Visible" library="SeleniumLibrary">
<arg>id=form-validation</arg>
<doc>Waits until the element ``locator`` is visible.</doc>
<status status="PASS" starttime="20231011 00:49:16.276" endtime="20231011 00:49:16.302"/>
</kw>
<status status="PASS" starttime="20231011 00:49:16.276" endtime="20231011 00:49:16.302"/>
</branch>
<status status="PASS" starttime="20231011 00:49:16.274" endtime="20231011 00:49:16.302"/>
</if>
<status status="PASS" starttime="20231011 00:49:15.855" endtime="20231011 00:49:16.302"/>
</kw>
<kw name="Wait Until Page Contains" library="SeleniumLibrary">
<arg>nam</arg>
<doc>Waits until ``text`` appears on the current page.</doc>
<status status="PASS" starttime="20231011 00:49:16.302" endtime="20231011 00:49:16.316"/>
</kw>
<kw name="Sleep" library="BuiltIn">
<arg>2s</arg>
<doc>Pauses the test executed for the given time.</doc>
<msg timestamp="20231011 00:49:18.331" level="INFO">Slept 2 seconds</msg>
<status status="PASS" starttime="20231011 00:49:16.316" endtime="20231011 00:49:18.331"/>
</kw>
<status status="PASS" starttime="20231011 00:49:15.854" endtime="20231011 00:49:18.331"/>
</kw>
<kw name="Click Button" library="SeleniumLibrary">
<arg>id=logout</arg>
<doc>Clicks the button identified by ``locator``.</doc>
<msg timestamp="20231011 00:49:18.332" level="INFO">Clicking button 'id=logout'.</msg>
<status status="PASS" starttime="20231011 00:49:18.332" endtime="20231011 00:49:18.402"/>
</kw>
<kw name="Wait Until Page Contains" library="SeleniumLibrary">
<arg>เข้าสู่ระบบ</arg>
<doc>Waits until ``text`` appears on the current page.</doc>
<status status="PASS" starttime="20231011 00:49:18.403" endtime="20231011 00:49:18.458"/>
</kw>
<status status="PASS" starttime="20231011 00:49:14.607" endtime="20231011 00:49:18.459"/>
</test>
<test id="s1-s2-t2" name="TC_LOGIN_002" line="12">
<kw name="Go To" library="SeleniumLibrary" type="SETUP">
<arg>http://localhost:3000/</arg>
<doc>Navigates the current browser window to the provided ``url``.</doc>
<msg timestamp="20231011 00:49:18.461" level="INFO">Opening url 'http://localhost:3000/'</msg>
<status status="PASS" starttime="20231011 00:49:18.461" endtime="20231011 00:49:19.643"/>
</kw>
<kw name="Login" library="keywords">
<arg>nam</arg>
<arg>1234</arg>
<arg>Wrong Username And Password Combination</arg>
<kw name="Click Button" library="SeleniumLibrary">
<arg>id=link-login</arg>
<doc>Clicks the button identified by ``locator``.</doc>
<msg timestamp="20231011 00:49:19.646" level="INFO">Clicking button 'id=link-login'.</msg>
<status status="PASS" starttime="20231011 00:49:19.645" endtime="20231011 00:49:19.818"/>
</kw>
<kw name="Input Text" library="SeleniumLibrary">
<arg>name=username</arg>
<arg>${username}</arg>
<doc>Types the given ``text`` into the text field identified by ``locator``.</doc>
<msg timestamp="20231011 00:49:19.819" level="INFO">Typing text 'nam' into text field 'name=username'.</msg>
<status status="PASS" starttime="20231011 00:49:19.818" endtime="20231011 00:49:19.929"/>
</kw>
<kw name="Input Password" library="SeleniumLibrary">
<arg>name=password</arg>
<arg>${pwd}</arg>
<doc>Types the given password into the text field identified by ``locator``.</doc>
<msg timestamp="20231011 00:49:19.930" level="INFO">Typing password into text field 'name=password'.</msg>
<msg timestamp="20231011 00:49:19.963" level="INFO">Temporally setting log level to: NONE</msg>
<msg timestamp="20231011 00:49:20.016" level="INFO">Log level changed from NONE to INFO.</msg>
<status status="PASS" starttime="20231011 00:49:19.929" endtime="20231011 00:49:20.016"/>
</kw>
<kw name="Click Button" library="SeleniumLibrary">
<arg>id=submit</arg>
<doc>Clicks the button identified by ``locator``.</doc>
<msg timestamp="20231011 00:49:20.017" level="INFO">Clicking button 'id=submit'.</msg>
<status status="PASS" starttime="20231011 00:49:20.017" endtime="20231011 00:49:20.087"/>
</kw>
<if>
<branch type="IF" condition="&quot;${showerror}&quot; == &quot;User Doesn't Exist&quot;">
<kw name="Wait Until Page Contains" library="SeleniumLibrary">
<arg>${showerror}</arg>
<doc>Waits until ``text`` appears on the current page.</doc>
<status status="NOT RUN" starttime="20231011 00:49:20.088" endtime="20231011 00:49:20.088"/>
</kw>
<kw name="Click Link" library="SeleniumLibrary">
<arg>id=registration</arg>
<doc>Clicks a link identified by ``locator``.</doc>
<status status="NOT RUN" starttime="20231011 00:49:20.088" endtime="20231011 00:49:20.089"/>
</kw>
<kw name="Wait Until Page Contains" library="SeleniumLibrary">
<arg>Register</arg>
<doc>Waits until ``text`` appears on the current page.</doc>
<status status="NOT RUN" starttime="20231011 00:49:20.089" endtime="20231011 00:49:20.089"/>
</kw>
<status status="NOT RUN" starttime="20231011 00:49:20.087" endtime="20231011 00:49:20.089"/>
</branch>
<branch type="ELSE IF" condition="'${showerror}' == 'Wrong Username And Password Combination'">
<kw name="Wait Until Page Contains" library="SeleniumLibrary">
<arg>${showerror}</arg>
<doc>Waits until ``text`` appears on the current page.</doc>
<status status="PASS" starttime="20231011 00:49:20.089" endtime="20231011 00:49:20.315"/>
</kw>
<status status="PASS" starttime="20231011 00:49:20.089" endtime="20231011 00:49:20.315"/>
</branch>
<branch type="ELSE">
<kw name="Wait Until Element Is Visible" library="SeleniumLibrary">
<arg>id=form-validation</arg>
<doc>Waits until the element ``locator`` is visible.</doc>
<status status="NOT RUN" starttime="20231011 00:49:20.315" endtime="20231011 00:49:20.315"/>
</kw>
<status status="NOT RUN" starttime="20231011 00:49:20.315" endtime="20231011 00:49:20.315"/>
</branch>
<status status="PASS" starttime="20231011 00:49:20.087" endtime="20231011 00:49:20.315"/>
</if>
<status status="PASS" starttime="20231011 00:49:19.643" endtime="20231011 00:49:20.315"/>
</kw>
<kw name="Sleep" library="BuiltIn">
<arg>2s</arg>
<doc>Pauses the test executed for the given time.</doc>
<msg timestamp="20231011 00:49:22.327" level="INFO">Slept 2 seconds</msg>
<status status="PASS" starttime="20231011 00:49:20.316" endtime="20231011 00:49:22.327"/>
</kw>
<status status="PASS" starttime="20231011 00:49:18.460" endtime="20231011 00:49:22.328"/>
</test>
<test id="s1-s2-t3" name="TC_LOGIN_003" line="16">
<kw name="Go To" library="SeleniumLibrary" type="SETUP">
<arg>http://localhost:3000/</arg>
<doc>Navigates the current browser window to the provided ``url``.</doc>
<msg timestamp="20231011 00:49:22.330" level="INFO">Opening url 'http://localhost:3000/'</msg>
<status status="PASS" starttime="20231011 00:49:22.330" endtime="20231011 00:49:23.683"/>
</kw>
<kw name="Login" library="keywords">
<arg>min</arg>
<arg>123</arg>
<arg>User Doesn't Exist</arg>
<kw name="Click Button" library="SeleniumLibrary">
<arg>id=link-login</arg>
<doc>Clicks the button identified by ``locator``.</doc>
<msg timestamp="20231011 00:49:23.685" level="INFO">Clicking button 'id=link-login'.</msg>
<status status="PASS" starttime="20231011 00:49:23.685" endtime="20231011 00:49:23.864"/>
</kw>
<kw name="Input Text" library="SeleniumLibrary">
<arg>name=username</arg>
<arg>${username}</arg>
<doc>Types the given ``text`` into the text field identified by ``locator``.</doc>
<msg timestamp="20231011 00:49:23.865" level="INFO">Typing text 'min' into text field 'name=username'.</msg>
<status status="PASS" starttime="20231011 00:49:23.865" endtime="20231011 00:49:23.977"/>
</kw>
<kw name="Input Password" library="SeleniumLibrary">
<arg>name=password</arg>
<arg>${pwd}</arg>
<doc>Types the given password into the text field identified by ``locator``.</doc>
<msg timestamp="20231011 00:49:23.977" level="INFO">Typing password into text field 'name=password'.</msg>
<msg timestamp="20231011 00:49:24.010" level="INFO">Temporally setting log level to: NONE</msg>
<msg timestamp="20231011 00:49:24.067" level="INFO">Log level changed from NONE to INFO.</msg>
<status status="PASS" starttime="20231011 00:49:23.977" endtime="20231011 00:49:24.067"/>
</kw>
<kw name="Click Button" library="SeleniumLibrary">
<arg>id=submit</arg>
<doc>Clicks the button identified by ``locator``.</doc>
<msg timestamp="20231011 00:49:24.068" level="INFO">Clicking button 'id=submit'.</msg>
<status status="PASS" starttime="20231011 00:49:24.067" endtime="20231011 00:49:24.143"/>
</kw>
<if>
<branch type="IF" condition="&quot;${showerror}&quot; == &quot;User Doesn't Exist&quot;">
<kw name="Wait Until Page Contains" library="SeleniumLibrary">
<arg>${showerror}</arg>
<doc>Waits until ``text`` appears on the current page.</doc>
<status status="PASS" starttime="20231011 00:49:24.143" endtime="20231011 00:49:24.161"/>
</kw>
<kw name="Click Link" library="SeleniumLibrary">
<arg>id=registration</arg>
<doc>Clicks a link identified by ``locator``.</doc>
<msg timestamp="20231011 00:49:24.162" level="INFO">Clicking link 'id=registration'.</msg>
<status status="PASS" starttime="20231011 00:49:24.161" endtime="20231011 00:49:24.235"/>
</kw>
<kw name="Wait Until Page Contains" library="SeleniumLibrary">
<arg>Register</arg>
<doc>Waits until ``text`` appears on the current page.</doc>
<status status="PASS" starttime="20231011 00:49:24.236" endtime="20231011 00:49:24.250"/>
</kw>
<status status="PASS" starttime="20231011 00:49:24.143" endtime="20231011 00:49:24.250"/>
</branch>
<branch type="ELSE IF" condition="'${showerror}' == 'Wrong Username And Password Combination'">
<kw name="Wait Until Page Contains" library="SeleniumLibrary">
<arg>${showerror}</arg>
<doc>Waits until ``text`` appears on the current page.</doc>
<status status="NOT RUN" starttime="20231011 00:49:24.251" endtime="20231011 00:49:24.251"/>
</kw>
<status status="NOT RUN" starttime="20231011 00:49:24.250" endtime="20231011 00:49:24.251"/>
</branch>
<branch type="ELSE">
<kw name="Wait Until Element Is Visible" library="SeleniumLibrary">
<arg>id=form-validation</arg>
<doc>Waits until the element ``locator`` is visible.</doc>
<status status="NOT RUN" starttime="20231011 00:49:24.251" endtime="20231011 00:49:24.251"/>
</kw>
<status status="NOT RUN" starttime="20231011 00:49:24.251" endtime="20231011 00:49:24.251"/>
</branch>
<status status="PASS" starttime="20231011 00:49:24.143" endtime="20231011 00:49:24.251"/>
</if>
<status status="PASS" starttime="20231011 00:49:23.684" endtime="20231011 00:49:24.251"/>
</kw>
<kw name="Sleep" library="BuiltIn">
<arg>2s</arg>
<doc>Pauses the test executed for the given time.</doc>
<msg timestamp="20231011 00:49:26.258" level="INFO">Slept 2 seconds</msg>
<status status="PASS" starttime="20231011 00:49:24.251" endtime="20231011 00:49:26.258"/>
</kw>
<status status="PASS" starttime="20231011 00:49:22.329" endtime="20231011 00:49:26.258"/>
</test>
<test id="s1-s2-t4" name="TC_LOGIN_004" line="20">
<kw name="Go To" library="SeleniumLibrary" type="SETUP">
<arg>http://localhost:3000/</arg>
<doc>Navigates the current browser window to the provided ``url``.</doc>
<msg timestamp="20231011 00:49:26.260" level="INFO">Opening url 'http://localhost:3000/'</msg>
<status status="PASS" starttime="20231011 00:49:26.260" endtime="20231011 00:49:27.410"/>
</kw>
<kw name="Login" library="keywords">
<arg>min</arg>
<arg>1234</arg>
<arg>User Doesn't Exist</arg>
<kw name="Click Button" library="SeleniumLibrary">
<arg>id=link-login</arg>
<doc>Clicks the button identified by ``locator``.</doc>
<msg timestamp="20231011 00:49:27.413" level="INFO">Clicking button 'id=link-login'.</msg>
<status status="PASS" starttime="20231011 00:49:27.412" endtime="20231011 00:49:27.580"/>
</kw>
<kw name="Input Text" library="SeleniumLibrary">
<arg>name=username</arg>
<arg>${username}</arg>
<doc>Types the given ``text`` into the text field identified by ``locator``.</doc>
<msg timestamp="20231011 00:49:27.581" level="INFO">Typing text 'min' into text field 'name=username'.</msg>
<status status="PASS" starttime="20231011 00:49:27.581" endtime="20231011 00:49:27.675"/>
</kw>
<kw name="Input Password" library="SeleniumLibrary">
<arg>name=password</arg>
<arg>${pwd}</arg>
<doc>Types the given password into the text field identified by ``locator``.</doc>
<msg timestamp="20231011 00:49:27.676" level="INFO">Typing password into text field 'name=password'.</msg>
<msg timestamp="20231011 00:49:27.709" level="INFO">Temporally setting log level to: NONE</msg>
<msg timestamp="20231011 00:49:27.767" level="INFO">Log level changed from NONE to INFO.</msg>
<status status="PASS" starttime="20231011 00:49:27.676" endtime="20231011 00:49:27.767"/>
</kw>
<kw name="Click Button" library="SeleniumLibrary">
<arg>id=submit</arg>
<doc>Clicks the button identified by ``locator``.</doc>
<msg timestamp="20231011 00:49:27.768" level="INFO">Clicking button 'id=submit'.</msg>
<status status="PASS" starttime="20231011 00:49:27.767" endtime="20231011 00:49:27.829"/>
</kw>
<if>
<branch type="IF" condition="&quot;${showerror}&quot; == &quot;User Doesn't Exist&quot;">
<kw name="Wait Until Page Contains" library="SeleniumLibrary">
<arg>${showerror}</arg>
<doc>Waits until ``text`` appears on the current page.</doc>
<status status="PASS" starttime="20231011 00:49:27.830" endtime="20231011 00:49:28.060"/>
</kw>
<kw name="Click Link" library="SeleniumLibrary">
<arg>id=registration</arg>
<doc>Clicks a link identified by ``locator``.</doc>
<msg timestamp="20231011 00:49:28.061" level="INFO">Clicking link 'id=registration'.</msg>
<status status="PASS" starttime="20231011 00:49:28.060" endtime="20231011 00:49:28.112"/>
</kw>
<kw name="Wait Until Page Contains" library="SeleniumLibrary">
<arg>Register</arg>
<doc>Waits until ``text`` appears on the current page.</doc>
<status status="PASS" starttime="20231011 00:49:28.112" endtime="20231011 00:49:28.121"/>
</kw>
<status status="PASS" starttime="20231011 00:49:27.829" endtime="20231011 00:49:28.121"/>
</branch>
<branch type="ELSE IF" condition="'${showerror}' == 'Wrong Username And Password Combination'">
<kw name="Wait Until Page Contains" library="SeleniumLibrary">
<arg>${showerror}</arg>
<doc>Waits until ``text`` appears on the current page.</doc>
<status status="NOT RUN" starttime="20231011 00:49:28.122" endtime="20231011 00:49:28.122"/>
</kw>
<status status="NOT RUN" starttime="20231011 00:49:28.122" endtime="20231011 00:49:28.122"/>
</branch>
<branch type="ELSE">
<kw name="Wait Until Element Is Visible" library="SeleniumLibrary">
<arg>id=form-validation</arg>
<doc>Waits until the element ``locator`` is visible.</doc>
<status status="NOT RUN" starttime="20231011 00:49:28.122" endtime="20231011 00:49:28.122"/>
</kw>
<status status="NOT RUN" starttime="20231011 00:49:28.122" endtime="20231011 00:49:28.122"/>
</branch>
<status status="PASS" starttime="20231011 00:49:27.829" endtime="20231011 00:49:28.122"/>
</if>
<status status="PASS" starttime="20231011 00:49:27.411" endtime="20231011 00:49:28.122"/>
</kw>
<kw name="Sleep" library="BuiltIn">
<arg>2s</arg>
<doc>Pauses the test executed for the given time.</doc>
<msg timestamp="20231011 00:49:30.127" level="INFO">Slept 2 seconds</msg>
<status status="PASS" starttime="20231011 00:49:28.122" endtime="20231011 00:49:30.127"/>
</kw>
<status status="PASS" starttime="20231011 00:49:26.259" endtime="20231011 00:49:30.127"/>
</test>
<test id="s1-s2-t5" name="TC_LOGIN_005" line="24">
<kw name="Go To" library="SeleniumLibrary" type="SETUP">
<arg>http://localhost:3000/</arg>
<doc>Navigates the current browser window to the provided ``url``.</doc>
<msg timestamp="20231011 00:49:30.129" level="INFO">Opening url 'http://localhost:3000/'</msg>
<status status="PASS" starttime="20231011 00:49:30.129" endtime="20231011 00:49:31.265"/>
</kw>
<kw name="LOGIN SUCCESS" library="keywords">
<kw name="Login" library="keywords">
<arg>nam</arg>
<arg>123</arg>
<arg>showerror=</arg>
<kw name="Click Button" library="SeleniumLibrary">
<arg>id=link-login</arg>
<doc>Clicks the button identified by ``locator``.</doc>
<msg timestamp="20231011 00:49:31.267" level="INFO">Clicking button 'id=link-login'.</msg>
<status status="PASS" starttime="20231011 00:49:31.266" endtime="20231011 00:49:31.444"/>
</kw>
<kw name="Input Text" library="SeleniumLibrary">
<arg>name=username</arg>
<arg>${username}</arg>
<doc>Types the given ``text`` into the text field identified by ``locator``.</doc>
<msg timestamp="20231011 00:49:31.445" level="INFO">Typing text 'nam' into text field 'name=username'.</msg>
<status status="PASS" starttime="20231011 00:49:31.444" endtime="20231011 00:49:31.558"/>
</kw>
<kw name="Input Password" library="SeleniumLibrary">
<arg>name=password</arg>
<arg>${pwd}</arg>
<doc>Types the given password into the text field identified by ``locator``.</doc>
<msg timestamp="20231011 00:49:31.559" level="INFO">Typing password into text field 'name=password'.</msg>
<msg timestamp="20231011 00:49:31.587" level="INFO">Temporally setting log level to: NONE</msg>
<msg timestamp="20231011 00:49:31.640" level="INFO">Log level changed from NONE to INFO.</msg>
<status status="PASS" starttime="20231011 00:49:31.558" endtime="20231011 00:49:31.640"/>
</kw>
<kw name="Click Button" library="SeleniumLibrary">
<arg>id=submit</arg>
<doc>Clicks the button identified by ``locator``.</doc>
<msg timestamp="20231011 00:49:31.640" level="INFO">Clicking button 'id=submit'.</msg>
<status status="PASS" starttime="20231011 00:49:31.640" endtime="20231011 00:49:31.705"/>
</kw>
<if>
<branch type="IF" condition="&quot;${showerror}&quot; == &quot;User Doesn't Exist&quot;">
<kw name="Wait Until Page Contains" library="SeleniumLibrary">
<arg>${showerror}</arg>
<doc>Waits until ``text`` appears on the current page.</doc>
<status status="NOT RUN" starttime="20231011 00:49:31.706" endtime="20231011 00:49:31.706"/>
</kw>
<kw name="Click Link" library="SeleniumLibrary">
<arg>id=registration</arg>
<doc>Clicks a link identified by ``locator``.</doc>
<status status="NOT RUN" starttime="20231011 00:49:31.706" endtime="20231011 00:49:31.706"/>
</kw>
<kw name="Wait Until Page Contains" library="SeleniumLibrary">
<arg>Register</arg>
<doc>Waits until ``text`` appears on the current page.</doc>
<status status="NOT RUN" starttime="20231011 00:49:31.706" endtime="20231011 00:49:31.706"/>
</kw>
<status status="NOT RUN" starttime="20231011 00:49:31.705" endtime="20231011 00:49:31.706"/>
</branch>
<branch type="ELSE IF" condition="'${showerror}' == 'Wrong Username And Password Combination'">
<kw name="Wait Until Page Contains" library="SeleniumLibrary">
<arg>${showerror}</arg>
<doc>Waits until ``text`` appears on the current page.</doc>
<status status="NOT RUN" starttime="20231011 00:49:31.707" endtime="20231011 00:49:31.707"/>
</kw>
<status status="NOT RUN" starttime="20231011 00:49:31.707" endtime="20231011 00:49:31.707"/>
</branch>
<branch type="ELSE">
<kw name="Wait Until Element Is Visible" library="SeleniumLibrary">
<arg>id=form-validation</arg>
<doc>Waits until the element ``locator`` is visible.</doc>
<status status="PASS" starttime="20231011 00:49:31.708" endtime="20231011 00:49:31.726"/>
</kw>
<status status="PASS" starttime="20231011 00:49:31.707" endtime="20231011 00:49:31.726"/>
</branch>
<status status="PASS" starttime="20231011 00:49:31.705" endtime="20231011 00:49:31.726"/>
</if>
<status status="PASS" starttime="20231011 00:49:31.266" endtime="20231011 00:49:31.726"/>
</kw>
<kw name="Wait Until Page Contains" library="SeleniumLibrary">
<arg>nam</arg>
<doc>Waits until ``text`` appears on the current page.</doc>
<status status="PASS" starttime="20231011 00:49:31.726" endtime="20231011 00:49:31.735"/>
</kw>
<kw name="Sleep" library="BuiltIn">
<arg>2s</arg>
<doc>Pauses the test executed for the given time.</doc>
<msg timestamp="20231011 00:49:33.745" level="INFO">Slept 2 seconds</msg>
<status status="PASS" starttime="20231011 00:49:31.735" endtime="20231011 00:49:33.745"/>
</kw>
<status status="PASS" starttime="20231011 00:49:31.265" endtime="20231011 00:49:33.745"/>
</kw>
<kw name="Click Button" library="SeleniumLibrary">
<arg>id=logout</arg>
<doc>Clicks the button identified by ``locator``.</doc>
<msg timestamp="20231011 00:49:33.746" level="INFO">Clicking button 'id=logout'.</msg>
<status status="PASS" starttime="20231011 00:49:33.746" endtime="20231011 00:49:33.851"/>
</kw>
<kw name="Wait Until Page Contains" library="SeleniumLibrary">
<arg>เข้าสู่ระบบ</arg>
<doc>Waits until ``text`` appears on the current page.</doc>
<status status="PASS" starttime="20231011 00:49:33.852" endtime="20231011 00:49:33.942"/>
</kw>
<status status="PASS" starttime="20231011 00:49:30.128" endtime="20231011 00:49:33.942"/>
</test>
<status status="PASS" starttime="20231011 00:49:14.600" endtime="20231011 00:49:33.944"/>
</suite>
<suite id="s1-s3" name="3 Flight Oneway" source="C:\Users\USER\Desktop\React SKYAIRs\test\test SKYAIRs website\3_Flight_Oneway.robot">
<test id="s1-s3-t1" name="TC_FLIGHT_ONEWAY_001" line="8">
<kw name="Go To" library="SeleniumLibrary" type="SETUP">
<arg>http://localhost:3000/</arg>
<doc>Navigates the current browser window to the provided ``url``.</doc>
<msg timestamp="20231011 00:49:33.960" level="INFO">Opening url 'http://localhost:3000/'</msg>
<status status="PASS" starttime="20231011 00:49:33.959" endtime="20231011 00:49:35.399"/>
</kw>
<kw name="Click Link" library="SeleniumLibrary">
<arg>id=link-homepage-logo</arg>
<doc>Clicks a link identified by ``locator``.</doc>
<msg timestamp="20231011 00:49:35.401" level="INFO">Clicking link 'id=link-homepage-logo'.</msg>
<status status="PASS" starttime="20231011 00:49:35.400" endtime="20231011 00:49:35.603"/>
</kw>
<kw name="Wait Until Location Is" library="SeleniumLibrary">
<arg>http://localhost:3000/</arg>
<doc>Waits until the current URL is ``expected``.</doc>
<status status="PASS" starttime="20231011 00:49:35.604" endtime="20231011 00:49:35.668"/>
</kw>
<kw name="Click Link" library="SeleniumLibrary">
<arg>id=home</arg>
<doc>Clicks a link identified by ``locator``.</doc>
<msg timestamp="20231011 00:49:35.669" level="INFO">Clicking link 'id=home'.</msg>
<status status="PASS" starttime="20231011 00:49:35.669" endtime="20231011 00:49:35.756"/>
</kw>
<kw name="Wait Until Location Is" library="SeleniumLibrary">
<arg>http://localhost:3000/</arg>
<doc>Waits until the current URL is ``expected``.</doc>
<status status="PASS" starttime="20231011 00:49:35.757" endtime="20231011 00:49:35.781"/>
</kw>
<kw name="FLIGHT SEARCH" library="keywords">
<arg>OneWay</arg>
<arg>switch-button</arg>
<kw name="Click Button" library="SeleniumLibrary">
<arg>id=${type}</arg>
<doc>Clicks the button identified by ``locator``.</doc>
<msg timestamp="20231011 00:49:35.783" level="INFO">Clicking button 'id=OneWay'.</msg>
<status status="PASS" starttime="20231011 00:49:35.782" endtime="20231011 00:49:35.860"/>
</kw>
<kw name="Click Element" library="SeleniumLibrary">
<arg>id=from-flight</arg>
<doc>Click the element identified by ``locator``.</doc>
<msg timestamp="20231011 00:49:35.860" level="INFO">Clicking element 'id=from-flight'.</msg>
<status status="PASS" starttime="20231011 00:49:35.860" endtime="20231011 00:49:35.917"/>
</kw>
<kw name="Click Element" library="SeleniumLibrary">
<arg>id=BKK</arg>
<doc>Click the element identified by ``locator``.</doc>
<msg timestamp="20231011 00:49:35.917" level="INFO">Clicking element 'id=BKK'.</msg>
<status status="PASS" starttime="20231011 00:49:35.917" endtime="20231011 00:49:35.960"/>
</kw>
<kw name="Click Element" library="SeleniumLibrary">
<arg>id=go-flight</arg>
<doc>Click the element identified by ``locator``.</doc>
<msg timestamp="20231011 00:49:35.960" level="INFO">Clicking element 'id=go-flight'.</msg>
<status status="PASS" starttime="20231011 00:49:35.960" endtime="20231011 00:49:36.022"/>
</kw>
<kw name="Click Element" library="SeleniumLibrary">
<arg>id=KBV</arg>
<doc>Click the element identified by ``locator``.</doc>
<msg timestamp="20231011 00:49:36.022" level="INFO">Clicking element 'id=KBV'.</msg>
<status status="PASS" starttime="20231011 00:49:36.022" endtime="20231011 00:49:36.087"/>
</kw>
<kw name="Click Element" library="SeleniumLibrary">
<arg>id=button-from-date</arg>
<doc>Click the element identified by ``locator``.</doc>
<msg timestamp="20231011 00:49:36.087" level="INFO">Clicking element 'id=button-from-date'.</msg>
<status status="PASS" starttime="20231011 00:49:36.087" endtime="20231011 00:49:36.300"/>
</kw>
<kw name="Click Button" library="SeleniumLibrary">
<arg>xpath=//*[@id="button-from-select-date"]/div[1]/div[2]/button[1]</arg>
<doc>Clicks the button identified by ``locator``.</doc>
<msg timestamp="20231011 00:49:36.301" level="INFO">Clicking button 'xpath=//*[@id="button-from-select-date"]/div[1]/div[2]/button[1]'.</msg>
<status status="PASS" starttime="20231011 00:49:36.300" endtime="20231011 00:49:36.467"/>
</kw>
<kw name="Click Button" library="SeleniumLibrary">
<arg>xpath=//*[@id="button-from-select-date"]/div[2]/div/div[2]/div/div[5]/button[7]</arg>
<doc>Clicks the button identified by ``locator``.</doc>
<msg timestamp="20231011 00:49:36.467" level="INFO">Clicking button 'xpath=//*[@id="button-from-select-date"]/div[2]/div/div[2]/div/div[5]/button[7]'.</msg>
<status status="PASS" starttime="20231011 00:49:36.467" endtime="20231011 00:49:36.586"/>
</kw>
<if>
<branch type="IF" condition="'${switch}' == 'switch-button'">
<kw name="Click Button" library="SeleniumLibrary">
<arg>id=${switch}</arg>
<doc>Clicks the button identified by ``locator``.</doc>
<msg timestamp="20231011 00:49:36.586" level="INFO">Clicking button 'id=switch-button'.</msg>
<status status="PASS" starttime="20231011 00:49:36.586" endtime="20231011 00:49:36.664"/>
</kw>
<status status="PASS" starttime="20231011 00:49:36.586" endtime="20231011 00:49:36.664"/>
</branch>
<status status="PASS" starttime="20231011 00:49:36.586" endtime="20231011 00:49:36.664"/>
</if>
<kw name="Click Element" library="SeleniumLibrary">
<arg>id=seat-flight</arg>
<doc>Click the element identified by ``locator``.</doc>
<msg timestamp="20231011 00:49:36.664" level="INFO">Clicking element 'id=seat-flight'.</msg>
<status status="PASS" starttime="20231011 00:49:36.664" endtime="20231011 00:49:36.714"/>
</kw>
<kw name="Click Element" library="SeleniumLibrary">
<arg>id=Economy</arg>
<doc>Click the element identified by ``locator``.</doc>
<msg timestamp="20231011 00:49:36.714" level="INFO">Clicking element 'id=Economy'.</msg>
<status status="PASS" starttime="20231011 00:49:36.714" endtime="20231011 00:49:36.763"/>
</kw>
<kw name="Click Element" library="SeleniumLibrary">
<arg>id=search</arg>
<doc>Click the element identified by ``locator``.</doc>
<msg timestamp="20231011 00:49:36.763" level="INFO">Clicking element 'id=search'.</msg>
<status status="PASS" starttime="20231011 00:49:36.763" endtime="20231011 00:49:36.820"/>
</kw>
<status status="PASS" starttime="20231011 00:49:35.782" endtime="20231011 00:49:36.820"/>
</kw>
<kw name="Alert Should Be Present" library="SeleniumLibrary">
<arg>There is no information on the departure flight.</arg>
<arg>ACCEPT</arg>
<doc>Verifies that an alert is present and by default, accepts it.</doc>
<msg timestamp="20231011 00:49:36.822" level="INFO">HANDLE::&lt;class 'NoneType'&gt;::None</msg>
<status status="PASS" starttime="20231011 00:49:36.821" endtime="20231011 00:49:37.335"/>
</kw>
<status status="PASS" starttime="20231011 00:49:33.959" endtime="20231011 00:49:37.335"/>
</test>
<test id="s1-s3-t2" name="TC_FLIGHT_ONEWAY_002" line="16">
<kw name="Go To" library="SeleniumLibrary" type="SETUP">
<arg>http://localhost:3000/</arg>
<doc>Navigates the current browser window to the provided ``url``.</doc>
<msg timestamp="20231011 00:49:37.338" level="INFO">Opening url 'http://localhost:3000/'</msg>
<status status="PASS" starttime="20231011 00:49:37.338" endtime="20231011 00:49:38.485"/>
</kw>
<kw name="Click Link" library="SeleniumLibrary">
<arg>id=link-homepage-logo</arg>
<doc>Clicks a link identified by ``locator``.</doc>
<msg timestamp="20231011 00:49:38.488" level="INFO">Clicking link 'id=link-homepage-logo'.</msg>
<status status="PASS" starttime="20231011 00:49:38.487" endtime="20231011 00:49:38.659"/>
</kw>
<kw name="Wait Until Location Is" library="SeleniumLibrary">
<arg>http://localhost:3000/</arg>
<doc>Waits until the current URL is ``expected``.</doc>
<status status="PASS" starttime="20231011 00:49:38.660" endtime="20231011 00:49:38.709"/>
</kw>
<kw name="Click Link" library="SeleniumLibrary">
<arg>id=home</arg>
<doc>Clicks a link identified by ``locator``.</doc>
<msg timestamp="20231011 00:49:38.710" level="INFO">Clicking link 'id=home'.</msg>
<status status="PASS" starttime="20231011 00:49:38.710" endtime="20231011 00:49:38.841"/>
</kw>
<kw name="Wait Until Location Is" library="SeleniumLibrary">
<arg>http://localhost:3000/</arg>
<doc>Waits until the current URL is ``expected``.</doc>
<status status="PASS" starttime="20231011 00:49:38.841" endtime="20231011 00:49:38.865"/>
</kw>
<kw name="FLIGHT SEARCH" library="keywords">
<arg>OneWay</arg>
<arg>switch=</arg>
<kw name="Click Button" library="SeleniumLibrary">
<arg>id=${type}</arg>
<doc>Clicks the button identified by ``locator``.</doc>
<msg timestamp="20231011 00:49:38.867" level="INFO">Clicking button 'id=OneWay'.</msg>
<status status="PASS" starttime="20231011 00:49:38.866" endtime="20231011 00:49:38.930"/>
</kw>
<kw name="Click Element" library="SeleniumLibrary">
<arg>id=from-flight</arg>
<doc>Click the element identified by ``locator``.</doc>
<msg timestamp="20231011 00:49:38.930" level="INFO">Clicking element 'id=from-flight'.</msg>
<status status="PASS" starttime="20231011 00:49:38.930" endtime="20231011 00:49:38.975"/>
</kw>
<kw name="Click Element" library="SeleniumLibrary">
<arg>id=BKK</arg>
<doc>Click the element identified by ``locator``.</doc>
<msg timestamp="20231011 00:49:38.975" level="INFO">Clicking element 'id=BKK'.</msg>
<status status="PASS" starttime="20231011 00:49:38.975" endtime="20231011 00:49:39.019"/>
</kw>
<kw name="Click Element" library="SeleniumLibrary">
<arg>id=go-flight</arg>
<doc>Click the element identified by ``locator``.</doc>
<msg timestamp="20231011 00:49:39.019" level="INFO">Clicking element 'id=go-flight'.</msg>
<status status="PASS" starttime="20231011 00:49:39.019" endtime="20231011 00:49:39.066"/>
</kw>
<kw name="Click Element" library="SeleniumLibrary">
<arg>id=KBV</arg>
<doc>Click the element identified by ``locator``.</doc>
<msg timestamp="20231011 00:49:39.066" level="INFO">Clicking element 'id=KBV'.</msg>
<status status="PASS" starttime="20231011 00:49:39.066" endtime="20231011 00:49:39.113"/>
</kw>
<kw name="Click Element" library="SeleniumLibrary">
<arg>id=button-from-date</arg>
<doc>Click the element identified by ``locator``.</doc>
<msg timestamp="20231011 00:49:39.113" level="INFO">Clicking element 'id=button-from-date'.</msg>
<status status="PASS" starttime="20231011 00:49:39.113" endtime="20231011 00:49:39.349"/>
</kw>
<kw name="Click Button" library="SeleniumLibrary">
<arg>xpath=//*[@id="button-from-select-date"]/div[1]/div[2]/button[1]</arg>
<doc>Clicks the button identified by ``locator``.</doc>
<msg timestamp="20231011 00:49:39.350" level="INFO">Clicking button 'xpath=//*[@id="button-from-select-date"]/div[1]/div[2]/button[1]'.</msg>
<status status="PASS" starttime="20231011 00:49:39.349" endtime="20231011 00:49:39.527"/>
</kw>
<kw name="Click Button" library="SeleniumLibrary">
<arg>xpath=//*[@id="button-from-select-date"]/div[2]/div/div[2]/div/div[5]/button[7]</arg>
<doc>Clicks the button identified by ``locator``.</doc>
<msg timestamp="20231011 00:49:39.527" level="INFO">Clicking button 'xpath=//*[@id="button-from-select-date"]/div[2]/div/div[2]/div/div[5]/button[7]'.</msg>
<status status="PASS" starttime="20231011 00:49:39.527" endtime="20231011 00:49:39.636"/>
</kw>
<if>
<branch type="IF" condition="'${switch}' == 'switch-button'">
<kw name="Click Button" library="SeleniumLibrary">
<arg>id=${switch}</arg>
<doc>Clicks the button identified by ``locator``.</doc>
<status status="NOT RUN" starttime="20231011 00:49:39.636" endtime="20231011 00:49:39.636"/>
</kw>
<status status="NOT RUN" starttime="20231011 00:49:39.636" endtime="20231011 00:49:39.636"/>
</branch>
<status status="PASS" starttime="20231011 00:49:39.636" endtime="20231011 00:49:39.636"/>
</if>
<kw name="Click Element" library="SeleniumLibrary">
<arg>id=seat-flight</arg>
<doc>Click the element identified by ``locator``.</doc>
<msg timestamp="20231011 00:49:39.636" level="INFO">Clicking element 'id=seat-flight'.</msg>
<status status="PASS" starttime="20231011 00:49:39.636" endtime="20231011 00:49:39.678"/>
</kw>
<kw name="Click Element" library="SeleniumLibrary">
<arg>id=Economy</arg>
<doc>Click the element identified by ``locator``.</doc>
<msg timestamp="20231011 00:49:39.678" level="INFO">Clicking element 'id=Economy'.</msg>
<status status="PASS" starttime="20231011 00:49:39.678" endtime="20231011 00:49:39.719"/>
</kw>
<kw name="Click Element" library="SeleniumLibrary">
<arg>id=search</arg>
<doc>Click the element identified by ``locator``.</doc>
<msg timestamp="20231011 00:49:39.721" level="INFO">Clicking element 'id=search'.</msg>
<status status="PASS" starttime="20231011 00:49:39.719" endtime="20231011 00:49:39.761"/>
</kw>
<status status="PASS" starttime="20231011 00:49:38.866" endtime="20231011 00:49:39.762"/>
</kw>
<kw name="Wait Until Page Contains" library="SeleniumLibrary">
<arg>เที่ยวบินขาออก</arg>
<doc>Waits until ``text`` appears on the current page.</doc>
<status status="PASS" starttime="20231011 00:49:39.763" endtime="20231011 00:49:40.857"/>
</kw>
<status status="PASS" starttime="20231011 00:49:37.336" endtime="20231011 00:49:40.857"/>
</test>
<test id="s1-s3-t3" name="TC_FLIGHT_ONEWAY_003" line="24">
<kw name="Go To" library="SeleniumLibrary" type="SETUP">
<arg>http://localhost:3000/</arg>
<doc>Navigates the current browser window to the provided ``url``.</doc>
<msg timestamp="20231011 00:49:40.857" level="INFO">Opening url 'http://localhost:3000/'</msg>
<status status="PASS" starttime="20231011 00:49:40.857" endtime="20231011 00:49:42.025"/>
</kw>
<kw name="Click Link" library="SeleniumLibrary">
<arg>เที่ยวบิน</arg>
<doc>Clicks a link identified by ``locator``.</doc>
<msg timestamp="20231011 00:49:42.027" level="INFO">Clicking link 'เที่ยวบิน'.</msg>
<status status="PASS" starttime="20231011 00:49:42.026" endtime="20231011 00:49:42.185"/>
</kw>
<kw name="Wait Until Location Is" library="SeleniumLibrary">
<arg>http://localhost:3000/flight</arg>
<doc>Waits until the current URL is ``expected``.</doc>
<status status="PASS" starttime="20231011 00:49:42.186" endtime="20231011 00:49:43.243"/>
</kw>
<kw name="Click Button" library="SeleniumLibrary">
<arg>id=changeFlight</arg>
<doc>Clicks the button identified by ``locator``.</doc>
<msg timestamp="20231011 00:49:43.243" level="INFO">Clicking button 'id=changeFlight'.</msg>
<status status="PASS" starttime="20231011 00:49:43.243" endtime="20231011 00:49:43.320"/>
</kw>
<kw name="Sleep" library="BuiltIn">
<arg>1s</arg>
<doc>Pauses the test executed for the given time.</doc>
<msg timestamp="20231011 00:49:44.327" level="INFO">Slept 1 second</msg>
<status status="PASS" starttime="20231011 00:49:43.321" endtime="20231011 00:49:44.327"/>
</kw>
<kw name="FLIGHT SEARCH" library="keywords">
<arg>OneWay</arg>
<arg>switch-button</arg>
<kw name="Click Button" library="SeleniumLibrary">
<arg>id=${type}</arg>
<doc>Clicks the button identified by ``locator``.</doc>
<msg timestamp="20231011 00:49:44.327" level="INFO">Clicking button 'id=OneWay'.</msg>
<status status="PASS" starttime="20231011 00:49:44.327" endtime="20231011 00:49:44.393"/>
</kw>
<kw name="Click Element" library="SeleniumLibrary">
<arg>id=from-flight</arg>
<doc>Click the element identified by ``locator``.</doc>
<msg timestamp="20231011 00:49:44.394" level="INFO">Clicking element 'id=from-flight'.</msg>
<status status="PASS" starttime="20231011 00:49:44.393" endtime="20231011 00:49:44.443"/>
</kw>
<kw name="Click Element" library="SeleniumLibrary">
<arg>id=BKK</arg>
<doc>Click the element identified by ``locator``.</doc>
<msg timestamp="20231011 00:49:44.443" level="INFO">Clicking element 'id=BKK'.</msg>
<status status="PASS" starttime="20231011 00:49:44.443" endtime="20231011 00:49:44.496"/>
</kw>
<kw name="Click Element" library="SeleniumLibrary">
<arg>id=go-flight</arg>
<doc>Click the element identified by ``locator``.</doc>
<msg timestamp="20231011 00:49:44.496" level="INFO">Clicking element 'id=go-flight'.</msg>
<status status="PASS" starttime="20231011 00:49:44.496" endtime="20231011 00:49:44.542"/>
</kw>
<kw name="Click Element" library="SeleniumLibrary">
<arg>id=KBV</arg>
<doc>Click the element identified by ``locator``.</doc>
<msg timestamp="20231011 00:49:44.542" level="INFO">Clicking element 'id=KBV'.</msg>
<status status="PASS" starttime="20231011 00:49:44.542" endtime="20231011 00:49:44.588"/>
</kw>
<kw name="Click Element" library="SeleniumLibrary">
<arg>id=button-from-date</arg>
<doc>Click the element identified by ``locator``.</doc>
<msg timestamp="20231011 00:49:44.588" level="INFO">Clicking element 'id=button-from-date'.</msg>
<status status="PASS" starttime="20231011 00:49:44.588" endtime="20231011 00:49:44.767"/>
</kw>
<kw name="Click Button" library="SeleniumLibrary">
<arg>xpath=//*[@id="button-from-select-date"]/div[1]/div[2]/button[1]</arg>
<doc>Clicks the button identified by ``locator``.</doc>
<msg timestamp="20231011 00:49:44.768" level="INFO">Clicking button 'xpath=//*[@id="button-from-select-date"]/div[1]/div[2]/button[1]'.</msg>
<status status="PASS" starttime="20231011 00:49:44.767" endtime="20231011 00:49:44.930"/>
</kw>
<kw name="Click Button" library="SeleniumLibrary">
<arg>xpath=//*[@id="button-from-select-date"]/div[2]/div/div[2]/div/div[5]/button[7]</arg>
<doc>Clicks the button identified by ``locator``.</doc>
<msg timestamp="20231011 00:49:44.930" level="INFO">Clicking button 'xpath=//*[@id="button-from-select-date"]/div[2]/div/div[2]/div/div[5]/button[7]'.</msg>
<status status="PASS" starttime="20231011 00:49:44.930" endtime="20231011 00:49:45.041"/>
</kw>
<if>
<branch type="IF" condition="'${switch}' == 'switch-button'">
<kw name="Click Button" library="SeleniumLibrary">
<arg>id=${switch}</arg>
<doc>Clicks the button identified by ``locator``.</doc>
<msg timestamp="20231011 00:49:45.041" level="INFO">Clicking button 'id=switch-button'.</msg>
<status status="PASS" starttime="20231011 00:49:45.041" endtime="20231011 00:49:45.096"/>
</kw>
<status status="PASS" starttime="20231011 00:49:45.041" endtime="20231011 00:49:45.096"/>
</branch>
<status status="PASS" starttime="20231011 00:49:45.041" endtime="20231011 00:49:45.096"/>
</if>
<kw name="Click Element" library="SeleniumLibrary">
<arg>id=seat-flight</arg>
<doc>Click the element identified by ``locator``.</doc>
<msg timestamp="20231011 00:49:45.096" level="INFO">Clicking element 'id=seat-flight'.</msg>
<status status="PASS" starttime="20231011 00:49:45.096" endtime="20231011 00:49:45.142"/>
</kw>
<kw name="Click Element" library="SeleniumLibrary">
<arg>id=Economy</arg>
<doc>Click the element identified by ``locator``.</doc>
<msg timestamp="20231011 00:49:45.142" level="INFO">Clicking element 'id=Economy'.</msg>
<status status="PASS" starttime="20231011 00:49:45.142" endtime="20231011 00:49:45.185"/>
</kw>
<kw name="Click Element" library="SeleniumLibrary">
<arg>id=search</arg>
<doc>Click the element identified by ``locator``.</doc>
<msg timestamp="20231011 00:49:45.185" level="INFO">Clicking element 'id=search'.</msg>
<status status="PASS" starttime="20231011 00:49:45.185" endtime="20231011 00:49:45.229"/>
</kw>
<status status="PASS" starttime="20231011 00:49:44.327" endtime="20231011 00:49:45.229"/>
</kw>
<kw name="Alert Should Be Present" library="SeleniumLibrary">
<arg>There is no information on the departure flight.</arg>
<arg>ACCEPT</arg>
<doc>Verifies that an alert is present and by default, accepts it.</doc>
<msg timestamp="20231011 00:49:45.231" level="INFO">HANDLE::&lt;class 'NoneType'&gt;::None</msg>
<status status="PASS" starttime="20231011 00:49:45.231" endtime="20231011 00:49:45.742"/>
</kw>
<status status="PASS" starttime="20231011 00:49:40.857" endtime="20231011 00:49:45.743"/>
</test>
<test id="s1-s3-t4" name="TC_FLIGHT_ONEWAY_004" line="32">
<kw name="Go To" library="SeleniumLibrary" type="SETUP">
<arg>http://localhost:3000/</arg>
<doc>Navigates the current browser window to the provided ``url``.</doc>
<msg timestamp="20231011 00:49:45.746" level="INFO">Opening url 'http://localhost:3000/'</msg>
<status status="PASS" starttime="20231011 00:49:45.746" endtime="20231011 00:49:47.015"/>
</kw>
<kw name="Flight search oneway success" library="keywords">
<kw name="Click Link" library="SeleniumLibrary">
<arg>เที่ยวบิน</arg>
<doc>Clicks a link identified by ``locator``.</doc>
<msg timestamp="20231011 00:49:47.017" level="INFO">Clicking link 'เที่ยวบิน'.</msg>
<status status="PASS" starttime="20231011 00:49:47.017" endtime="20231011 00:49:47.165"/>
</kw>
<kw name="Wait Until Location Is" library="SeleniumLibrary">
<arg>http://localhost:3000/flight</arg>
<doc>Waits until the current URL is ``expected``.</doc>
<status status="PASS" starttime="20231011 00:49:47.165" endtime="20231011 00:49:48.208"/>
</kw>
<kw name="Click Button" library="SeleniumLibrary">
<arg>id=changeFlight</arg>
<doc>Clicks the button identified by ``locator``.</doc>
<msg timestamp="20231011 00:49:48.208" level="INFO">Clicking button 'id=changeFlight'.</msg>
<status status="PASS" starttime="20231011 00:49:48.208" endtime="20231011 00:49:48.269"/>
</kw>
<kw name="Sleep" library="BuiltIn">
<arg>1s</arg>
<doc>Pauses the test executed for the given time.</doc>
<msg timestamp="20231011 00:49:49.283" level="INFO">Slept 1 second</msg>
<status status="PASS" starttime="20231011 00:49:48.269" endtime="20231011 00:49:49.283"/>
</kw>
<kw name="FLIGHT SEARCH" library="keywords">
<arg>OneWay</arg>
<arg>switch=</arg>
<kw name="Click Button" library="SeleniumLibrary">
<arg>id=${type}</arg>
<doc>Clicks the button identified by ``locator``.</doc>
<msg timestamp="20231011 00:49:49.283" level="INFO">Clicking button 'id=OneWay'.</msg>
<status status="PASS" starttime="20231011 00:49:49.283" endtime="20231011 00:49:49.339"/>
</kw>
<kw name="Click Element" library="SeleniumLibrary">
<arg>id=from-flight</arg>
<doc>Click the element identified by ``locator``.</doc>
<msg timestamp="20231011 00:49:49.339" level="INFO">Clicking element 'id=from-flight'.</msg>
<status status="PASS" starttime="20231011 00:49:49.339" endtime="20231011 00:49:49.391"/>
</kw>
<kw name="Click Element" library="SeleniumLibrary">
<arg>id=BKK</arg>
<doc>Click the element identified by ``locator``.</doc>
<msg timestamp="20231011 00:49:49.391" level="INFO">Clicking element 'id=BKK'.</msg>
<status status="PASS" starttime="20231011 00:49:49.391" endtime="20231011 00:49:49.438"/>
</kw>
<kw name="Click Element" library="SeleniumLibrary">
<arg>id=go-flight</arg>
<doc>Click the element identified by ``locator``.</doc>
<msg timestamp="20231011 00:49:49.438" level="INFO">Clicking element 'id=go-flight'.</msg>
<status status="PASS" starttime="20231011 00:49:49.438" endtime="20231011 00:49:49.484"/>
</kw>
<kw name="Click Element" library="SeleniumLibrary">
<arg>id=KBV</arg>
<doc>Click the element identified by ``locator``.</doc>
<msg timestamp="20231011 00:49:49.484" level="INFO">Clicking element 'id=KBV'.</msg>
<status status="PASS" starttime="20231011 00:49:49.484" endtime="20231011 00:49:49.530"/>
</kw>
<kw name="Click Element" library="SeleniumLibrary">
<arg>id=button-from-date</arg>
<doc>Click the element identified by ``locator``.</doc>
<msg timestamp="20231011 00:49:49.530" level="INFO">Clicking element 'id=button-from-date'.</msg>
<status status="PASS" starttime="20231011 00:49:49.530" endtime="20231011 00:49:49.706"/>
</kw>
<kw name="Click Button" library="SeleniumLibrary">
<arg>xpath=//*[@id="button-from-select-date"]/div[1]/div[2]/button[1]</arg>
<doc>Clicks the button identified by ``locator``.</doc>
<msg timestamp="20231011 00:49:49.707" level="INFO">Clicking button 'xpath=//*[@id="button-from-select-date"]/div[1]/div[2]/button[1]'.</msg>
<status status="PASS" starttime="20231011 00:49:49.706" endtime="20231011 00:49:49.869"/>
</kw>
<kw name="Click Button" library="SeleniumLibrary">
<arg>xpath=//*[@id="button-from-select-date"]/div[2]/div/div[2]/div/div[5]/button[7]</arg>
<doc>Clicks the button identified by ``locator``.</doc>
<msg timestamp="20231011 00:49:49.871" level="INFO">Clicking button 'xpath=//*[@id="button-from-select-date"]/div[2]/div/div[2]/div/div[5]/button[7]'.</msg>
<status status="PASS" starttime="20231011 00:49:49.869" endtime="20231011 00:49:49.981"/>
</kw>
<if>
<branch type="IF" condition="'${switch}' == 'switch-button'">
<kw name="Click Button" library="SeleniumLibrary">
<arg>id=${switch}</arg>
<doc>Clicks the button identified by ``locator``.</doc>
<status status="NOT RUN" starttime="20231011 00:49:49.981" endtime="20231011 00:49:49.981"/>
</kw>
<status status="NOT RUN" starttime="20231011 00:49:49.981" endtime="20231011 00:49:49.981"/>
</branch>
<status status="PASS" starttime="20231011 00:49:49.981" endtime="20231011 00:49:49.981"/>
</if>
<kw name="Click Element" library="SeleniumLibrary">
<arg>id=seat-flight</arg>
<doc>Click the element identified by ``locator``.</doc>
<msg timestamp="20231011 00:49:49.981" level="INFO">Clicking element 'id=seat-flight'.</msg>
<status status="PASS" starttime="20231011 00:49:49.981" endtime="20231011 00:49:50.023"/>
</kw>
<kw name="Click Element" library="SeleniumLibrary">
<arg>id=Economy</arg>
<doc>Click the element identified by ``locator``.</doc>
<msg timestamp="20231011 00:49:50.023" level="INFO">Clicking element 'id=Economy'.</msg>
<status status="PASS" starttime="20231011 00:49:50.023" endtime="20231011 00:49:50.065"/>
</kw>
<kw name="Click Element" library="SeleniumLibrary">
<arg>id=search</arg>
<doc>Click the element identified by ``locator``.</doc>
<msg timestamp="20231011 00:49:50.065" level="INFO">Clicking element 'id=search'.</msg>
<status status="PASS" starttime="20231011 00:49:50.065" endtime="20231011 00:49:50.113"/>
</kw>
<status status="PASS" starttime="20231011 00:49:49.283" endtime="20231011 00:49:50.113"/>
</kw>
<kw name="Wait Until Page Contains" library="SeleniumLibrary">
<arg>เที่ยวบินขาออก</arg>
<doc>Waits until ``text`` appears on the current page.</doc>
<status status="PASS" starttime="20231011 00:49:50.113" endtime="20231011 00:49:50.356"/>
</kw>
<status status="PASS" starttime="20231011 00:49:47.016" endtime="20231011 00:49:50.356"/>
</kw>
<status status="PASS" starttime="20231011 00:49:45.743" endtime="20231011 00:49:50.356"/>
</test>
<test id="s1-s3-t5" name="TC_FLIGHT_ONEWAY_005" line="35">
<kw name="Go To" library="SeleniumLibrary" type="SETUP">
<arg>http://localhost:3000/</arg>
<doc>Navigates the current browser window to the provided ``url``.</doc>
<msg timestamp="20231011 00:49:50.358" level="INFO">Opening url 'http://localhost:3000/'</msg>
<status status="PASS" starttime="20231011 00:49:50.358" endtime="20231011 00:49:51.732"/>
</kw>
<kw name="Flight search oneway success" library="keywords">
<kw name="Click Link" library="SeleniumLibrary">
<arg>เที่ยวบิน</arg>
<doc>Clicks a link identified by ``locator``.</doc>
<msg timestamp="20231011 00:49:51.734" level="INFO">Clicking link 'เที่ยวบิน'.</msg>
<status status="PASS" starttime="20231011 00:49:51.733" endtime="20231011 00:49:51.885"/>
</kw>
<kw name="Wait Until Location Is" library="SeleniumLibrary">
<arg>http://localhost:3000/flight</arg>
<doc>Waits until the current URL is ``expected``.</doc>
<status status="PASS" starttime="20231011 00:49:51.885" endtime="20231011 00:49:52.965"/>
</kw>
<kw name="Click Button" library="SeleniumLibrary">
<arg>id=changeFlight</arg>
<doc>Clicks the button identified by ``locator``.</doc>
<msg timestamp="20231011 00:49:52.966" level="INFO">Clicking button 'id=changeFlight'.</msg>
<status status="PASS" starttime="20231011 00:49:52.965" endtime="20231011 00:49:53.023"/>
</kw>
<kw name="Sleep" library="BuiltIn">
<arg>1s</arg>
<doc>Pauses the test executed for the given time.</doc>
<msg timestamp="20231011 00:49:54.025" level="INFO">Slept 1 second</msg>
<status status="PASS" starttime="20231011 00:49:53.023" endtime="20231011 00:49:54.025"/>
</kw>
<kw name="FLIGHT SEARCH" library="keywords">
<arg>OneWay</arg>
<arg>switch=</arg>
<kw name="Click Button" library="SeleniumLibrary">
<arg>id=${type}</arg>
<doc>Clicks the button identified by ``locator``.</doc>
<msg timestamp="20231011 00:49:54.025" level="INFO">Clicking button 'id=OneWay'.</msg>
<status status="PASS" starttime="20231011 00:49:54.025" endtime="20231011 00:49:54.082"/>
</kw>
<kw name="Click Element" library="SeleniumLibrary">
<arg>id=from-flight</arg>
<doc>Click the element identified by ``locator``.</doc>
<msg timestamp="20231011 00:49:54.082" level="INFO">Clicking element 'id=from-flight'.</msg>
<status status="PASS" starttime="20231011 00:49:54.082" endtime="20231011 00:49:54.132"/>
</kw>
<kw name="Click Element" library="SeleniumLibrary">
<arg>id=BKK</arg>
<doc>Click the element identified by ``locator``.</doc>
<msg timestamp="20231011 00:49:54.132" level="INFO">Clicking element 'id=BKK'.</msg>
<status status="PASS" starttime="20231011 00:49:54.132" endtime="20231011 00:49:54.184"/>
</kw>
<kw name="Click Element" library="SeleniumLibrary">
<arg>id=go-flight</arg>
<doc>Click the element identified by ``locator``.</doc>
<msg timestamp="20231011 00:49:54.184" level="INFO">Clicking element 'id=go-flight'.</msg>
<status status="PASS" starttime="20231011 00:49:54.184" endtime="20231011 00:49:54.231"/>
</kw>
<kw name="Click Element" library="SeleniumLibrary">
<arg>id=KBV</arg>
<doc>Click the element identified by ``locator``.</doc>
<msg timestamp="20231011 00:49:54.231" level="INFO">Clicking element 'id=KBV'.</msg>
<status status="PASS" starttime="20231011 00:49:54.231" endtime="20231011 00:49:54.278"/>
</kw>
<kw name="Click Element" library="SeleniumLibrary">
<arg>id=button-from-date</arg>
<doc>Click the element identified by ``locator``.</doc>
<msg timestamp="20231011 00:49:54.278" level="INFO">Clicking element 'id=button-from-date'.</msg>
<status status="PASS" starttime="20231011 00:49:54.278" endtime="20231011 00:49:54.457"/>
</kw>
<kw name="Click Button" library="SeleniumLibrary">
<arg>xpath=//*[@id="button-from-select-date"]/div[1]/div[2]/button[1]</arg>
<doc>Clicks the button identified by ``locator``.</doc>
<msg timestamp="20231011 00:49:54.457" level="INFO">Clicking button 'xpath=//*[@id="button-from-select-date"]/div[1]/div[2]/button[1]'.</msg>
<status status="PASS" starttime="20231011 00:49:54.457" endtime="20231011 00:49:54.613"/>
</kw>
<kw name="Click Button" library="SeleniumLibrary">
<arg>xpath=//*[@id="button-from-select-date"]/div[2]/div/div[2]/div/div[5]/button[7]</arg>
<doc>Clicks the button identified by ``locator``.</doc>
<msg timestamp="20231011 00:49:54.613" level="INFO">Clicking button 'xpath=//*[@id="button-from-select-date"]/div[2]/div/div[2]/div/div[5]/button[7]'.</msg>
<status status="PASS" starttime="20231011 00:49:54.613" endtime="20231011 00:49:54.715"/>
</kw>
<if>
<branch type="IF" condition="'${switch}' == 'switch-button'">
<kw name="Click Button" library="SeleniumLibrary">
<arg>id=${switch}</arg>
<doc>Clicks the button identified by ``locator``.</doc>
<status status="NOT RUN" starttime="20231011 00:49:54.715" endtime="20231011 00:49:54.715"/>
</kw>
<status status="NOT RUN" starttime="20231011 00:49:54.715" endtime="20231011 00:49:54.715"/>
</branch>
<status status="PASS" starttime="20231011 00:49:54.715" endtime="20231011 00:49:54.715"/>
</if>
<kw name="Click Element" library="SeleniumLibrary">
<arg>id=seat-flight</arg>
<doc>Click the element identified by ``locator``.</doc>
<msg timestamp="20231011 00:49:54.715" level="INFO">Clicking element 'id=seat-flight'.</msg>
<status status="PASS" starttime="20231011 00:49:54.715" endtime="20231011 00:49:54.753"/>
</kw>
<kw name="Click Element" library="SeleniumLibrary">
<arg>id=Economy</arg>
<doc>Click the element identified by ``locator``.</doc>
<msg timestamp="20231011 00:49:54.755" level="INFO">Clicking element 'id=Economy'.</msg>
<status status="PASS" starttime="20231011 00:49:54.753" endtime="20231011 00:49:54.795"/>
</kw>
<kw name="Click Element" library="SeleniumLibrary">
<arg>id=search</arg>
<doc>Click the element identified by ``locator``.</doc>
<msg timestamp="20231011 00:49:54.796" level="INFO">Clicking element 'id=search'.</msg>
<status status="PASS" starttime="20231011 00:49:54.796" endtime="20231011 00:49:54.834"/>
</kw>
<status status="PASS" starttime="20231011 00:49:54.025" endtime="20231011 00:49:54.834"/>
</kw>
<kw name="Wait Until Page Contains" library="SeleniumLibrary">
<arg>เที่ยวบินขาออก</arg>
<doc>Waits until ``text`` appears on the current page.</doc>
<status status="PASS" starttime="20231011 00:49:54.834" endtime="20231011 00:49:55.096"/>
</kw>
<status status="PASS" starttime="20231011 00:49:51.733" endtime="20231011 00:49:55.096"/>
</kw>
<kw name="Click Button" library="SeleniumLibrary">
<arg>id=submit-0</arg>
<doc>Clicks the button identified by ``locator``.</doc>
<msg timestamp="20231011 00:49:55.096" level="INFO">Clicking button 'id=submit-0'.</msg>
<status status="PASS" starttime="20231011 00:49:55.096" endtime="20231011 00:49:55.181"/>
</kw>
<kw name="Wait Until Location Is" library="SeleniumLibrary">
<arg>http://localhost:3000/flight/confirm</arg>
<doc>Waits until the current URL is ``expected``.</doc>
<status status="PASS" starttime="20231011 00:49:55.181" endtime="20231011 00:49:55.666"/>
</kw>
<kw name="Wait Until Page Contains" library="SeleniumLibrary">
<arg>TF001</arg>
<doc>Waits until ``text`` appears on the current page.</doc>
<status status="PASS" starttime="20231011 00:49:55.667" endtime="20231011 00:49:55.694"/>
</kw>
<status status="PASS" starttime="20231011 00:49:50.357" endtime="20231011 00:49:55.695"/>
</test>
<test id="s1-s3-t6" name="TC_FLIGHT_ONEWAY_006" line="41">
<kw name="Go To" library="SeleniumLibrary" type="SETUP">
<arg>http://localhost:3000/</arg>
<doc>Navigates the current browser window to the provided ``url``.</doc>
<msg timestamp="20231011 00:49:55.697" level="INFO">Opening url 'http://localhost:3000/'</msg>
<status status="PASS" starttime="20231011 00:49:55.696" endtime="20231011 00:49:56.799"/>
</kw>
<kw name="Flight search oneway success" library="keywords">
<kw name="Click Link" library="SeleniumLibrary">
<arg>เที่ยวบิน</arg>
<doc>Clicks a link identified by ``locator``.</doc>
<msg timestamp="20231011 00:49:56.800" level="INFO">Clicking link 'เที่ยวบิน'.</msg>
<status status="PASS" starttime="20231011 00:49:56.800" endtime="20231011 00:49:57.000"/>
</kw>
<kw name="Wait Until Location Is" library="SeleniumLibrary">
<arg>http://localhost:3000/flight</arg>
<doc>Waits until the current URL is ``expected``.</doc>
<status status="PASS" starttime="20231011 00:49:57.000" endtime="20231011 00:49:58.323"/>
</kw>
<kw name="Click Button" library="SeleniumLibrary">
<arg>id=changeFlight</arg>
<doc>Clicks the button identified by ``locator``.</doc>
<msg timestamp="20231011 00:49:58.323" level="INFO">Clicking button 'id=changeFlight'.</msg>
<status status="PASS" starttime="20231011 00:49:58.323" endtime="20231011 00:49:58.385"/>
</kw>
<kw name="Sleep" library="BuiltIn">
<arg>1s</arg>
<doc>Pauses the test executed for the given time.</doc>
<msg timestamp="20231011 00:49:59.393" level="INFO">Slept 1 second</msg>
<status status="PASS" starttime="20231011 00:49:58.385" endtime="20231011 00:49:59.393"/>
</kw>
<kw name="FLIGHT SEARCH" library="keywords">
<arg>OneWay</arg>
<arg>switch=</arg>
<kw name="Click Button" library="SeleniumLibrary">
<arg>id=${type}</arg>
<doc>Clicks the button identified by ``locator``.</doc>
<msg timestamp="20231011 00:49:59.393" level="INFO">Clicking button 'id=OneWay'.</msg>
<status status="PASS" starttime="20231011 00:49:59.393" endtime="20231011 00:49:59.538"/>
</kw>
<kw name="Click Element" library="SeleniumLibrary">
<arg>id=from-flight</arg>
<doc>Click the element identified by ``locator``.</doc>
<msg timestamp="20231011 00:49:59.538" level="INFO">Clicking element 'id=from-flight'.</msg>
<status status="PASS" starttime="20231011 00:49:59.538" endtime="20231011 00:49:59.601"/>
</kw>
<kw name="Click Element" library="SeleniumLibrary">
<arg>id=BKK</arg>
<doc>Click the element identified by ``locator``.</doc>
<msg timestamp="20231011 00:49:59.601" level="INFO">Clicking element 'id=BKK'.</msg>
<status status="PASS" starttime="20231011 00:49:59.601" endtime="20231011 00:49:59.652"/>
</kw>
<kw name="Click Element" library="SeleniumLibrary">
<arg>id=go-flight</arg>
<doc>Click the element identified by ``locator``.</doc>
<msg timestamp="20231011 00:49:59.652" level="INFO">Clicking element 'id=go-flight'.</msg>
<status status="PASS" starttime="20231011 00:49:59.652" endtime="20231011 00:49:59.699"/>
</kw>
<kw name="Click Element" library="SeleniumLibrary">
<arg>id=KBV</arg>
<doc>Click the element identified by ``locator``.</doc>
<msg timestamp="20231011 00:49:59.699" level="INFO">Clicking element 'id=KBV'.</msg>
<status status="PASS" starttime="20231011 00:49:59.699" endtime="20231011 00:49:59.757"/>
</kw>
<kw name="Click Element" library="SeleniumLibrary">
<arg>id=button-from-date</arg>
<doc>Click the element identified by ``locator``.</doc>
<msg timestamp="20231011 00:49:59.757" level="INFO">Clicking element 'id=button-from-date'.</msg>
<status status="PASS" starttime="20231011 00:49:59.757" endtime="20231011 00:49:59.978"/>
</kw>
<kw name="Click Button" library="SeleniumLibrary">
<arg>xpath=//*[@id="button-from-select-date"]/div[1]/div[2]/button[1]</arg>
<doc>Clicks the button identified by ``locator``.</doc>
<msg timestamp="20231011 00:49:59.978" level="INFO">Clicking button 'xpath=//*[@id="button-from-select-date"]/div[1]/div[2]/button[1]'.</msg>
<status status="PASS" starttime="20231011 00:49:59.978" endtime="20231011 00:50:00.201"/>
</kw>
<kw name="Click Button" library="SeleniumLibrary">
<arg>xpath=//*[@id="button-from-select-date"]/div[2]/div/div[2]/div/div[5]/button[7]</arg>
<doc>Clicks the button identified by ``locator``.</doc>
[...]
<arg>id=KBV</arg>
<doc>Click the element identified by ``locator``.</doc>
<msg timestamp="20231011 00:51:02.676" level="INFO">Clicking element 'id=KBV'.</msg>
<status status="PASS" starttime="20231011 00:51:02.676" endtime="20231011 00:51:02.722"/>
</kw>
<kw name="Click Element" library="SeleniumLibrary">
<arg>id=button-from-date</arg>
<doc>Click the element identified by ``locator``.</doc>
<msg timestamp="20231011 00:51:02.722" level="INFO">Clicking element 'id=button-from-date'.</msg>
<status status="PASS" starttime="20231011 00:51:02.722" endtime="20231011 00:51:02.901"/>
</kw>
<kw name="Click Button" library="SeleniumLibrary">
<arg>xpath=//*[@id="button-from-select-date"]/div[1]/div[2]/button[1]</arg>
<doc>Clicks the button identified by ``locator``.</doc>
<msg timestamp="20231011 00:51:02.901" level="INFO">Clicking button 'xpath=//*[@id="button-from-select-date"]/div[1]/div[2]/button[1]'.</msg>
<status status="PASS" starttime="20231011 00:51:02.901" endtime="20231011 00:51:03.066"/>
</kw>
<kw name="Click Button" library="SeleniumLibrary">
<arg>xpath=//*[@id="button-from-select-date"]/div[2]/div/div[2]/div/div[5]/button[7]</arg>
<doc>Clicks the button identified by ``locator``.</doc>
<msg timestamp="20231011 00:51:03.066" level="INFO">Clicking button 'xpath=//*[@id="button-from-select-date"]/div[2]/div/div[2]/div/div[5]/button[7]'.</msg>
<status status="PASS" starttime="20231011 00:51:03.066" endtime="20231011 00:51:03.193"/>
</kw>
<if>
<branch type="IF" condition="'${switch}' == 'switch-button'">
<kw name="Click Button" library="SeleniumLibrary">
<arg>id=${switch}</arg>
<doc>Clicks the button identified by ``locator``.</doc>
<status status="NOT RUN" starttime="20231011 00:51:03.193" endtime="20231011 00:51:03.193"/>
</kw>
<status status="NOT RUN" starttime="20231011 00:51:03.193" endtime="20231011 00:51:03.193"/>
</branch>
<status status="PASS" starttime="20231011 00:51:03.193" endtime="20231011 00:51:03.193"/>
</if>
<kw name="Click Element" library="SeleniumLibrary">
<arg>id=seat-flight</arg>
<doc>Click the element identified by ``locator``.</doc>
<msg timestamp="20231011 00:51:03.193" level="INFO">Clicking element 'id=seat-flight'.</msg>
<status status="PASS" starttime="20231011 00:51:03.193" endtime="20231011 00:51:03.233"/>
</kw>
<kw name="Click Element" library="SeleniumLibrary">
<arg>id=Economy</arg>
<doc>Click the element identified by ``locator``.</doc>
<msg timestamp="20231011 00:51:03.233" level="INFO">Clicking element 'id=Economy'.</msg>
<status status="PASS" starttime="20231011 00:51:03.233" endtime="20231011 00:51:03.271"/>
</kw>
<kw name="Click Element" library="SeleniumLibrary">
<arg>id=search</arg>
<doc>Click the element identified by ``locator``.</doc>
<msg timestamp="20231011 00:51:03.271" level="INFO">Clicking element 'id=search'.</msg>
<status status="PASS" starttime="20231011 00:51:03.271" endtime="20231011 00:51:03.313"/>
</kw>
<status status="PASS" starttime="20231011 00:51:02.477" endtime="20231011 00:51:03.313"/>
</kw>
<kw name="Wait Until Page Contains" library="SeleniumLibrary">
<arg>เที่ยวบินขาออก</arg>
<doc>Waits until ``text`` appears on the current page.</doc>
<status status="PASS" starttime="20231011 00:51:03.314" endtime="20231011 00:51:03.570"/>
</kw>
<status status="PASS" starttime="20231011 00:51:00.126" endtime="20231011 00:51:03.570"/>
</kw>
<kw name="Click Button" library="SeleniumLibrary">
<arg>id=submit-0</arg>
<doc>Clicks the button identified by ``locator``.</doc>
<msg timestamp="20231011 00:51:03.570" level="INFO">Clicking button 'id=submit-0'.</msg>
<status status="PASS" starttime="20231011 00:51:03.570" endtime="20231011 00:51:03.647"/>
</kw>
<kw name="Wait Until Location Is" library="SeleniumLibrary">
<arg>http://localhost:3000/flight/confirm</arg>
<doc>Waits until the current URL is ``expected``.</doc>
<status status="PASS" starttime="20231011 00:51:03.648" endtime="20231011 00:51:04.083"/>
</kw>
<kw name="Wait Until Page Contains" library="SeleniumLibrary">
<arg>TF001</arg>
<doc>Waits until ``text`` appears on the current page.</doc>
<status status="PASS" starttime="20231011 00:51:04.083" endtime="20231011 00:51:04.093"/>
</kw>
<kw name="Input Text" library="SeleniumLibrary">
<arg>name=fn</arg>
<arg>nam</arg>
<doc>Types the given ``text`` into the text field identified by ``locator``.</doc>
<msg timestamp="20231011 00:51:04.094" level="INFO">Typing text 'nam' into text field 'name=fn'.</msg>
<status status="PASS" starttime="20231011 00:51:04.093" endtime="20231011 00:51:04.193"/>
</kw>
<kw name="Input Text" library="SeleniumLibrary">
<arg>name=ln</arg>
<arg>ln</arg>
<doc>Types the given ``text`` into the text field identified by ``locator``.</doc>
<msg timestamp="20231011 00:51:04.193" level="INFO">Typing text 'ln' into text field 'name=ln'.</msg>
<status status="PASS" starttime="20231011 00:51:04.193" endtime="20231011 00:51:04.287"/>
</kw>
<kw name="Click Element" library="SeleniumLibrary">
<arg>id=gender</arg>
<doc>Click the element identified by ``locator``.</doc>
<msg timestamp="20231011 00:51:04.288" level="INFO">Clicking element 'id=gender'.</msg>
<status status="PASS" starttime="20231011 00:51:04.288" endtime="20231011 00:51:04.338"/>
</kw>
<kw name="Click Element" library="SeleniumLibrary">
<arg>id=MALE</arg>
<doc>Click the element identified by ``locator``.</doc>
<msg timestamp="20231011 00:51:04.339" level="INFO">Clicking element 'id=MALE'.</msg>
<status status="PASS" starttime="20231011 00:51:04.339" endtime="20231011 00:51:04.389"/>
</kw>
<kw name="Input Text" library="SeleniumLibrary">
<arg>name=email</arg>
<arg>abc@mail.com</arg>
<doc>Types the given ``text`` into the text field identified by ``locator``.</doc>
<msg timestamp="20231011 00:51:04.391" level="INFO">Typing text 'abc@mail.com' into text field 'name=email'.</msg>
<status status="PASS" starttime="20231011 00:51:04.390" endtime="20231011 00:51:04.519"/>
</kw>
<kw name="Input Text" library="SeleniumLibrary">
<arg>name=tel</arg>
<arg>0988888999</arg>
<doc>Types the given ``text`` into the text field identified by ``locator``.</doc>
<msg timestamp="20231011 00:51:04.519" level="INFO">Typing text '0988888999' into text field 'name=tel'.</msg>
<status status="PASS" starttime="20231011 00:51:04.519" endtime="20231011 00:51:04.643"/>
</kw>
<kw name="Click Button" library="SeleniumLibrary">
<arg>id=confirmFlight</arg>
<doc>Clicks the button identified by ``locator``.</doc>
<msg timestamp="20231011 00:51:04.643" level="INFO">Clicking button 'id=confirmFlight'.</msg>
<status status="PASS" starttime="20231011 00:51:04.643" endtime="20231011 00:51:04.702"/>
</kw>
<kw name="Sleep" library="BuiltIn">
<arg>1s</arg>
<doc>Pauses the test executed for the given time.</doc>
<msg timestamp="20231011 00:51:05.716" level="INFO">Slept 1 second</msg>
<status status="PASS" starttime="20231011 00:51:04.703" endtime="20231011 00:51:05.716"/>
</kw>
<kw name="Wait Until Page Contains" library="SeleniumLibrary">
<arg>Congratulations, Your Flight are booking confirmed.</arg>
<doc>Waits until ``text`` appears on the current page.</doc>
<status status="PASS" starttime="20231011 00:51:05.716" endtime="20231011 00:51:05.716"/>
</kw>
<kw name="Click Button" library="SeleniumLibrary">
<arg>id=close-confirm</arg>
<doc>Clicks the button identified by ``locator``.</doc>
<msg timestamp="20231011 00:51:05.716" level="INFO">Clicking button 'id=close-confirm'.</msg>
<status status="PASS" starttime="20231011 00:51:05.716" endtime="20231011 00:51:05.801"/>
</kw>
<kw name="Wait Until Page Does Not Contain" library="SeleniumLibrary">
<arg>Congratulations, Your Flight are booking confirmed.</arg>
<doc>Waits until ``text`` disappears from the current page.</doc>
<status status="PASS" starttime="20231011 00:51:05.801" endtime="20231011 00:51:06.018"/>
</kw>
<status status="PASS" starttime="20231011 00:50:58.891" endtime="20231011 00:51:06.018"/>
</test>
<test id="s1-s3-t16" name="TC_FLIGHT_ONEWAY_016" line="171">
<kw name="Go To" library="SeleniumLibrary" type="SETUP">
<arg>http://localhost:3000/</arg>
<doc>Navigates the current browser window to the provided ``url``.</doc>
<msg timestamp="20231011 00:51:06.018" level="INFO">Opening url 'http://localhost:3000/'</msg>
<status status="PASS" starttime="20231011 00:51:06.018" endtime="20231011 00:51:07.302"/>
</kw>
<kw name="Flight search oneway success" library="keywords">
<kw name="Click Link" library="SeleniumLibrary">
<arg>เที่ยวบิน</arg>
<doc>Clicks a link identified by ``locator``.</doc>
<msg timestamp="20231011 00:51:07.304" level="INFO">Clicking link 'เที่ยวบิน'.</msg>
<status status="PASS" starttime="20231011 00:51:07.303" endtime="20231011 00:51:07.502"/>
</kw>
<kw name="Wait Until Location Is" library="SeleniumLibrary">
<arg>http://localhost:3000/flight</arg>
<doc>Waits until the current URL is ``expected``.</doc>
<status status="PASS" starttime="20231011 00:51:07.503" endtime="20231011 00:51:08.535"/>
</kw>
<kw name="Click Button" library="SeleniumLibrary">
<arg>id=changeFlight</arg>
<doc>Clicks the button identified by ``locator``.</doc>
<msg timestamp="20231011 00:51:08.536" level="INFO">Clicking button 'id=changeFlight'.</msg>
<status status="PASS" starttime="20231011 00:51:08.535" endtime="20231011 00:51:08.595"/>
</kw>
<kw name="Sleep" library="BuiltIn">
<arg>1s</arg>
<doc>Pauses the test executed for the given time.</doc>
<msg timestamp="20231011 00:51:09.608" level="INFO">Slept 1 second</msg>
<status status="PASS" starttime="20231011 00:51:08.595" endtime="20231011 00:51:09.608"/>
</kw>
<kw name="FLIGHT SEARCH" library="keywords">
<arg>OneWay</arg>
<arg>switch=</arg>
<kw name="Click Button" library="SeleniumLibrary">
<arg>id=${type}</arg>
<doc>Clicks the button identified by ``locator``.</doc>
<msg timestamp="20231011 00:51:09.608" level="INFO">Clicking button 'id=OneWay'.</msg>
<status status="PASS" starttime="20231011 00:51:09.608" endtime="20231011 00:51:09.668"/>
</kw>
<kw name="Click Element" library="SeleniumLibrary">
<arg>id=from-flight</arg>
<doc>Click the element identified by ``locator``.</doc>
<msg timestamp="20231011 00:51:09.670" level="INFO">Clicking element 'id=from-flight'.</msg>
<status status="PASS" starttime="20231011 00:51:09.668" endtime="20231011 00:51:09.717"/>
</kw>
<kw name="Click Element" library="SeleniumLibrary">
<arg>id=BKK</arg>
<doc>Click the element identified by ``locator``.</doc>
<msg timestamp="20231011 00:51:09.717" level="INFO">Clicking element 'id=BKK'.</msg>
<status status="PASS" starttime="20231011 00:51:09.717" endtime="20231011 00:51:09.765"/>
</kw>
<kw name="Click Element" library="SeleniumLibrary">
<arg>id=go-flight</arg>
<doc>Click the element identified by ``locator``.</doc>
<msg timestamp="20231011 00:51:09.771" level="INFO">Clicking element 'id=go-flight'.</msg>
<status status="PASS" starttime="20231011 00:51:09.765" endtime="20231011 00:51:09.811"/>
</kw>
<kw name="Click Element" library="SeleniumLibrary">
<arg>id=KBV</arg>
<doc>Click the element identified by ``locator``.</doc>
<msg timestamp="20231011 00:51:09.811" level="INFO">Clicking element 'id=KBV'.</msg>
<status status="PASS" starttime="20231011 00:51:09.811" endtime="20231011 00:51:09.854"/>
</kw>
<kw name="Click Element" library="SeleniumLibrary">
<arg>id=button-from-date</arg>
<doc>Click the element identified by ``locator``.</doc>
<msg timestamp="20231011 00:51:09.854" level="INFO">Clicking element 'id=button-from-date'.</msg>
<status status="PASS" starttime="20231011 00:51:09.854" endtime="20231011 00:51:10.034"/>
</kw>
<kw name="Click Button" library="SeleniumLibrary">
<arg>xpath=//*[@id="button-from-select-date"]/div[1]/div[2]/button[1]</arg>
<doc>Clicks the button identified by ``locator``.</doc>
<msg timestamp="20231011 00:51:10.035" level="INFO">Clicking button 'xpath=//*[@id="button-from-select-date"]/div[1]/div[2]/button[1]'.</msg>
<status status="PASS" starttime="20231011 00:51:10.034" endtime="20231011 00:51:10.197"/>
</kw>
<kw name="Click Button" library="SeleniumLibrary">
<arg>xpath=//*[@id="button-from-select-date"]/div[2]/div/div[2]/div/div[5]/button[7]</arg>
<doc>Clicks the button identified by ``locator``.</doc>
<msg timestamp="20231011 00:51:10.199" level="INFO">Clicking button 'xpath=//*[@id="button-from-select-date"]/div[2]/div/div[2]/div/div[5]/button[7]'.</msg>
<status status="PASS" starttime="20231011 00:51:10.198" endtime="20231011 00:51:10.323"/>
</kw>
<if>
<branch type="IF" condition="'${switch}' == 'switch-button'">
<kw name="Click Button" library="SeleniumLibrary">
<arg>id=${switch}</arg>
<doc>Clicks the button identified by ``locator``.</doc>
<status status="NOT RUN" starttime="20231011 00:51:10.323" endtime="20231011 00:51:10.323"/>
</kw>
<status status="NOT RUN" starttime="20231011 00:51:10.323" endtime="20231011 00:51:10.323"/>
</branch>
<status status="PASS" starttime="20231011 00:51:10.323" endtime="20231011 00:51:10.323"/>
</if>
<kw name="Click Element" library="SeleniumLibrary">
<arg>id=seat-flight</arg>
<doc>Click the element identified by ``locator``.</doc>
<msg timestamp="20231011 00:51:10.323" level="INFO">Clicking element 'id=seat-flight'.</msg>
<status status="PASS" starttime="20231011 00:51:10.323" endtime="20231011 00:51:10.369"/>
</kw>
<kw name="Click Element" library="SeleniumLibrary">
<arg>id=Economy</arg>
<doc>Click the element identified by ``locator``.</doc>
<msg timestamp="20231011 00:51:10.369" level="INFO">Clicking element 'id=Economy'.</msg>
<status status="PASS" starttime="20231011 00:51:10.369" endtime="20231011 00:51:10.412"/>
</kw>
<kw name="Click Element" library="SeleniumLibrary">
<arg>id=search</arg>
<doc>Click the element identified by ``locator``.</doc>
<msg timestamp="20231011 00:51:10.412" level="INFO">Clicking element 'id=search'.</msg>
<status status="PASS" starttime="20231011 00:51:10.412" endtime="20231011 00:51:10.459"/>
</kw>
<status status="PASS" starttime="20231011 00:51:09.608" endtime="20231011 00:51:10.459"/>
</kw>
<kw name="Wait Until Page Contains" library="SeleniumLibrary">
<arg>เที่ยวบินขาออก</arg>
<doc>Waits until ``text`` appears on the current page.</doc>
<status status="PASS" starttime="20231011 00:51:10.459" endtime="20231011 00:51:10.696"/>
</kw>
<status status="PASS" starttime="20231011 00:51:07.302" endtime="20231011 00:51:10.696"/>
</kw>
<kw name="Click Button" library="SeleniumLibrary">
<arg>id=submit-0</arg>
<doc>Clicks the button identified by ``locator``.</doc>
<msg timestamp="20231011 00:51:10.696" level="INFO">Clicking button 'id=submit-0'.</msg>
<status status="PASS" starttime="20231011 00:51:10.696" endtime="20231011 00:51:10.763"/>
</kw>
<kw name="Wait Until Location Is" library="SeleniumLibrary">
<arg>http://localhost:3000/flight/confirm</arg>
<doc>Waits until the current URL is ``expected``.</doc>
<status status="PASS" starttime="20231011 00:51:10.764" endtime="20231011 00:51:11.187"/>
</kw>
<kw name="Wait Until Page Contains" library="SeleniumLibrary">
<arg>TF001</arg>
<doc>Waits until ``text`` appears on the current page.</doc>
<status status="PASS" starttime="20231011 00:51:11.187" endtime="20231011 00:51:11.187"/>
</kw>
<kw name="Input Text" library="SeleniumLibrary">
<arg>name=fn</arg>
<arg>nam</arg>
<doc>Types the given ``text`` into the text field identified by ``locator``.</doc>
<msg timestamp="20231011 00:51:11.187" level="INFO">Typing text 'nam' into text field 'name=fn'.</msg>
<status status="PASS" starttime="20231011 00:51:11.187" endtime="20231011 00:51:11.293"/>
</kw>
<kw name="Input Text" library="SeleniumLibrary">
<arg>name=ln</arg>
<arg>ln</arg>
<doc>Types the given ``text`` into the text field identified by ``locator``.</doc>
<msg timestamp="20231011 00:51:11.293" level="INFO">Typing text 'ln' into text field 'name=ln'.</msg>
<status status="PASS" starttime="20231011 00:51:11.293" endtime="20231011 00:51:11.379"/>
</kw>
<kw name="Click Element" library="SeleniumLibrary">
<arg>id=gender</arg>
<doc>Click the element identified by ``locator``.</doc>
<msg timestamp="20231011 00:51:11.379" level="INFO">Clicking element 'id=gender'.</msg>
<status status="PASS" starttime="20231011 00:51:11.379" endtime="20231011 00:51:11.432"/>
</kw>
<kw name="Click Element" library="SeleniumLibrary">
<arg>id=MALE</arg>
<doc>Click the element identified by ``locator``.</doc>
<msg timestamp="20231011 00:51:11.433" level="INFO">Clicking element 'id=MALE'.</msg>
<status status="PASS" starttime="20231011 00:51:11.433" endtime="20231011 00:51:11.485"/>
</kw>
<kw name="Input Text" library="SeleniumLibrary">
<arg>name=email</arg>
<arg>abc@mail.com</arg>
<doc>Types the given ``text`` into the text field identified by ``locator``.</doc>
<msg timestamp="20231011 00:51:11.485" level="INFO">Typing text 'abc@mail.com' into text field 'name=email'.</msg>
<status status="PASS" starttime="20231011 00:51:11.485" endtime="20231011 00:51:11.635"/>
</kw>
<kw name="Input Text" library="SeleniumLibrary">
<arg>name=tel</arg>
<arg>0988888999</arg>
<doc>Types the given ``text`` into the text field identified by ``locator``.</doc>
<msg timestamp="20231011 00:51:11.638" level="INFO">Typing text '0988888999' into text field 'name=tel'.</msg>
<status status="PASS" starttime="20231011 00:51:11.638" endtime="20231011 00:51:11.768"/>
</kw>
<kw name="Click Button" library="SeleniumLibrary">
<arg>id=confirmFlight</arg>
<doc>Clicks the button identified by ``locator``.</doc>
<msg timestamp="20231011 00:51:11.768" level="INFO">Clicking button 'id=confirmFlight'.</msg>
<status status="PASS" starttime="20231011 00:51:11.768" endtime="20231011 00:51:11.830"/>
</kw>
<kw name="Sleep" library="BuiltIn">
<arg>1s</arg>
<doc>Pauses the test executed for the given time.</doc>
<msg timestamp="20231011 00:51:12.839" level="INFO">Slept 1 second</msg>
<status status="PASS" starttime="20231011 00:51:11.831" endtime="20231011 00:51:12.839"/>
</kw>
<kw name="Wait Until Page Contains" library="SeleniumLibrary">
<arg>Congratulations, Your Flight are booking confirmed.</arg>
<doc>Waits until ``text`` appears on the current page.</doc>
<status status="PASS" starttime="20231011 00:51:12.839" endtime="20231011 00:51:12.847"/>
</kw>
<kw name="Click Element" library="SeleniumLibrary">
<arg>id=link-to-order</arg>
<doc>Click the element identified by ``locator``.</doc>
<msg timestamp="20231011 00:51:12.847" level="INFO">Clicking element 'id=link-to-order'.</msg>
<status status="PASS" starttime="20231011 00:51:12.847" endtime="20231011 00:51:12.939"/>
</kw>
<kw name="Wait Until Location Is" library="SeleniumLibrary">
<arg>http://localhost:3000/flight/order</arg>
<doc>Waits until the current URL is ``expected``.</doc>
<status status="PASS" starttime="20231011 00:51:12.939" endtime="20231011 00:51:13.800"/>
</kw>
<kw name="Wait Until Page Contains" library="SeleniumLibrary">
<arg>สถานะการจอง</arg>
<doc>Waits until ``text`` appears on the current page.</doc>
<status status="PASS" starttime="20231011 00:51:13.801" endtime="20231011 00:51:13.813"/>
</kw>
<status status="PASS" starttime="20231011 00:51:06.018" endtime="20231011 00:51:13.813"/>
</test>
<status status="PASS" starttime="20231011 00:49:33.947" endtime="20231011 00:51:13.813"/>
</suite>
<kw name="Close All Browsers" library="SeleniumLibrary" type="TEARDOWN">
<doc>Closes all open browsers and resets the browser cache.</doc>
<status status="PASS" starttime="20231011 00:51:13.827" endtime="20231011 00:51:20.144"/>
</kw>
<status status="PASS" starttime="20231011 00:49:00.198" endtime="20231011 00:51:20.144"/>
</suite>
<statistics>
<total>
<stat pass="25" fail="0" skip="0">All Tests</stat>
</total>
<tag>
</tag>
<suite>
<stat pass="25" fail="0" skip="0" id="s1" name="test SKYAIRs website">test SKYAIRs website</stat>
<stat pass="4" fail="0" skip="0" id="s1-s1" name="1 Register">test SKYAIRs website.1 Register</stat>
<stat pass="5" fail="0" skip="0" id="s1-s2" name="2 Login">test SKYAIRs website.2 Login</stat>
<stat pass="16" fail="0" skip="0" id="s1-s3" name="3 Flight Oneway">test SKYAIRs website.3 Flight Oneway</stat>
</suite>
</statistics>
<errors>
</errors>
</robot>
