<?xml version="1.0" encoding="UTF-8"?>
<robot generator="Robot 6.1 (Python 3.10.10 on win32)" generated="20231011 19:57:37.006" rpa="false" schemaversion="4">
<suite id="s1" name="test SKYAIRs website" source="C:\Users\USER\Desktop\React SKYAIRs\test\test SKYAIRs website">
<kw name="Open Browser" library="SeleniumLibrary" type="SETUP">
<arg>http://localhost:3000/</arg>
<arg>chrome</arg>
<doc>Opens a new browser instance to the optional ``url``.</doc>
<msg timestamp="20231011 19:57:37.294" level="INFO">Opening browser 'chrome' to base url 'http://localhost:3000/'.</msg>
<status status="PASS" starttime="20231011 19:57:37.293" endtime="20231011 19:57:40.585"/>
</kw>
<suite id="s1-s1" name="1 Register" source="C:\Users\USER\Desktop\React SKYAIRs\test\test SKYAIRs website\1_Register.robot">
<test id="s1-s1-t1" name="TC_REGISTRATION_001" line="7">
<kw name="Go To" library="SeleniumLibrary" type="SETUP">
<arg>http://localhost:3000/</arg>
<doc>Navigates the current browser window to the provided ``url``.</doc>
<msg timestamp="20231011 19:57:40.604" level="INFO">Opening url 'http://localhost:3000/'</msg>
<status status="PASS" starttime="20231011 19:57:40.604" endtime="20231011 19:57:42.327"/>
</kw>
<kw name="Register" library="keywords">
<arg>nam</arg>
<arg>123</arg>
<arg>123</arg>
<arg>Username already exists</arg>
<kw name="Click Button" library="SeleniumLibrary">
<arg>id=link-registration</arg>
<doc>Clicks the button identified by ``locator``.</doc>
<msg timestamp="20231011 19:57:42.331" level="INFO">Clicking button 'id=link-registration'.</msg>
<status status="PASS" starttime="20231011 19:57:42.329" endtime="20231011 19:57:42.563"/>
</kw>
<kw name="Input Text" library="SeleniumLibrary">
<arg>name=username</arg>
<arg>${username}</arg>
<doc>Types the given ``text`` into the text field identified by ``locator``.</doc>
<msg timestamp="20231011 19:57:42.566" level="INFO">Typing text 'nam' into text field 'name=username'.</msg>
<status status="PASS" starttime="20231011 19:57:42.565" endtime="20231011 19:57:42.674"/>
</kw>
<kw name="Input Password" library="SeleniumLibrary">
<arg>name=password</arg>
<arg>${password}</arg>
<doc>Types the given password into the text field identified by ``locator``.</doc>
<msg timestamp="20231011 19:57:42.675" level="INFO">Typing password into text field 'name=password'.</msg>
<msg timestamp="20231011 19:57:42.707" level="INFO">Temporally setting log level to: NONE</msg>
<msg timestamp="20231011 19:57:42.752" level="INFO">Log level changed from NONE to INFO.</msg>
<status status="PASS" starttime="20231011 19:57:42.674" endtime="20231011 19:57:42.752"/>
</kw>
<kw name="Input Password" library="SeleniumLibrary">
<arg>name=password1</arg>
<arg>${confirmPassword}</arg>
<doc>Types the given password into the text field identified by ``locator``.</doc>
<msg timestamp="20231011 19:57:42.753" level="INFO">Typing password into text field 'name=password1'.</msg>
<msg timestamp="20231011 19:57:42.786" level="INFO">Temporally setting log level to: NONE</msg>
<msg timestamp="20231011 19:57:42.831" level="INFO">Log level changed from NONE to INFO.</msg>
<status status="PASS" starttime="20231011 19:57:42.752" endtime="20231011 19:57:42.831"/>
</kw>
<kw name="Click Button" library="SeleniumLibrary">
<arg>id=submit</arg>
<doc>Clicks the button identified by ``locator``.</doc>
<msg timestamp="20231011 19:57:42.832" level="INFO">Clicking button 'id=submit'.</msg>
<status status="PASS" starttime="20231011 19:57:42.831" endtime="20231011 19:57:42.894"/>
</kw>
<if>
<branch type="IF" condition="'${showerror}' != ''">
<kw name="Wait Until Page Contains" library="SeleniumLibrary">
<arg>${showerror}</arg>
<doc>Waits until ``text`` appears on the current page.</doc>
<status status="PASS" starttime="20231011 19:57:42.894" endtime="20231011 19:57:43.138"/>
</kw>
<kw name="Click Link" library="SeleniumLibrary">
<arg>id=go-login</arg>
<doc>Clicks a link identified by ``locator``.</doc>
<msg timestamp="20231011 19:57:43.140" level="INFO">Clicking link 'id=go-login'.</msg>
<status status="PASS" starttime="20231011 19:57:43.139" endtime="20231011 19:57:43.201"/>
</kw>
<kw name="Wait Until Page Contains" library="SeleniumLibrary">
<arg>Login</arg>
<doc>Waits until ``text`` appears on the current page.</doc>
<status status="PASS" starttime="20231011 19:57:43.202" endtime="20231011 19:57:43.218"/>
</kw>
<status status="PASS" starttime="20231011 19:57:42.894" endtime="20231011 19:57:43.218"/>
</branch>
<branch type="ELSE">
<kw name="Wait Until Element Is Visible" library="SeleniumLibrary">
<arg>xpath=/html/body/div[1]/nav/div/div[2]/div</arg>
<doc>Waits until the element ``locator`` is visible.</doc>
<status status="NOT RUN" starttime="20231011 19:57:43.218" endtime="20231011 19:57:43.218"/>
</kw>
<status status="NOT RUN" starttime="20231011 19:57:43.218" endtime="20231011 19:57:43.218"/>
</branch>
<status status="PASS" starttime="20231011 19:57:42.894" endtime="20231011 19:57:43.218"/>
</if>
<status status="PASS" starttime="20231011 19:57:42.328" endtime="20231011 19:57:43.218"/>
</kw>
<status status="PASS" starttime="20231011 19:57:40.602" endtime="20231011 19:57:43.218"/>
</test>
<test id="s1-s1-t2" name="TC_REGISTRATION_002" line="10">
<kw name="Go To" library="SeleniumLibrary" type="SETUP">
<arg>http://localhost:3000/</arg>
<doc>Navigates the current browser window to the provided ``url``.</doc>
<msg timestamp="20231011 19:57:43.220" level="INFO">Opening url 'http://localhost:3000/'</msg>
<status status="PASS" starttime="20231011 19:57:43.220" endtime="20231011 19:57:45.242"/>
</kw>
<kw name="Register" library="keywords">
<arg>nam</arg>
<arg>123</arg>
<arg>1234</arg>
<arg>Username already exists</arg>
<kw name="Click Button" library="SeleniumLibrary">
<arg>id=link-registration</arg>
<doc>Clicks the button identified by ``locator``.</doc>
<msg timestamp="20231011 19:57:45.248" level="INFO">Clicking button 'id=link-registration'.</msg>
<status status="PASS" starttime="20231011 19:57:45.247" endtime="20231011 19:57:45.445"/>
</kw>
<kw name="Input Text" library="SeleniumLibrary">
<arg>name=username</arg>
<arg>${username}</arg>
<doc>Types the given ``text`` into the text field identified by ``locator``.</doc>
<msg timestamp="20231011 19:57:45.446" level="INFO">Typing text 'nam' into text field 'name=username'.</msg>
<status status="PASS" starttime="20231011 19:57:45.446" endtime="20231011 19:57:45.524"/>
</kw>
<kw name="Input Password" library="SeleniumLibrary">
<arg>name=password</arg>
<arg>${password}</arg>
<doc>Types the given password into the text field identified by ``locator``.</doc>
<msg timestamp="20231011 19:57:45.525" level="INFO">Typing password into text field 'name=password'.</msg>
<msg timestamp="20231011 19:57:45.559" level="INFO">Temporally setting log level to: NONE</msg>
<msg timestamp="20231011 19:57:45.613" level="INFO">Log level changed from NONE to INFO.</msg>
<status status="PASS" starttime="20231011 19:57:45.525" endtime="20231011 19:57:45.613"/>
</kw>
<kw name="Input Password" library="SeleniumLibrary">
<arg>name=password1</arg>
<arg>${confirmPassword}</arg>
<doc>Types the given password into the text field identified by ``locator``.</doc>
<msg timestamp="20231011 19:57:45.614" level="INFO">Typing password into text field 'name=password1'.</msg>
<msg timestamp="20231011 19:57:45.644" level="INFO">Temporally setting log level to: NONE</msg>
<msg timestamp="20231011 19:57:45.690" level="INFO">Log level changed from NONE to INFO.</msg>
<status status="PASS" starttime="20231011 19:57:45.613" endtime="20231011 19:57:45.690"/>
</kw>
<kw name="Click Button" library="SeleniumLibrary">
<arg>id=submit</arg>
<doc>Clicks the button identified by ``locator``.</doc>
<msg timestamp="20231011 19:57:45.692" level="INFO">Clicking button 'id=submit'.</msg>
<status status="PASS" starttime="20231011 19:57:45.690" endtime="20231011 19:57:45.750"/>
</kw>
<if>
<branch type="IF" condition="'${showerror}' != ''">
<kw name="Wait Until Page Contains" library="SeleniumLibrary">
<arg>${showerror}</arg>
<doc>Waits until ``text`` appears on the current page.</doc>
<status status="PASS" starttime="20231011 19:57:45.751" endtime="20231011 19:57:45.764"/>
</kw>
<kw name="Click Link" library="SeleniumLibrary">
<arg>id=go-login</arg>
<doc>Clicks a link identified by ``locator``.</doc>
<msg timestamp="20231011 19:57:45.764" level="INFO">Clicking link 'id=go-login'.</msg>
<status status="PASS" starttime="20231011 19:57:45.764" endtime="20231011 19:57:45.821"/>
</kw>
<kw name="Wait Until Page Contains" library="SeleniumLibrary">
<arg>Login</arg>
<doc>Waits until ``text`` appears on the current page.</doc>
<status status="PASS" starttime="20231011 19:57:45.821" endtime="20231011 19:57:45.832"/>
</kw>
<status status="PASS" starttime="20231011 19:57:45.750" endtime="20231011 19:57:45.832"/>
</branch>
<branch type="ELSE">
<kw name="Wait Until Element Is Visible" library="SeleniumLibrary">
<arg>xpath=/html/body/div[1]/nav/div/div[2]/div</arg>
<doc>Waits until the element ``locator`` is visible.</doc>
<status status="NOT RUN" starttime="20231011 19:57:45.833" endtime="20231011 19:57:45.833"/>
</kw>
<status status="NOT RUN" starttime="20231011 19:57:45.832" endtime="20231011 19:57:45.833"/>
</branch>
<status status="PASS" starttime="20231011 19:57:45.750" endtime="20231011 19:57:45.833"/>
</if>
<status status="PASS" starttime="20231011 19:57:45.246" endtime="20231011 19:57:45.833"/>
</kw>
<status status="PASS" starttime="20231011 19:57:43.219" endtime="20231011 19:57:45.833"/>
</test>
<test id="s1-s1-t3" name="TC_REGISTRATION_003" line="13">
<kw name="Go To" library="SeleniumLibrary" type="SETUP">
<arg>http://localhost:3000/</arg>
<doc>Navigates the current browser window to the provided ``url``.</doc>
<msg timestamp="20231011 19:57:45.836" level="INFO">Opening url 'http://localhost:3000/'</msg>
<status status="PASS" starttime="20231011 19:57:45.836" endtime="20231011 19:57:48.112"/>
</kw>
<kw name="Register" library="keywords">
<arg>admin</arg>
<arg>123</arg>
<arg>123</arg>
<arg>showerror=</arg>
<kw name="Click Button" library="SeleniumLibrary">
<arg>id=link-registration</arg>
<doc>Clicks the button identified by ``locator``.</doc>
<msg timestamp="20231011 19:57:48.114" level="INFO">Clicking button 'id=link-registration'.</msg>
<status status="PASS" starttime="20231011 19:57:48.113" endtime="20231011 19:57:48.291"/>
</kw>
<kw name="Input Text" library="SeleniumLibrary">
<arg>name=username</arg>
<arg>${username}</arg>
<doc>Types the given ``text`` into the text field identified by ``locator``.</doc>
<msg timestamp="20231011 19:57:48.294" level="INFO">Typing text 'admin' into text field 'name=username'.</msg>
<status status="PASS" starttime="20231011 19:57:48.292" endtime="20231011 19:57:48.445"/>
</kw>
<kw name="Input Password" library="SeleniumLibrary">
<arg>name=password</arg>
<arg>${password}</arg>
<doc>Types the given password into the text field identified by ``locator``.</doc>
<msg timestamp="20231011 19:57:48.447" level="INFO">Typing password into text field 'name=password'.</msg>
<msg timestamp="20231011 19:57:48.515" level="INFO">Temporally setting log level to: NONE</msg>
<msg timestamp="20231011 19:57:48.599" level="INFO">Log level changed from NONE to INFO.</msg>
<status status="PASS" starttime="20231011 19:57:48.445" endtime="20231011 19:57:48.600"/>
</kw>
<kw name="Input Password" library="SeleniumLibrary">
<arg>name=password1</arg>
<arg>${confirmPassword}</arg>
<doc>Types the given password into the text field identified by ``locator``.</doc>
<msg timestamp="20231011 19:57:48.601" level="INFO">Typing password into text field 'name=password1'.</msg>
<msg timestamp="20231011 19:57:48.644" level="INFO">Temporally setting log level to: NONE</msg>
<msg timestamp="20231011 19:57:48.721" level="INFO">Log level changed from NONE to INFO.</msg>
<status status="PASS" starttime="20231011 19:57:48.600" endtime="20231011 19:57:48.722"/>
</kw>
<kw name="Click Button" library="SeleniumLibrary">
<arg>id=submit</arg>
<doc>Clicks the button identified by ``locator``.</doc>
<msg timestamp="20231011 19:57:48.722" level="INFO">Clicking button 'id=submit'.</msg>
<status status="PASS" starttime="20231011 19:57:48.722" endtime="20231011 19:57:48.820"/>
</kw>
<if>
<branch type="IF" condition="'${showerror}' != ''">
<kw name="Wait Until Page Contains" library="SeleniumLibrary">
<arg>${showerror}</arg>
<doc>Waits until ``text`` appears on the current page.</doc>
<status status="NOT RUN" starttime="20231011 19:57:48.822" endtime="20231011 19:57:48.822"/>
</kw>
<kw name="Click Link" library="SeleniumLibrary">
<arg>id=go-login</arg>
<doc>Clicks a link identified by ``locator``.</doc>
<status status="NOT RUN" starttime="20231011 19:57:48.822" endtime="20231011 19:57:48.822"/>
</kw>
<kw name="Wait Until Page Contains" library="SeleniumLibrary">
<arg>Login</arg>
<doc>Waits until ``text`` appears on the current page.</doc>
<status status="NOT RUN" starttime="20231011 19:57:48.822" endtime="20231011 19:57:48.822"/>
</kw>
<status status="NOT RUN" starttime="20231011 19:57:48.821" endtime="20231011 19:57:48.822"/>
</branch>
<branch type="ELSE">
<kw name="Wait Until Element Is Visible" library="SeleniumLibrary">
<arg>xpath=/html/body/div[1]/nav/div/div[2]/div</arg>
<doc>Waits until the element ``locator`` is visible.</doc>
<status status="PASS" starttime="20231011 19:57:48.822" endtime="20231011 19:57:48.936"/>
</kw>
<status status="PASS" starttime="20231011 19:57:48.822" endtime="20231011 19:57:48.936"/>
</branch>
<status status="PASS" starttime="20231011 19:57:48.821" endtime="20231011 19:57:48.936"/>
</if>
<status status="PASS" starttime="20231011 19:57:48.112" endtime="20231011 19:57:48.936"/>
</kw>
<status status="PASS" starttime="20231011 19:57:45.834" endtime="20231011 19:57:48.936"/>
</test>
<test id="s1-s1-t4" name="TC_REGISTRATION_004" line="16">
<kw name="Go To" library="SeleniumLibrary" type="SETUP">
<arg>http://localhost:3000/</arg>
<doc>Navigates the current browser window to the provided ``url``.</doc>
<msg timestamp="20231011 19:57:48.938" level="INFO">Opening url 'http://localhost:3000/'</msg>
<status status="PASS" starttime="20231011 19:57:48.938" endtime="20231011 19:57:51.619"/>
</kw>
<kw name="Register" library="keywords">
<arg>namin</arg>
<arg>123</arg>
<arg>1234</arg>
<arg>Passwords do not match</arg>
<kw name="Click Button" library="SeleniumLibrary">
<arg>id=link-registration</arg>
<doc>Clicks the button identified by ``locator``.</doc>
<msg timestamp="20231011 19:57:51.622" level="INFO">Clicking button 'id=link-registration'.</msg>
<status status="PASS" starttime="20231011 19:57:51.621" endtime="20231011 19:57:51.982"/>
</kw>
<kw name="Input Text" library="SeleniumLibrary">
<arg>name=username</arg>
<arg>${username}</arg>
<doc>Types the given ``text`` into the text field identified by ``locator``.</doc>
<msg timestamp="20231011 19:57:51.986" level="INFO">Typing text 'namin' into text field 'name=username'.</msg>
<status status="PASS" starttime="20231011 19:57:51.982" endtime="20231011 19:57:52.192"/>
</kw>
<kw name="Input Password" library="SeleniumLibrary">
<arg>name=password</arg>
<arg>${password}</arg>
<doc>Types the given password into the text field identified by ``locator``.</doc>
<msg timestamp="20231011 19:57:52.194" level="INFO">Typing password into text field 'name=password'.</msg>
<msg timestamp="20231011 19:57:52.255" level="INFO">Temporally setting log level to: NONE</msg>
<msg timestamp="20231011 19:57:52.429" level="INFO">Log level changed from NONE to INFO.</msg>
<status status="PASS" starttime="20231011 19:57:52.192" endtime="20231011 19:57:52.429"/>
</kw>
<kw name="Input Password" library="SeleniumLibrary">
<arg>name=password1</arg>
<arg>${confirmPassword}</arg>
<doc>Types the given password into the text field identified by ``locator``.</doc>
<msg timestamp="20231011 19:57:52.430" level="INFO">Typing password into text field 'name=password1'.</msg>
<msg timestamp="20231011 19:57:52.498" level="INFO">Temporally setting log level to: NONE</msg>
<msg timestamp="20231011 19:57:52.953" level="INFO">Log level changed from NONE to INFO.</msg>
<status status="PASS" starttime="20231011 19:57:52.429" endtime="20231011 19:57:52.954"/>
</kw>
<kw name="Click Button" library="SeleniumLibrary">
<arg>id=submit</arg>
<doc>Clicks the button identified by ``locator``.</doc>
<msg timestamp="20231011 19:57:52.962" level="INFO">Clicking button 'id=submit'.</msg>
<status status="PASS" starttime="20231011 19:57:52.954" endtime="20231011 19:57:53.122"/>
</kw>
<if>
<branch type="IF" condition="'${showerror}' != ''">
<kw name="Wait Until Page Contains" library="SeleniumLibrary">
<arg>${showerror}</arg>
<doc>Waits until ``text`` appears on the current page.</doc>
<status status="PASS" starttime="20231011 19:57:53.125" endtime="20231011 19:57:53.184"/>
</kw>
<kw name="Click Link" library="SeleniumLibrary">
<arg>id=go-login</arg>
<doc>Clicks a link identified by ``locator``.</doc>
<msg timestamp="20231011 19:57:53.186" level="INFO">Clicking link 'id=go-login'.</msg>
<status status="PASS" starttime="20231011 19:57:53.184" endtime="20231011 19:57:53.290"/>
</kw>
<kw name="Wait Until Page Contains" library="SeleniumLibrary">
<arg>Login</arg>
<doc>Waits until ``text`` appears on the current page.</doc>
<status status="PASS" starttime="20231011 19:57:53.291" endtime="20231011 19:57:53.303"/>
</kw>
<status status="PASS" starttime="20231011 19:57:53.124" endtime="20231011 19:57:53.303"/>
</branch>
<branch type="ELSE">
<kw name="Wait Until Element Is Visible" library="SeleniumLibrary">
<arg>xpath=/html/body/div[1]/nav/div/div[2]/div</arg>
<doc>Waits until the element ``locator`` is visible.</doc>
<status status="NOT RUN" starttime="20231011 19:57:53.304" endtime="20231011 19:57:53.304"/>
</kw>
<status status="NOT RUN" starttime="20231011 19:57:53.303" endtime="20231011 19:57:53.304"/>
</branch>
<status status="PASS" starttime="20231011 19:57:53.123" endtime="20231011 19:57:53.304"/>
</if>
<status status="PASS" starttime="20231011 19:57:51.620" endtime="20231011 19:57:53.304"/>
</kw>
<status status="PASS" starttime="20231011 19:57:48.937" endtime="20231011 19:57:53.304"/>
</test>
<status status="PASS" starttime="20231011 19:57:40.585" endtime="20231011 19:57:53.307"/>
</suite>
<suite id="s1-s2" name="2 Login" source="C:\Users\USER\Desktop\React SKYAIRs\test\test SKYAIRs website\2_Login.robot">
<test id="s1-s2-t1" name="TC_LOGIN_001" line="7">
<kw name="Go To" library="SeleniumLibrary" type="SETUP">
<arg>http://localhost:3000/</arg>
<doc>Navigates the current browser window to the provided ``url``.</doc>
<msg timestamp="20231011 19:57:53.333" level="INFO">Opening url 'http://localhost:3000/'</msg>
<status status="PASS" starttime="20231011 19:57:53.329" endtime="20231011 19:57:56.147"/>
</kw>
<kw name="LOGIN SUCCESS" library="keywords">
<kw name="Login" library="keywords">
<arg>nam</arg>
<arg>123</arg>
<arg>showerror=</arg>
<kw name="Click Button" library="SeleniumLibrary">
<arg>id=link-login</arg>
<doc>Clicks the button identified by ``locator``.</doc>
<msg timestamp="20231011 19:57:56.152" level="INFO">Clicking button 'id=link-login'.</msg>
<status status="PASS" starttime="20231011 19:57:56.151" endtime="20231011 19:57:56.544"/>
</kw>
<kw name="Input Text" library="SeleniumLibrary">
<arg>name=username</arg>
<arg>${username}</arg>
<doc>Types the given ``text`` into the text field identified by ``locator``.</doc>
<msg timestamp="20231011 19:57:56.546" level="INFO">Typing text 'nam' into text field 'name=username'.</msg>
<status status="PASS" starttime="20231011 19:57:56.544" endtime="20231011 19:57:56.706"/>
</kw>
<kw name="Input Password" library="SeleniumLibrary">
<arg>name=password</arg>
<arg>${pwd}</arg>
<doc>Types the given password into the text field identified by ``locator``.</doc>
<msg timestamp="20231011 19:57:56.708" level="INFO">Typing password into text field 'name=password'.</msg>
<msg timestamp="20231011 19:57:56.756" level="INFO">Temporally setting log level to: NONE</msg>
<msg timestamp="20231011 19:57:56.869" level="INFO">Log level changed from NONE to INFO.</msg>
<status status="PASS" starttime="20231011 19:57:56.706" endtime="20231011 19:57:56.869"/>
</kw>
<kw name="Click Button" library="SeleniumLibrary">
<arg>id=submit</arg>
<doc>Clicks the button identified by ``locator``.</doc>
<msg timestamp="20231011 19:57:56.870" level="INFO">Clicking button 'id=submit'.</msg>
<status status="PASS" starttime="20231011 19:57:56.869" endtime="20231011 19:57:56.981"/>
</kw>
<if>
<branch type="IF" condition="&quot;${showerror}&quot; == &quot;User Doesn't Exist&quot;">
<kw name="Wait Until Page Contains" library="SeleniumLibrary">
<arg>${showerror}</arg>
<doc>Waits until ``text`` appears on the current page.</doc>
<status status="NOT RUN" starttime="20231011 19:57:56.982" endtime="20231011 19:57:56.982"/>
</kw>
<kw name="Click Link" library="SeleniumLibrary">
<arg>id=registration</arg>
<doc>Clicks a link identified by ``locator``.</doc>
<status status="NOT RUN" starttime="20231011 19:57:56.982" endtime="20231011 19:57:56.984"/>
</kw>
<kw name="Wait Until Page Contains" library="SeleniumLibrary">
<arg>Register</arg>
<doc>Waits until ``text`` appears on the current page.</doc>
<status status="NOT RUN" starttime="20231011 19:57:56.984" endtime="20231011 19:57:56.984"/>
</kw>
<status status="NOT RUN" starttime="20231011 19:57:56.982" endtime="20231011 19:57:56.984"/>
</branch>
<branch type="ELSE IF" condition="'${showerror}' == 'Wrong Username And Password Combination'">
<kw name="Wait Until Page Contains" library="SeleniumLibrary">
<arg>${showerror}</arg>
<doc>Waits until ``text`` appears on the current page.</doc>
<status status="NOT RUN" starttime="20231011 19:57:56.985" endtime="20231011 19:57:56.985"/>
</kw>
<status status="NOT RUN" starttime="20231011 19:57:56.984" endtime="20231011 19:57:56.985"/>
</branch>
<branch type="ELSE">
<kw name="Wait Until Element Is Visible" library="SeleniumLibrary">
<arg>id=form-validation</arg>
<doc>Waits until the element ``locator`` is visible.</doc>
<status status="PASS" starttime="20231011 19:57:56.985" endtime="20231011 19:57:57.072"/>
</kw>
<status status="PASS" starttime="20231011 19:57:56.985" endtime="20231011 19:57:57.072"/>
</branch>
<status status="PASS" starttime="20231011 19:57:56.982" endtime="20231011 19:57:57.072"/>
</if>
<status status="PASS" starttime="20231011 19:57:56.149" endtime="20231011 19:57:57.072"/>
</kw>
<kw name="Wait Until Page Contains" library="SeleniumLibrary">
<arg>nam</arg>
<doc>Waits until ``text`` appears on the current page.</doc>
<status status="PASS" starttime="20231011 19:57:57.072" endtime="20231011 19:57:57.097"/>
</kw>
<kw name="Sleep" library="BuiltIn">
<arg>2s</arg>
<doc>Pauses the test executed for the given time.</doc>
<msg timestamp="20231011 19:57:59.105" level="INFO">Slept 2 seconds</msg>
<status status="PASS" starttime="20231011 19:57:57.097" endtime="20231011 19:57:59.105"/>
</kw>
<status status="PASS" starttime="20231011 19:57:56.148" endtime="20231011 19:57:59.105"/>
</kw>
<kw name="Click Button" library="SeleniumLibrary">
<arg>id=logout</arg>
<doc>Clicks the button identified by ``locator``.</doc>
<msg timestamp="20231011 19:57:59.106" level="INFO">Clicking button 'id=logout'.</msg>
<status status="PASS" starttime="20231011 19:57:59.105" endtime="20231011 19:57:59.176"/>
</kw>
<kw name="Wait Until Page Contains" library="SeleniumLibrary">
<arg>เข้าสู่ระบบ</arg>
<doc>Waits until ``text`` appears on the current page.</doc>
<status status="PASS" starttime="20231011 19:57:59.177" endtime="20231011 19:57:59.237"/>
</kw>
<status status="PASS" starttime="20231011 19:57:53.328" endtime="20231011 19:57:59.237"/>
</test>
<test id="s1-s2-t2" name="TC_LOGIN_002" line="12">
<kw name="Go To" library="SeleniumLibrary" type="SETUP">
<arg>http://localhost:3000/</arg>
<doc>Navigates the current browser window to the provided ``url``.</doc>
<msg timestamp="20231011 19:57:59.238" level="INFO">Opening url 'http://localhost:3000/'</msg>
<status status="PASS" starttime="20231011 19:57:59.238" endtime="20231011 19:58:01.251"/>
</kw>
<kw name="Login" library="keywords">
<arg>nam</arg>
<arg>1234</arg>
<arg>Wrong Username And Password Combination</arg>
<kw name="Click Button" library="SeleniumLibrary">
<arg>id=link-login</arg>
<doc>Clicks the button identified by ``locator``.</doc>
<msg timestamp="20231011 19:58:01.253" level="INFO">Clicking button 'id=link-login'.</msg>
<status status="PASS" starttime="20231011 19:58:01.252" endtime="20231011 19:58:01.444"/>
</kw>
<kw name="Input Text" library="SeleniumLibrary">
<arg>name=username</arg>
<arg>${username}</arg>
<doc>Types the given ``text`` into the text field identified by ``locator``.</doc>
<msg timestamp="20231011 19:58:01.445" level="INFO">Typing text 'nam' into text field 'name=username'.</msg>
<status status="PASS" starttime="20231011 19:58:01.444" endtime="20231011 19:58:01.611"/>
</kw>
<kw name="Input Password" library="SeleniumLibrary">
<arg>name=password</arg>
<arg>${pwd}</arg>
<doc>Types the given password into the text field identified by ``locator``.</doc>
<msg timestamp="20231011 19:58:01.612" level="INFO">Typing password into text field 'name=password'.</msg>
<msg timestamp="20231011 19:58:01.669" level="INFO">Temporally setting log level to: NONE</msg>
<msg timestamp="20231011 19:58:01.737" level="INFO">Log level changed from NONE to INFO.</msg>
<status status="PASS" starttime="20231011 19:58:01.612" endtime="20231011 19:58:01.737"/>
</kw>
<kw name="Click Button" library="SeleniumLibrary">
<arg>id=submit</arg>
<doc>Clicks the button identified by ``locator``.</doc>
<msg timestamp="20231011 19:58:01.738" level="INFO">Clicking button 'id=submit'.</msg>
<status status="PASS" starttime="20231011 19:58:01.737" endtime="20231011 19:58:01.845"/>
</kw>
<if>
<branch type="IF" condition="&quot;${showerror}&quot; == &quot;User Doesn't Exist&quot;">
<kw name="Wait Until Page Contains" library="SeleniumLibrary">
<arg>${showerror}</arg>
<doc>Waits until ``text`` appears on the current page.</doc>
<status status="NOT RUN" starttime="20231011 19:58:01.846" endtime="20231011 19:58:01.846"/>
</kw>
<kw name="Click Link" library="SeleniumLibrary">
<arg>id=registration</arg>
<doc>Clicks a link identified by ``locator``.</doc>
<status status="NOT RUN" starttime="20231011 19:58:01.846" endtime="20231011 19:58:01.846"/>
</kw>
<kw name="Wait Until Page Contains" library="SeleniumLibrary">
<arg>Register</arg>
<doc>Waits until ``text`` appears on the current page.</doc>
<status status="NOT RUN" starttime="20231011 19:58:01.846" endtime="20231011 19:58:01.846"/>
</kw>
<status status="NOT RUN" starttime="20231011 19:58:01.845" endtime="20231011 19:58:01.846"/>
</branch>
<branch type="ELSE IF" condition="'${showerror}' == 'Wrong Username And Password Combination'">
<kw name="Wait Until Page Contains" library="SeleniumLibrary">
<arg>${showerror}</arg>
<doc>Waits until ``text`` appears on the current page.</doc>
<status status="PASS" starttime="20231011 19:58:01.846" endtime="20231011 19:58:02.076"/>
</kw>
<status status="PASS" starttime="20231011 19:58:01.846" endtime="20231011 19:58:02.076"/>
</branch>
<branch type="ELSE">
<kw name="Wait Until Element Is Visible" library="SeleniumLibrary">
<arg>id=form-validation</arg>
<doc>Waits until the element ``locator`` is visible.</doc>
<status status="NOT RUN" starttime="20231011 19:58:02.077" endtime="20231011 19:58:02.077"/>
</kw>
<status status="NOT RUN" starttime="20231011 19:58:02.076" endtime="20231011 19:58:02.077"/>
</branch>
<status status="PASS" starttime="20231011 19:58:01.845" endtime="20231011 19:58:02.077"/>
</if>
<status status="PASS" starttime="20231011 19:58:01.252" endtime="20231011 19:58:02.077"/>
</kw>
<kw name="Sleep" library="BuiltIn">
<arg>2s</arg>
<doc>Pauses the test executed for the given time.</doc>
<msg timestamp="20231011 19:58:04.091" level="INFO">Slept 2 seconds</msg>
<status status="PASS" starttime="20231011 19:58:02.077" endtime="20231011 19:58:04.091"/>
</kw>
<status status="PASS" starttime="20231011 19:57:59.238" endtime="20231011 19:58:04.091"/>
</test>
<test id="s1-s2-t3" name="TC_LOGIN_003" line="16">
<kw name="Go To" library="SeleniumLibrary" type="SETUP">
<arg>http://localhost:3000/</arg>
<doc>Navigates the current browser window to the provided ``url``.</doc>
<msg timestamp="20231011 19:58:04.092" level="INFO">Opening url 'http://localhost:3000/'</msg>
<status status="PASS" starttime="20231011 19:58:04.092" endtime="20231011 19:58:05.738"/>
</kw>
<kw name="Login" library="keywords">
<arg>min</arg>
<arg>123</arg>
<arg>User Doesn't Exist</arg>
<kw name="Click Button" library="SeleniumLibrary">
<arg>id=link-login</arg>
<doc>Clicks the button identified by ``locator``.</doc>
<msg timestamp="20231011 19:58:05.740" level="INFO">Clicking button 'id=link-login'.</msg>
<status status="PASS" starttime="20231011 19:58:05.739" endtime="20231011 19:58:06.028"/>
</kw>
<kw name="Input Text" library="SeleniumLibrary">
<arg>name=username</arg>
<arg>${username}</arg>
<doc>Types the given ``text`` into the text field identified by ``locator``.</doc>
<msg timestamp="20231011 19:58:06.029" level="INFO">Typing text 'min' into text field 'name=username'.</msg>
<status status="PASS" starttime="20231011 19:58:06.028" endtime="20231011 19:58:06.188"/>
</kw>
<kw name="Input Password" library="SeleniumLibrary">
<arg>name=password</arg>
<arg>${pwd}</arg>
<doc>Types the given password into the text field identified by ``locator``.</doc>
<msg timestamp="20231011 19:58:06.189" level="INFO">Typing password into text field 'name=password'.</msg>
<msg timestamp="20231011 19:58:06.229" level="INFO">Temporally setting log level to: NONE</msg>
<msg timestamp="20231011 19:58:06.292" level="INFO">Log level changed from NONE to INFO.</msg>
<status status="PASS" starttime="20231011 19:58:06.188" endtime="20231011 19:58:06.292"/>
</kw>
<kw name="Click Button" library="SeleniumLibrary">
<arg>id=submit</arg>
<doc>Clicks the button identified by ``locator``.</doc>
<msg timestamp="20231011 19:58:06.292" level="INFO">Clicking button 'id=submit'.</msg>
<status status="PASS" starttime="20231011 19:58:06.292" endtime="20231011 19:58:06.392"/>
</kw>
<if>
<branch type="IF" condition="&quot;${showerror}&quot; == &quot;User Doesn't Exist&quot;">
<kw name="Wait Until Page Contains" library="SeleniumLibrary">
<arg>${showerror}</arg>
<doc>Waits until ``text`` appears on the current page.</doc>
<status status="PASS" starttime="20231011 19:58:06.392" endtime="20231011 19:58:06.409"/>
</kw>
<kw name="Click Link" library="SeleniumLibrary">
<arg>id=registration</arg>
<doc>Clicks a link identified by ``locator``.</doc>
<msg timestamp="20231011 19:58:06.410" level="INFO">Clicking link 'id=registration'.</msg>
<status status="PASS" starttime="20231011 19:58:06.410" endtime="20231011 19:58:06.472"/>
</kw>
<kw name="Wait Until Page Contains" library="SeleniumLibrary">
<arg>Register</arg>
<doc>Waits until ``text`` appears on the current page.</doc>
<status status="PASS" starttime="20231011 19:58:06.473" endtime="20231011 19:58:06.488"/>
</kw>
<status status="PASS" starttime="20231011 19:58:06.392" endtime="20231011 19:58:06.488"/>
</branch>
<branch type="ELSE IF" condition="'${showerror}' == 'Wrong Username And Password Combination'">
<kw name="Wait Until Page Contains" library="SeleniumLibrary">
<arg>${showerror}</arg>
<doc>Waits until ``text`` appears on the current page.</doc>
<status status="NOT RUN" starttime="20231011 19:58:06.488" endtime="20231011 19:58:06.488"/>
</kw>
<status status="NOT RUN" starttime="20231011 19:58:06.488" endtime="20231011 19:58:06.488"/>
</branch>
<branch type="ELSE">
<kw name="Wait Until Element Is Visible" library="SeleniumLibrary">
<arg>id=form-validation</arg>
<doc>Waits until the element ``locator`` is visible.</doc>
<status status="NOT RUN" starttime="20231011 19:58:06.489" endtime="20231011 19:58:06.489"/>
</kw>
<status status="NOT RUN" starttime="20231011 19:58:06.489" endtime="20231011 19:58:06.489"/>
</branch>
<status status="PASS" starttime="20231011 19:58:06.392" endtime="20231011 19:58:06.489"/>
</if>
<status status="PASS" starttime="20231011 19:58:05.738" endtime="20231011 19:58:06.489"/>
</kw>
<kw name="Sleep" library="BuiltIn">
<arg>2s</arg>
<doc>Pauses the test executed for the given time.</doc>
<msg timestamp="20231011 19:58:08.502" level="INFO">Slept 2 seconds</msg>
<status status="PASS" starttime="20231011 19:58:06.489" endtime="20231011 19:58:08.502"/>
</kw>
<status status="PASS" starttime="20231011 19:58:04.092" endtime="20231011 19:58:08.502"/>
</test>
<test id="s1-s2-t4" name="TC_LOGIN_004" line="20">
<kw name="Go To" library="SeleniumLibrary" type="SETUP">
<arg>http://localhost:3000/</arg>
<doc>Navigates the current browser window to the provided ``url``.</doc>
<msg timestamp="20231011 19:58:08.504" level="INFO">Opening url 'http://localhost:3000/'</msg>
<status status="PASS" starttime="20231011 19:58:08.504" endtime="20231011 19:58:09.821"/>
</kw>
<kw name="Login" library="keywords">
<arg>min</arg>
<arg>1234</arg>
<arg>User Doesn't Exist</arg>
<kw name="Click Button" library="SeleniumLibrary">
<arg>id=link-login</arg>
<doc>Clicks the button identified by ``locator``.</doc>
<msg timestamp="20231011 19:58:09.824" level="INFO">Clicking button 'id=link-login'.</msg>
<status status="PASS" starttime="20231011 19:58:09.823" endtime="20231011 19:58:10.008"/>
</kw>
<kw name="Input Text" library="SeleniumLibrary">
<arg>name=username</arg>
<arg>${username}</arg>
<doc>Types the given ``text`` into the text field identified by ``locator``.</doc>
<msg timestamp="20231011 19:58:10.009" level="INFO">Typing text 'min' into text field 'name=username'.</msg>
<status status="PASS" starttime="20231011 19:58:10.008" endtime="20231011 19:58:10.086"/>
</kw>
<kw name="Input Password" library="SeleniumLibrary">
<arg>name=password</arg>
<arg>${pwd}</arg>
<doc>Types the given password into the text field identified by ``locator``.</doc>
<msg timestamp="20231011 19:58:10.087" level="INFO">Typing password into text field 'name=password'.</msg>
<msg timestamp="20231011 19:58:10.117" level="INFO">Temporally setting log level to: NONE</msg>
<msg timestamp="20231011 19:58:10.169" level="INFO">Log level changed from NONE to INFO.</msg>
<status status="PASS" starttime="20231011 19:58:10.086" endtime="20231011 19:58:10.169"/>
</kw>
<kw name="Click Button" library="SeleniumLibrary">
<arg>id=submit</arg>
<doc>Clicks the button identified by ``locator``.</doc>
<msg timestamp="20231011 19:58:10.170" level="INFO">Clicking button 'id=submit'.</msg>
<status status="PASS" starttime="20231011 19:58:10.169" endtime="20231011 19:58:10.222"/>
</kw>
<if>
<branch type="IF" condition="&quot;${showerror}&quot; == &quot;User Doesn't Exist&quot;">
<kw name="Wait Until Page Contains" library="SeleniumLibrary">
<arg>${showerror}</arg>
<doc>Waits until ``text`` appears on the current page.</doc>
<status status="PASS" starttime="20231011 19:58:10.223" endtime="20231011 19:58:10.236"/>
</kw>
<kw name="Click Link" library="SeleniumLibrary">
<arg>id=registration</arg>
<doc>Clicks a link identified by ``locator``.</doc>
<msg timestamp="20231011 19:58:10.237" level="INFO">Clicking link 'id=registration'.</msg>
<status status="PASS" starttime="20231011 19:58:10.237" endtime="20231011 19:58:10.284"/>
</kw>
<kw name="Wait Until Page Contains" library="SeleniumLibrary">
<arg>Register</arg>
<doc>Waits until ``text`` appears on the current page.</doc>
<status status="PASS" starttime="20231011 19:58:10.284" endtime="20231011 19:58:10.292"/>
</kw>
<status status="PASS" starttime="20231011 19:58:10.222" endtime="20231011 19:58:10.293"/>
</branch>
<branch type="ELSE IF" condition="'${showerror}' == 'Wrong Username And Password Combination'">
<kw name="Wait Until Page Contains" library="SeleniumLibrary">
<arg>${showerror}</arg>
<doc>Waits until ``text`` appears on the current page.</doc>
<status status="NOT RUN" starttime="20231011 19:58:10.293" endtime="20231011 19:58:10.293"/>
</kw>
<status status="NOT RUN" starttime="20231011 19:58:10.293" endtime="20231011 19:58:10.293"/>
</branch>
<branch type="ELSE">
<kw name="Wait Until Element Is Visible" library="SeleniumLibrary">
<arg>id=form-validation</arg>
<doc>Waits until the element ``locator`` is visible.</doc>
<status status="NOT RUN" starttime="20231011 19:58:10.293" endtime="20231011 19:58:10.293"/>
</kw>
<status status="NOT RUN" starttime="20231011 19:58:10.293" endtime="20231011 19:58:10.293"/>
</branch>
<status status="PASS" starttime="20231011 19:58:10.222" endtime="20231011 19:58:10.293"/>
</if>
<status status="PASS" starttime="20231011 19:58:09.822" endtime="20231011 19:58:10.293"/>
</kw>
<kw name="Sleep" library="BuiltIn">
<arg>2s</arg>
<doc>Pauses the test executed for the given time.</doc>
<msg timestamp="20231011 19:58:12.309" level="INFO">Slept 2 seconds</msg>
<status status="PASS" starttime="20231011 19:58:10.293" endtime="20231011 19:58:12.309"/>
</kw>
<status status="PASS" starttime="20231011 19:58:08.503" endtime="20231011 19:58:12.309"/>
</test>
<test id="s1-s2-t5" name="TC_LOGIN_005" line="24">
<kw name="Go To" library="SeleniumLibrary" type="SETUP">
<arg>http://localhost:3000/</arg>
<doc>Navigates the current browser window to the provided ``url``.</doc>
<msg timestamp="20231011 19:58:12.311" level="INFO">Opening url 'http://localhost:3000/'</msg>
<status status="PASS" starttime="20231011 19:58:12.311" endtime="20231011 19:58:13.608"/>
</kw>
<kw name="LOGIN SUCCESS" library="keywords">
<kw name="Login" library="keywords">
<arg>nam</arg>
<arg>123</arg>
<arg>showerror=</arg>
<kw name="Click Button" library="SeleniumLibrary">
<arg>id=link-login</arg>
<doc>Clicks the button identified by ``locator``.</doc>
<msg timestamp="20231011 19:58:13.611" level="INFO">Clicking button 'id=link-login'.</msg>
<status status="PASS" starttime="20231011 19:58:13.610" endtime="20231011 19:58:13.819"/>
</kw>
<kw name="Input Text" library="SeleniumLibrary">
<arg>name=username</arg>
<arg>${username}</arg>
<doc>Types the given ``text`` into the text field identified by ``locator``.</doc>
<msg timestamp="20231011 19:58:13.820" level="INFO">Typing text 'nam' into text field 'name=username'.</msg>
<status status="PASS" starttime="20231011 19:58:13.819" endtime="20231011 19:58:13.946"/>
</kw>
<kw name="Input Password" library="SeleniumLibrary">
<arg>name=password</arg>
<arg>${pwd}</arg>
<doc>Types the given password into the text field identified by ``locator``.</doc>
<msg timestamp="20231011 19:58:13.947" level="INFO">Typing password into text field 'name=password'.</msg>
<msg timestamp="20231011 19:58:13.986" level="INFO">Temporally setting log level to: NONE</msg>
<msg timestamp="20231011 19:58:14.045" level="INFO">Log level changed from NONE to INFO.</msg>
<status status="PASS" starttime="20231011 19:58:13.946" endtime="20231011 19:58:14.045"/>
</kw>
<kw name="Click Button" library="SeleniumLibrary">
<arg>id=submit</arg>
<doc>Clicks the button identified by ``locator``.</doc>
<msg timestamp="20231011 19:58:14.046" level="INFO">Clicking button 'id=submit'.</msg>
<status status="PASS" starttime="20231011 19:58:14.045" endtime="20231011 19:58:14.108"/>
</kw>
<if>
<branch type="IF" condition="&quot;${showerror}&quot; == &quot;User Doesn't Exist&quot;">
<kw name="Wait Until Page Contains" library="SeleniumLibrary">
<arg>${showerror}</arg>
<doc>Waits until ``text`` appears on the current page.</doc>
<status status="NOT RUN" starttime="20231011 19:58:14.109" endtime="20231011 19:58:14.109"/>
</kw>
<kw name="Click Link" library="SeleniumLibrary">
<arg>id=registration</arg>
<doc>Clicks a link identified by ``locator``.</doc>
<status status="NOT RUN" starttime="20231011 19:58:14.109" endtime="20231011 19:58:14.109"/>
</kw>
<kw name="Wait Until Page Contains" library="SeleniumLibrary">
<arg>Register</arg>
<doc>Waits until ``text`` appears on the current page.</doc>
<status status="NOT RUN" starttime="20231011 19:58:14.109" endtime="20231011 19:58:14.109"/>
</kw>
<status status="NOT RUN" starttime="20231011 19:58:14.108" endtime="20231011 19:58:14.109"/>
</branch>
<branch type="ELSE IF" condition="'${showerror}' == 'Wrong Username And Password Combination'">
<kw name="Wait Until Page Contains" library="SeleniumLibrary">
<arg>${showerror}</arg>
<doc>Waits until ``text`` appears on the current page.</doc>
<status status="NOT RUN" starttime="20231011 19:58:14.110" endtime="20231011 19:58:14.110"/>
</kw>
<status status="NOT RUN" starttime="20231011 19:58:14.109" endtime="20231011 19:58:14.110"/>
</branch>
<branch type="ELSE">
<kw name="Wait Until Element Is Visible" library="SeleniumLibrary">
<arg>id=form-validation</arg>
<doc>Waits until the element ``locator`` is visible.</doc>
<status status="PASS" starttime="20231011 19:58:14.110" endtime="20231011 19:58:14.127"/>
</kw>
<status status="PASS" starttime="20231011 19:58:14.110" endtime="20231011 19:58:14.127"/>
</branch>
<status status="PASS" starttime="20231011 19:58:14.108" endtime="20231011 19:58:14.127"/>
</if>
<status status="PASS" starttime="20231011 19:58:13.609" endtime="20231011 19:58:14.127"/>
</kw>
<kw name="Wait Until Page Contains" library="SeleniumLibrary">
<arg>nam</arg>
<doc>Waits until ``text`` appears on the current page.</doc>
<status status="PASS" starttime="20231011 19:58:14.127" endtime="20231011 19:58:14.137"/>
</kw>
<kw name="Sleep" library="BuiltIn">
<arg>2s</arg>
<doc>Pauses the test executed for the given time.</doc>
<msg timestamp="20231011 19:58:16.140" level="INFO">Slept 2 seconds</msg>
<status status="PASS" starttime="20231011 19:58:14.137" endtime="20231011 19:58:16.140"/>
</kw>
<status status="PASS" starttime="20231011 19:58:13.609" endtime="20231011 19:58:16.140"/>
</kw>
<kw name="Click Button" library="SeleniumLibrary">
<arg>id=logout</arg>
<doc>Clicks the button identified by ``locator``.</doc>
<msg timestamp="20231011 19:58:16.141" level="INFO">Clicking button 'id=logout'.</msg>
<status status="PASS" starttime="20231011 19:58:16.141" endtime="20231011 19:58:16.203"/>
</kw>
<kw name="Wait Until Page Contains" library="SeleniumLibrary">
<arg>เข้าสู่ระบบ</arg>
<doc>Waits until ``text`` appears on the current page.</doc>
<status status="PASS" starttime="20231011 19:58:16.203" endtime="20231011 19:58:16.271"/>
</kw>
<status status="PASS" starttime="20231011 19:58:12.310" endtime="20231011 19:58:16.272"/>
</test>
<status status="PASS" starttime="20231011 19:57:53.312" endtime="20231011 19:58:16.272"/>
</suite>
<suite id="s1-s3" name="3 Flight Oneway" source="C:\Users\USER\Desktop\React SKYAIRs\test\test SKYAIRs website\3_Flight_Oneway.robot">
<test id="s1-s3-t1" name="TC_FLIGHT_ONEWAY_001" line="8">
<kw name="Go To" library="SeleniumLibrary" type="SETUP">
<arg>http://localhost:3000/</arg>
<doc>Navigates the current browser window to the provided ``url``.</doc>
<msg timestamp="20231011 19:58:16.295" level="INFO">Opening url 'http://localhost:3000/'</msg>
<status status="PASS" starttime="20231011 19:58:16.295" endtime="20231011 19:58:17.591"/>
</kw>
<kw name="Click Link" library="SeleniumLibrary">
<arg>id=link-homepage-logo</arg>
<doc>Clicks a link identified by ``locator``.</doc>
<msg timestamp="20231011 19:58:17.592" level="INFO">Clicking link 'id=link-homepage-logo'.</msg>
<status status="PASS" starttime="20231011 19:58:17.591" endtime="20231011 19:58:17.742"/>
</kw>
<kw name="Wait Until Location Is" library="SeleniumLibrary">
<arg>http://localhost:3000/</arg>
<doc>Waits until the current URL is ``expected``.</doc>
<status status="PASS" starttime="20231011 19:58:17.744" endtime="20231011 19:58:17.785"/>
</kw>
<kw name="Click Link" library="SeleniumLibrary">
<arg>id=home</arg>
<doc>Clicks a link identified by ``locator``.</doc>
<msg timestamp="20231011 19:58:17.787" level="INFO">Clicking link 'id=home'.</msg>
<status status="PASS" starttime="20231011 19:58:17.786" endtime="20231011 19:58:17.868"/>
</kw>
<kw name="Wait Until Location Is" library="SeleniumLibrary">
<arg>http://localhost:3000/</arg>
<doc>Waits until the current URL is ``expected``.</doc>
<status status="PASS" starttime="20231011 19:58:17.868" endtime="20231011 19:58:17.881"/>
</kw>
<kw name="FLIGHT SEARCH" library="keywords">
<arg>OneWay</arg>
<arg>switch-button</arg>
<arg>godate=</arg>
<kw name="Click Button" library="SeleniumLibrary">
<arg>id=${type}</arg>
<doc>Clicks the button identified by ``locator``.</doc>
<msg timestamp="20231011 19:58:17.882" level="INFO">Clicking button 'id=OneWay'.</msg>
<status status="PASS" starttime="20231011 19:58:17.881" endtime="20231011 19:58:17.955"/>
</kw>
<kw name="Click Element" library="SeleniumLibrary">
<arg>id=from-flight</arg>
<doc>Click the element identified by ``locator``.</doc>
<msg timestamp="20231011 19:58:17.956" level="INFO">Clicking element 'id=from-flight'.</msg>
<status status="PASS" starttime="20231011 19:58:17.955" endtime="20231011 19:58:18.008"/>
</kw>
<kw name="Click Element" library="SeleniumLibrary">
<arg>id=BKK</arg>
<doc>Click the element identified by ``locator``.</doc>
<msg timestamp="20231011 19:58:18.009" level="INFO">Clicking element 'id=BKK'.</msg>
<status status="PASS" starttime="20231011 19:58:18.009" endtime="20231011 19:58:18.062"/>
</kw>
<kw name="Click Element" library="SeleniumLibrary">
<arg>id=go-flight</arg>
<doc>Click the element identified by ``locator``.</doc>
<msg timestamp="20231011 19:58:18.064" level="INFO">Clicking element 'id=go-flight'.</msg>
<status status="PASS" starttime="20231011 19:58:18.063" endtime="20231011 19:58:18.111"/>
</kw>
<kw name="Click Element" library="SeleniumLibrary">
<arg>id=KBV</arg>
<doc>Click the element identified by ``locator``.</doc>
<msg timestamp="20231011 19:58:18.112" level="INFO">Clicking element 'id=KBV'.</msg>
<status status="PASS" starttime="20231011 19:58:18.111" endtime="20231011 19:58:18.166"/>
</kw>
<kw name="Click Element" library="SeleniumLibrary">
<arg>id=button-from-date</arg>
<doc>Click the element identified by ``locator``.</doc>
<msg timestamp="20231011 19:58:18.167" level="INFO">Clicking element 'id=button-from-date'.</msg>
<status status="PASS" starttime="20231011 19:58:18.166" endtime="20231011 19:58:18.353"/>
</kw>
<kw name="Click Button" library="SeleniumLibrary">
<arg>xpath=//*[@id="button-from-select-date"]/div[1]/div[2]/button[1]</arg>
<doc>Clicks the button identified by ``locator``.</doc>
<msg timestamp="20231011 19:58:18.353" level="INFO">Clicking button 'xpath=//*[@id="button-from-select-date"]/div[1]/div[2]/button[1]'.</msg>
<status status="PASS" starttime="20231011 19:58:18.353" endtime="20231011 19:58:18.520"/>
</kw>
<kw name="Click Button" library="SeleniumLibrary">
<arg>xpath=//*[@id="button-from-select-date"]/div[2]/div/div[2]/div/div[5]/button[7]</arg>
<doc>Clicks the button identified by ``locator``.</doc>
<msg timestamp="20231011 19:58:18.521" level="INFO">Clicking button 'xpath=//*[@id="button-from-select-date"]/div[2]/div/div[2]/div/div[5]/button[7]'.</msg>
<status status="PASS" starttime="20231011 19:58:18.520" endtime="20231011 19:58:18.618"/>
</kw>
<if>
<branch type="IF" condition="'${type}' == 'roundTrip'">
<kw name="Sleep" library="BuiltIn">
<arg>1s</arg>
<doc>Pauses the test executed for the given time.</doc>
<status status="NOT RUN" starttime="20231011 19:58:18.619" endtime="20231011 19:58:18.619"/>
</kw>
<kw name="Click Element" library="SeleniumLibrary">
<arg>id=button-go-date</arg>
<doc>Click the element identified by ``locator``.</doc>
<status status="NOT RUN" starttime="20231011 19:58:18.619" endtime="20231011 19:58:18.619"/>
</kw>
<kw name="Click Button" library="SeleniumLibrary">
<arg>xpath=${godate}</arg>
<doc>Clicks the button identified by ``locator``.</doc>
<status status="NOT RUN" starttime="20231011 19:58:18.619" endtime="20231011 19:58:18.619"/>
</kw>
<status status="NOT RUN" starttime="20231011 19:58:18.618" endtime="20231011 19:58:18.619"/>
</branch>
<status status="PASS" starttime="20231011 19:58:18.618" endtime="20231011 19:58:18.619"/>
</if>
<if>
<branch type="IF" condition="'${switch}' == 'switch-button'">
<kw name="Click Button" library="SeleniumLibrary">
<arg>id=${switch}</arg>
<doc>Clicks the button identified by ``locator``.</doc>
<msg timestamp="20231011 19:58:18.620" level="INFO">Clicking button 'id=switch-button'.</msg>
<status status="PASS" starttime="20231011 19:58:18.620" endtime="20231011 19:58:18.686"/>
</kw>
<status status="PASS" starttime="20231011 19:58:18.619" endtime="20231011 19:58:18.686"/>
</branch>
<status status="PASS" starttime="20231011 19:58:18.619" endtime="20231011 19:58:18.686"/>
</if>
<kw name="Click Element" library="SeleniumLibrary">
<arg>id=seat-flight</arg>
<doc>Click the element identified by ``locator``.</doc>
<msg timestamp="20231011 19:58:18.687" level="INFO">Clicking element 'id=seat-flight'.</msg>
<status status="PASS" starttime="20231011 19:58:18.686" endtime="20231011 19:58:18.727"/>
</kw>
<kw name="Click Element" library="SeleniumLibrary">
<arg>id=Economy</arg>
<doc>Click the element identified by ``locator``.</doc>
<msg timestamp="20231011 19:58:18.728" level="INFO">Clicking element 'id=Economy'.</msg>
<status status="PASS" starttime="20231011 19:58:18.727" endtime="20231011 19:58:18.772"/>
</kw>
<kw name="Click Element" library="SeleniumLibrary">
<arg>id=search</arg>
<doc>Click the element identified by ``locator``.</doc>
<msg timestamp="20231011 19:58:18.773" level="INFO">Clicking element 'id=search'.</msg>
<status status="PASS" starttime="20231011 19:58:18.772" endtime="20231011 19:58:18.822"/>
</kw>
<status status="PASS" starttime="20231011 19:58:17.881" endtime="20231011 19:58:18.822"/>
</kw>
<kw name="Alert Should Be Present" library="SeleniumLibrary">
<arg>There is no information on the departure flight.</arg>
<arg>ACCEPT</arg>
<doc>Verifies that an alert is present and by default, accepts it.</doc>
<msg timestamp="20231011 19:58:18.824" level="INFO">HANDLE::&lt;class 'NoneType'&gt;::None</msg>
<status status="PASS" starttime="20231011 19:58:18.823" endtime="20231011 19:58:19.334"/>
</kw>
<status status="PASS" starttime="20231011 19:58:16.292" endtime="20231011 19:58:19.334"/>
</test>
<test id="s1-s3-t2" name="TC_FLIGHT_ONEWAY_002" line="16">
<kw name="Go To" library="SeleniumLibrary" type="SETUP">
<arg>http://localhost:3000/</arg>
<doc>Navigates the current browser window to the provided ``url``.</doc>
<msg timestamp="20231011 19:58:19.338" level="INFO">Opening url 'http://localhost:3000/'</msg>
<status status="PASS" starttime="20231011 19:58:19.337" endtime="20231011 19:58:20.466"/>
</kw>
<kw name="Click Link" library="SeleniumLibrary">
<arg>id=link-homepage-logo</arg>
<doc>Clicks a link identified by ``locator``.</doc>
<msg timestamp="20231011 19:58:20.467" level="INFO">Clicking link 'id=link-homepage-logo'.</msg>
<status status="PASS" starttime="20231011 19:58:20.466" endtime="20231011 19:58:20.620"/>
</kw>
<kw name="Wait Until Location Is" library="SeleniumLibrary">
<arg>http://localhost:3000/</arg>
<doc>Waits until the current URL is ``expected``.</doc>
<status status="PASS" starttime="20231011 19:58:20.621" endtime="20231011 19:58:20.682"/>
</kw>
<kw name="Click Link" library="SeleniumLibrary">
<arg>id=home</arg>
<doc>Clicks a link identified by ``locator``.</doc>
<msg timestamp="20231011 19:58:20.684" level="INFO">Clicking link 'id=home'.</msg>
<status status="PASS" starttime="20231011 19:58:20.683" endtime="20231011 19:58:20.749"/>
</kw>
<kw name="Wait Until Location Is" library="SeleniumLibrary">
<arg>http://localhost:3000/</arg>
<doc>Waits until the current URL is ``expected``.</doc>
<status status="PASS" starttime="20231011 19:58:20.750" endtime="20231011 19:58:20.771"/>
</kw>
<kw name="FLIGHT SEARCH" library="keywords">
<arg>OneWay</arg>
<arg>switch=</arg>
<arg>godate=</arg>
<kw name="Click Button" library="SeleniumLibrary">
<arg>id=${type}</arg>
<doc>Clicks the button identified by ``locator``.</doc>
<msg timestamp="20231011 19:58:20.773" level="INFO">Clicking button 'id=OneWay'.</msg>
<status status="PASS" starttime="20231011 19:58:20.773" endtime="20231011 19:58:20.831"/>
</kw>
<kw name="Click Element" library="SeleniumLibrary">
<arg>id=from-flight</arg>
<doc>Click the element identified by ``locator``.</doc>
<msg timestamp="20231011 19:58:20.832" level="INFO">Clicking element 'id=from-flight'.</msg>
<status status="PASS" starttime="20231011 19:58:20.831" endtime="20231011 19:58:20.874"/>
</kw>
<kw name="Click Element" library="SeleniumLibrary">
<arg>id=BKK</arg>
<doc>Click the element identified by ``locator``.</doc>
<msg timestamp="20231011 19:58:20.876" level="INFO">Clicking element 'id=BKK'.</msg>
<status status="PASS" starttime="20231011 19:58:20.874" endtime="20231011 19:58:20.918"/>
</kw>
<kw name="Click Element" library="SeleniumLibrary">
<arg>id=go-flight</arg>
<doc>Click the element identified by ``locator``.</doc>
<msg timestamp="20231011 19:58:20.919" level="INFO">Clicking element 'id=go-flight'.</msg>
<status status="PASS" starttime="20231011 19:58:20.918" endtime="20231011 19:58:20.953"/>
</kw>
<kw name="Click Element" library="SeleniumLibrary">
<arg>id=KBV</arg>
<doc>Click the element identified by ``locator``.</doc>
<msg timestamp="20231011 19:58:20.954" level="INFO">Clicking element 'id=KBV'.</msg>
<status status="PASS" starttime="20231011 19:58:20.953" endtime="20231011 19:58:20.999"/>
</kw>
<kw name="Click Element" library="SeleniumLibrary">
<arg>id=button-from-date</arg>
<doc>Click the element identified by ``locator``.</doc>
<msg timestamp="20231011 19:58:21.000" level="INFO">Clicking element 'id=button-from-date'.</msg>
<status status="PASS" starttime="20231011 19:58:20.999" endtime="20231011 19:58:21.155"/>
</kw>
<kw name="Click Button" library="SeleniumLibrary">
<arg>xpath=//*[@id="button-from-select-date"]/div[1]/div[2]/button[1]</arg>
<doc>Clicks the button identified by ``locator``.</doc>
<msg timestamp="20231011 19:58:21.156" level="INFO">Clicking button 'xpath=//*[@id="button-from-select-date"]/div[1]/div[2]/button[1]'.</msg>
<status status="PASS" starttime="20231011 19:58:21.155" endtime="20231011 19:58:21.298"/>
</kw>
<kw name="Click Button" library="SeleniumLibrary">
<arg>xpath=//*[@id="button-from-select-date"]/div[2]/div/div[2]/div/div[5]/button[7]</arg>
<doc>Clicks the button identified by ``locator``.</doc>
<msg timestamp="20231011 19:58:21.300" level="INFO">Clicking button 'xpath=//*[@id="button-from-select-date"]/div[2]/div/div[2]/div/div[5]/button[7]'.</msg>
<status status="PASS" starttime="20231011 19:58:21.299" endtime="20231011 19:58:21.389"/>
</kw>
<if>
<branch type="IF" condition="'${type}' == 'roundTrip'">
<kw name="Sleep" library="BuiltIn">
<arg>1s</arg>
<doc>Pauses the test executed for the given time.</doc>
<status status="NOT RUN" starttime="20231011 19:58:21.390" endtime="20231011 19:58:21.390"/>
</kw>
<kw name="Click Element" library="SeleniumLibrary">
<arg>id=button-go-date</arg>
<doc>Click the element identified by ``locator``.</doc>
<status status="NOT RUN" starttime="20231011 19:58:21.390" endtime="20231011 19:58:21.390"/>
</kw>
<kw name="Click Button" library="SeleniumLibrary">
<arg>xpath=${godate}</arg>
<doc>Clicks the button identified by ``locator``.</doc>
<status status="NOT RUN" starttime="20231011 19:58:21.390" endtime="20231011 19:58:21.390"/>
</kw>
<status status="NOT RUN" starttime="20231011 19:58:21.389" endtime="20231011 19:58:21.390"/>
</branch>
<status status="PASS" starttime="20231011 19:58:21.389" endtime="20231011 19:58:21.390"/>
</if>
<if>
<branch type="IF" condition="'${switch}' == 'switch-button'">
<kw name="Click Button" library="SeleniumLibrary">
<arg>id=${switch}</arg>
<doc>Clicks the button identified by ``locator``.</doc>
<status status="NOT RUN" starttime="20231011 19:58:21.391" endtime="20231011 19:58:21.391"/>
</kw>
<status status="NOT RUN" starttime="20231011 19:58:21.390" endtime="20231011 19:58:21.391"/>
</branch>
<status status="PASS" starttime="20231011 19:58:21.390" endtime="20231011 19:58:21.391"/>
</if>
<kw name="Click Element" library="SeleniumLibrary">
<arg>id=seat-flight</arg>
<doc>Click the element identified by ``locator``.</doc>
<msg timestamp="20231011 19:58:21.393" level="INFO">Clicking element 'id=seat-flight'.</msg>
<status status="PASS" starttime="20231011 19:58:21.392" endtime="20231011 19:58:21.429"/>
</kw>
<kw name="Click Element" library="SeleniumLibrary">
<arg>id=Economy</arg>
<doc>Click the element identified by ``locator``.</doc>
<msg timestamp="20231011 19:58:21.430" level="INFO">Clicking element 'id=Economy'.</msg>
<status status="PASS" starttime="20231011 19:58:21.430" endtime="20231011 19:58:21.465"/>
</kw>
<kw name="Click Element" library="SeleniumLibrary">
<arg>id=search</arg>
<doc>Click the element identified by ``locator``.</doc>
<msg timestamp="20231011 19:58:21.466" level="INFO">Clicking element 'id=search'.</msg>
<status status="PASS" starttime="20231011 19:58:21.465" endtime="20231011 19:58:21.503"/>
</kw>
<status status="PASS" starttime="20231011 19:58:20.772" endtime="20231011 19:58:21.505"/>
</kw>
<kw name="Wait Until Page Contains" library="SeleniumLibrary">
<arg>เที่ยวบินขาออก</arg>
<doc>Waits until ``text`` appears on the current page.</doc>
<status status="PASS" starttime="20231011 19:58:21.506" endtime="20231011 19:58:22.627"/>
</kw>
<status status="PASS" starttime="20231011 19:58:19.336" endtime="20231011 19:58:22.627"/>
</test>
<test id="s1-s3-t3" name="TC_FLIGHT_ONEWAY_003" line="24">
<kw name="Go To" library="SeleniumLibrary" type="SETUP">
<arg>http://localhost:3000/</arg>
<doc>Navigates the current browser window to the provided ``url``.</doc>
<msg timestamp="20231011 19:58:22.628" level="INFO">Opening url 'http://localhost:3000/'</msg>
<status status="PASS" starttime="20231011 19:58:22.628" endtime="20231011 19:58:23.745"/>
</kw>
<kw name="Click Link" library="SeleniumLibrary">
<arg>เที่ยวบิน</arg>
<doc>Clicks a link identified by ``locator``.</doc>
<msg timestamp="20231011 19:58:23.746" level="INFO">Clicking link 'เที่ยวบิน'.</msg>
<status status="PASS" starttime="20231011 19:58:23.746" endtime="20231011 19:58:23.897"/>
</kw>
<kw name="Wait Until Location Is" library="SeleniumLibrary">
<arg>http://localhost:3000/flight</arg>
<doc>Waits until the current URL is ``expected``.</doc>
<status status="PASS" starttime="20231011 19:58:23.898" endtime="20231011 19:58:25.024"/>
</kw>
<kw name="Click Button" library="SeleniumLibrary">
<arg>id=changeFlight</arg>
<doc>Clicks the button identified by ``locator``.</doc>
<msg timestamp="20231011 19:58:25.024" level="INFO">Clicking button 'id=changeFlight'.</msg>
<status status="PASS" starttime="20231011 19:58:25.024" endtime="20231011 19:58:25.094"/>
</kw>
<kw name="Sleep" library="BuiltIn">
<arg>1s</arg>
<doc>Pauses the test executed for the given time.</doc>
<msg timestamp="20231011 19:58:26.107" level="INFO">Slept 1 second</msg>
<status status="PASS" starttime="20231011 19:58:25.094" endtime="20231011 19:58:26.107"/>
</kw>
<kw name="FLIGHT SEARCH" library="keywords">
<arg>OneWay</arg>
<arg>switch-button</arg>
<arg>godate=</arg>
<kw name="Click Button" library="SeleniumLibrary">
<arg>id=${type}</arg>
<doc>Clicks the button identified by ``locator``.</doc>
<msg timestamp="20231011 19:58:26.109" level="INFO">Clicking button 'id=OneWay'.</msg>
<status status="PASS" starttime="20231011 19:58:26.108" endtime="20231011 19:58:26.168"/>
</kw>
<kw name="Click Element" library="SeleniumLibrary">
<arg>id=from-flight</arg>
<doc>Click the element identified by ``locator``.</doc>
<msg timestamp="20231011 19:58:26.169" level="INFO">Clicking element 'id=from-flight'.</msg>
<status status="PASS" starttime="20231011 19:58:26.168" endtime="20231011 19:58:26.212"/>
</kw>
<kw name="Click Element" library="SeleniumLibrary">
<arg>id=BKK</arg>
<doc>Click the element identified by ``locator``.</doc>
<msg timestamp="20231011 19:58:26.212" level="INFO">Clicking element 'id=BKK'.</msg>
<status status="PASS" starttime="20231011 19:58:26.212" endtime="20231011 19:58:26.262"/>
</kw>
<kw name="Click Element" library="SeleniumLibrary">
<arg>id=go-flight</arg>
<doc>Click the element identified by ``locator``.</doc>
<msg timestamp="20231011 19:58:26.263" level="INFO">Clicking element 'id=go-flight'.</msg>
<status status="PASS" starttime="20231011 19:58:26.262" endtime="20231011 19:58:26.304"/>
</kw>
<kw name="Click Element" library="SeleniumLibrary">
<arg>id=KBV</arg>
<doc>Click the element identified by ``locator``.</doc>
<msg timestamp="20231011 19:58:26.305" level="INFO">Clicking element 'id=KBV'.</msg>
<status status="PASS" starttime="20231011 19:58:26.304" endtime="20231011 19:58:26.349"/>
</kw>
<kw name="Click Element" library="SeleniumLibrary">
<arg>id=button-from-date</arg>
<doc>Click the element identified by ``locator``.</doc>
<msg timestamp="20231011 19:58:26.349" level="INFO">Clicking element 'id=button-from-date'.</msg>
<status status="PASS" starttime="20231011 19:58:26.349" endtime="20231011 19:58:26.518"/>
</kw>
<kw name="Click Button" library="SeleniumLibrary">
<arg>xpath=//*[@id="button-from-select-date"]/div[1]/div[2]/button[1]</arg>
<doc>Clicks the button identified by ``locator``.</doc>
<msg timestamp="20231011 19:58:26.519" level="INFO">Clicking button 'xpath=//*[@id="button-from-select-date"]/div[1]/div[2]/button[1]'.</msg>
<status status="PASS" starttime="20231011 19:58:26.518" endtime="20231011 19:58:26.668"/>
</kw>
<kw name="Click Button" library="SeleniumLibrary">
<arg>xpath=//*[@id="button-from-select-date"]/div[2]/div/div[2]/div/div[5]/button[7]</arg>
<doc>Clicks the button identified by ``locator``.</doc>
<msg timestamp="20231011 19:58:26.669" level="INFO">Clicking button 'xpath=//*[@id="button-from-select-date"]/div[2]/div/div[2]/div/div[5]/button[7]'.</msg>
<status status="PASS" starttime="20231011 19:58:26.669" endtime="20231011 19:58:26.761"/>
</kw>
<if>
<branch type="IF" condition="'${type}' == 'roundTrip'">
<kw name="Sleep" library="BuiltIn">
<arg>1s</arg>
<doc>Pauses the test executed for the given time.</doc>
<status status="NOT RUN" starttime="20231011 19:58:26.761" endtime="20231011 19:58:26.761"/>
</kw>
<kw name="Click Element" library="SeleniumLibrary">
<arg>id=button-go-date</arg>
<doc>Click the element identified by ``locator``.</doc>
<status status="NOT RUN" starttime="20231011 19:58:26.762" endtime="20231011 19:58:26.762"/>
</kw>
<kw name="Click Button" library="SeleniumLibrary">
<arg>xpath=${godate}</arg>
<doc>Clicks the button identified by ``locator``.</doc>
<status status="NOT RUN" starttime="20231011 19:58:26.762" endtime="20231011 19:58:26.762"/>
</kw>
<status status="NOT RUN" starttime="20231011 19:58:26.761" endtime="20231011 19:58:26.762"/>
</branch>
<status status="PASS" starttime="20231011 19:58:26.761" endtime="20231011 19:58:26.762"/>
</if>
<if>
<branch type="IF" condition="'${switch}' == 'switch-button'">
<kw name="Click Button" library="SeleniumLibrary">
<arg>id=${switch}</arg>
<doc>Clicks the button identified by ``locator``.</doc>
<msg timestamp="20231011 19:58:26.762" level="INFO">Clicking button 'id=switch-button'.</msg>
<status status="PASS" starttime="20231011 19:58:26.762" endtime="20231011 19:58:26.815"/>
</kw>
<status status="PASS" starttime="20231011 19:58:26.762" endtime="20231011 19:58:26.815"/>
</branch>
<status status="PASS" starttime="20231011 19:58:26.762" endtime="20231011 19:58:26.815"/>
</if>
<kw name="Click Element" library="SeleniumLibrary">
<arg>id=seat-flight</arg>
<doc>Click the element identified by ``locator``.</doc>
<msg timestamp="20231011 19:58:26.816" level="INFO">Clicking element 'id=seat-flight'.</msg>
<status status="PASS" starttime="20231011 19:58:26.815" endtime="20231011 19:58:26.850"/>
</kw>
<kw name="Click Element" library="SeleniumLibrary">
<arg>id=Economy</arg>
<doc>Click the element identified by ``locator``.</doc>
<msg timestamp="20231011 19:58:26.851" level="INFO">Clicking element 'id=Economy'.</msg>
<status status="PASS" starttime="20231011 19:58:26.850" endtime="20231011 19:58:26.888"/>
</kw>
<kw name="Click Element" library="SeleniumLibrary">
<arg>id=search</arg>
<doc>Click the element identified by ``locator``.</doc>
<msg timestamp="20231011 19:58:26.889" level="INFO">Clicking element 'id=search'.</msg>
<status status="PASS" starttime="20231011 19:58:26.888" endtime="20231011 19:58:26.931"/>
</kw>
<status status="PASS" starttime="20231011 19:58:26.107" endtime="20231011 19:58:26.931"/>
</kw>
<kw name="Alert Should Be Present" library="SeleniumLibrary">
<arg>There is no information on the departure flight.</arg>
<arg>ACCEPT</arg>
<doc>Verifies that an alert is present and by default, accepts it.</doc>
<msg timestamp="20231011 19:58:26.932" level="INFO">HANDLE::&lt;class 'NoneType'&gt;::None</msg>
<status status="PASS" starttime="20231011 19:58:26.931" endtime="20231011 19:58:26.941"/>
</kw>
<status status="PASS" starttime="20231011 19:58:22.628" endtime="20231011 19:58:26.942"/>
</test>
<test id="s1-s3-t4" name="TC_FLIGHT_ONEWAY_004" line="32">
<kw name="Go To" library="SeleniumLibrary" type="SETUP">
<arg>http://localhost:3000/</arg>
<doc>Navigates the current browser window to the provided ``url``.</doc>
<msg timestamp="20231011 19:58:26.944" level="INFO">Opening url 'http://localhost:3000/'</msg>
<status status="PASS" starttime="20231011 19:58:26.944" endtime="20231011 19:58:28.269"/>
</kw>
<kw name="Flight search oneway success" library="keywords">
<kw name="Click Link" library="SeleniumLibrary">
<arg>เที่ยวบิน</arg>
<doc>Clicks a link identified by ``locator``.</doc>
<msg timestamp="20231011 19:58:28.270" level="INFO">Clicking link 'เที่ยวบิน'.</msg>
<status status="PASS" starttime="20231011 19:58:28.270" endtime="20231011 19:58:28.416"/>
</kw>
<kw name="Wait Until Location Is" library="SeleniumLibrary">
<arg>http://localhost:3000/flight</arg>
<doc>Waits until the current URL is ``expected``.</doc>
<status status="PASS" starttime="20231011 19:58:28.416" endtime="20231011 19:58:29.498"/>
</kw>
<kw name="Click Button" library="SeleniumLibrary">
<arg>id=changeFlight</arg>
<doc>Clicks the button identified by ``locator``.</doc>
<msg timestamp="20231011 19:58:29.499" level="INFO">Clicking button 'id=changeFlight'.</msg>
<status status="PASS" starttime="20231011 19:58:29.498" endtime="20231011 19:58:29.561"/>
</kw>
<kw name="Sleep" library="BuiltIn">
<arg>1s</arg>
<doc>Pauses the test executed for the given time.</doc>
<msg timestamp="20231011 19:58:30.576" level="INFO">Slept 1 second</msg>
<status status="PASS" starttime="20231011 19:58:29.561" endtime="20231011 19:58:30.576"/>
</kw>
<kw name="FLIGHT SEARCH" library="keywords">
<arg>OneWay</arg>
<arg>switch=</arg>
<arg>godate=</arg>
<kw name="Click Button" library="SeleniumLibrary">
<arg>id=${type}</arg>
<doc>Clicks the button identified by ``locator``.</doc>
<msg timestamp="20231011 19:58:30.577" level="INFO">Clicking button 'id=OneWay'.</msg>
<status status="PASS" starttime="20231011 19:58:30.577" endtime="20231011 19:58:30.634"/>
</kw>
<kw name="Click Element" library="SeleniumLibrary">
<arg>id=from-flight</arg>
<doc>Click the element identified by ``locator``.</doc>
<msg timestamp="20231011 19:58:30.635" level="INFO">Clicking element 'id=from-flight'.</msg>
<status status="PASS" starttime="20231011 19:58:30.634" endtime="20231011 19:58:30.677"/>
</kw>
<kw name="Click Element" library="SeleniumLibrary">
<arg>id=BKK</arg>
<doc>Click the element identified by ``locator``.</doc>
<msg timestamp="20231011 19:58:30.678" level="INFO">Clicking element 'id=BKK'.</msg>
<status status="PASS" starttime="20231011 19:58:30.677" endtime="20231011 19:58:30.728"/>
</kw>
<kw name="Click Element" library="SeleniumLibrary">
<arg>id=go-flight</arg>
<doc>Click the element identified by ``locator``.</doc>
<msg timestamp="20231011 19:58:30.729" level="INFO">Clicking element 'id=go-flight'.</msg>
<status status="PASS" starttime="20231011 19:58:30.728" endtime="20231011 19:58:30.820"/>
</kw>
<kw name="Click Element" library="SeleniumLibrary">
<arg>id=KBV</arg>
<doc>Click the element identified by ``locator``.</doc>
<msg timestamp="20231011 19:58:30.820" level="INFO">Clicking element 'id=KBV'.</msg>
<status status="PASS" starttime="20231011 19:58:30.820" endtime="20231011 19:58:30.871"/>
</kw>
<kw name="Click Element" library="SeleniumLibrary">
<arg>id=button-from-date</arg>
<doc>Click the element identified by ``locator``.</doc>
<msg timestamp="20231011 19:58:30.872" level="INFO">Clicking element 'id=button-from-date'.</msg>
<status status="PASS" starttime="20231011 19:58:30.871" endtime="20231011 19:58:31.030"/>
</kw>
<kw name="Click Button" library="SeleniumLibrary">
<arg>xpath=//*[@id="button-from-select-date"]/div[1]/div[2]/button[1]</arg>
<doc>Clicks the button identified by ``locator``.</doc>
<msg timestamp="20231011 19:58:31.032" level="INFO">Clicking button 'xpath=//*[@id="button-from-select-date"]/div[1]/div[2]/button[1]'.</msg>
<status status="PASS" starttime="20231011 19:58:31.031" endtime="20231011 19:58:31.182"/>
</kw>
<kw name="Click Button" library="SeleniumLibrary">
<arg>xpath=//*[@id="button-from-select-date"]/div[2]/div/div[2]/div/div[5]/button[7]</arg>
<doc>Clicks the button identified by ``locator``.</doc>
<msg timestamp="20231011 19:58:31.184" level="INFO">Clicking button 'xpath=//*[@id="button-from-select-date"]/div[2]/div/div[2]/div/div[5]/button[7]'.</msg>
<status status="PASS" starttime="20231011 19:58:31.182" endtime="20231011 19:58:31.272"/>
</kw>
<if>
<branch type="IF" condition="'${type}' == 'roundTrip'">
<kw name="Sleep" library="BuiltIn">
<arg>1s</arg>
<doc>Pauses the test executed for the given time.</doc>
<status status="NOT RUN" starttime="20231011 19:58:31.272" endtime="20231011 19:58:31.272"/>
</kw>
<kw name="Click Element" library="SeleniumLibrary">
<arg>id=button-go-date</arg>
<doc>Click the element identified by ``locator``.</doc>
<status status="NOT RUN" starttime="20231011 19:58:31.272" endtime="20231011 19:58:31.272"/>
</kw>
<kw name="Click Button" library="SeleniumLibrary">
<arg>xpath=${godate}</arg>
<doc>Clicks the button identified by ``locator``.</doc>
<status status="NOT RUN" starttime="20231011 19:58:31.272" endtime="20231011 19:58:31.272"/>
</kw>
<status status="NOT RUN" starttime="20231011 19:58:31.272" endtime="20231011 19:58:31.272"/>
</branch>
<status status="PASS" starttime="20231011 19:58:31.272" endtime="20231011 19:58:31.272"/>
</if>
<if>
<branch type="IF" condition="'${switch}' == 'switch-button'">
<kw name="Click Button" library="SeleniumLibrary">
<arg>id=${switch}</arg>
<doc>Clicks the button identified by ``locator``.</doc>
<status status="NOT RUN" starttime="20231011 19:58:31.272" endtime="20231011 19:58:31.273"/>
</kw>
<status status="NOT RUN" starttime="20231011 19:58:31.272" endtime="20231011 19:58:31.273"/>
</branch>
<status status="PASS" starttime="20231011 19:58:31.272" endtime="20231011 19:58:31.273"/>
</if>
<kw name="Click Element" library="SeleniumLibrary">
<arg>id=seat-flight</arg>
<doc>Click the element identified by ``locator``.</doc>
<msg timestamp="20231011 19:58:31.274" level="INFO">Clicking element 'id=seat-flight'.</msg>
<status status="PASS" starttime="20231011 19:58:31.273" endtime="20231011 19:58:31.312"/>
</kw>
<kw name="Click Element" library="SeleniumLibrary">
<arg>id=Economy</arg>
<doc>Click the element identified by ``locator``.</doc>
<msg timestamp="20231011 19:58:31.313" level="INFO">Clicking element 'id=Economy'.</msg>
<status status="PASS" starttime="20231011 19:58:31.312" endtime="20231011 19:58:31.350"/>
</kw>
<kw name="Click Element" library="SeleniumLibrary">
<arg>id=search</arg>
<doc>Click the element identified by ``locator``.</doc>
<msg timestamp="20231011 19:58:31.351" level="INFO">Clicking element 'id=search'.</msg>
<status status="PASS" starttime="20231011 19:58:31.351" endtime="20231011 19:58:31.392"/>
</kw>
<status status="PASS" starttime="20231011 19:58:30.576" endtime="20231011 19:58:31.392"/>
</kw>
<kw name="Wait Until Page Contains" library="SeleniumLibrary">
<arg>เที่ยวบินขาออก</arg>
<doc>Waits until ``text`` appears on the current page.</doc>
<status status="PASS" starttime="20231011 19:58:31.393" endtime="20231011 19:58:31.558"/>
</kw>
<status status="PASS" starttime="20231011 19:58:28.269" endtime="20231011 19:58:31.558"/>
</kw>
<status status="PASS" starttime="20231011 19:58:26.943" endtime="20231011 19:58:31.558"/>
</test>
<test id="s1-s3-t5" name="TC_FLIGHT_ONEWAY_005" line="35">
<kw name="Go To" library="SeleniumLibrary" type="SETUP">
<arg>http://localhost:3000/</arg>
<doc>Navigates the current browser window to the provided ``url``.</doc>
<msg timestamp="20231011 19:58:31.560" level="INFO">Opening url 'http://localhost:3000/'</msg>
<status status="PASS" starttime="20231011 19:58:31.560" endtime="20231011 19:58:32.846"/>
</kw>
<kw name="Flight search oneway success" library="keywords">
<kw name="Click Link" library="SeleniumLibrary">
<arg>เที่ยวบิน</arg>
<doc>Clicks a link identified by ``locator``.</doc>
<msg timestamp="20231011 19:58:32.848" level="INFO">Clicking link 'เที่ยวบิน'.</msg>
<status status="PASS" starttime="20231011 19:58:32.847" endtime="20231011 19:58:33.007"/>
</kw>
<kw name="Wait Until Location Is" library="SeleniumLibrary">
<arg>http://localhost:3000/flight</arg>
<doc>Waits until the current URL is ``expected``.</doc>
<status status="PASS" starttime="20231011 19:58:33.007" endtime="20231011 19:58:34.101"/>
</kw>
<kw name="Click Button" library="SeleniumLibrary">
<arg>id=changeFlight</arg>
<doc>Clicks the button identified by ``locator``.</doc>
<msg timestamp="20231011 19:58:34.102" level="INFO">Clicking button 'id=changeFlight'.</msg>
<status status="PASS" starttime="20231011 19:58:34.101" endtime="20231011 19:58:34.156"/>
</kw>
<kw name="Sleep" library="BuiltIn">
<arg>1s</arg>
<doc>Pauses the test executed for the given time.</doc>
<msg timestamp="20231011 19:58:35.163" level="INFO">Slept 1 second</msg>
<status status="PASS" starttime="20231011 19:58:34.156" endtime="20231011 19:58:35.163"/>
</kw>
<kw name="FLIGHT SEARCH" library="keywords">
<arg>OneWay</arg>
<arg>switch=</arg>
<arg>godate=</arg>
<kw name="Click Button" library="SeleniumLibrary">
<arg>id=${type}</arg>
<doc>Clicks the button identified by ``locator``.</doc>
<msg timestamp="20231011 19:58:35.164" level="INFO">Clicking button 'id=OneWay'.</msg>
<status status="PASS" starttime="20231011 19:58:35.164" endtime="20231011 19:58:35.218"/>
</kw>
<kw name="Click Element" library="SeleniumLibrary">
<arg>id=from-flight</arg>
<doc>Click the element identified by ``locator``.</doc>
<msg timestamp="20231011 19:58:35.219" level="INFO">Clicking element 'id=from-flight'.</msg>
<status status="PASS" starttime="20231011 19:58:35.219" endtime="20231011 19:58:35.262"/>
</kw>
<kw name="Click Element" library="SeleniumLibrary">
<arg>id=BKK</arg>
<doc>Click the element identified by ``locator``.</doc>
<msg timestamp="20231011 19:58:35.262" level="INFO">Clicking element 'id=BKK'.</msg>
<status status="PASS" starttime="20231011 19:58:35.262" endtime="20231011 19:58:35.315"/>
</kw>
<kw name="Click Element" library="SeleniumLibrary">
<arg>id=go-flight</arg>
<doc>Click the element identified by ``locator``.</doc>
<msg timestamp="20231011 19:58:35.316" level="INFO">Clicking element 'id=go-flight'.</msg>
<status status="PASS" starttime="20231011 19:58:35.315" endtime="20231011 19:58:35.368"/>
</kw>
<kw name="Click Element" library="SeleniumLibrary">
<arg>id=KBV</arg>
<doc>Click the element identified by ``locator``.</doc>
<msg timestamp="20231011 19:58:35.369" level="INFO">Clicking element 'id=KBV'.</msg>
<status status="PASS" starttime="20231011 19:58:35.368" endtime="20231011 19:58:35.440"/>
</kw>
<kw name="Click Element" library="SeleniumLibrary">
<arg>id=button-from-date</arg>
<doc>Click the element identified by ``locator``.</doc>
<msg timestamp="20231011 19:58:35.441" level="INFO">Clicking element 'id=button-from-date'.</msg>
<status status="PASS" starttime="20231011 19:58:35.440" endtime="20231011 19:58:35.613"/>
</kw>
<kw name="Click Button" library="SeleniumLibrary">
<arg>xpath=//*[@id="button-from-select-date"]/div[1]/div[2]/button[1]</arg>
<doc>Clicks the button identified by ``locator``.</doc>
<msg timestamp="20231011 19:58:35.614" level="INFO">Clicking button 'xpath=//*[@id="button-from-select-date"]/div[1]/div[2]/button[1]'.</msg>
<status status="PASS" starttime="20231011 19:58:35.613" endtime="20231011 19:58:35.756"/>
</kw>
<kw name="Click Button" library="SeleniumLibrary">
<arg>xpath=//*[@id="button-from-select-date"]/div[2]/div/div[2]/div/div[5]/button[7]</arg>
<doc>Clicks the button identified by ``locator``.</doc>
<msg timestamp="20231011 19:58:35.758" level="INFO">Clicking button 'xpath=//*[@id="button-from-select-date"]/div[2]/div/div[2]/div/div[5]/button[7]'.</msg>
<status status="PASS" starttime="20231011 19:58:35.757" endtime="20231011 19:58:35.850"/>
</kw>
<if>
<branch type="IF" condition="'${type}' == 'roundTrip'">
<kw name="Sleep" library="BuiltIn">
<arg>1s</arg>
<doc>Pauses the test executed for the given time.</doc>
<status status="NOT RUN" starttime="20231011 19:58:35.851" endtime="20231011 19:58:35.851"/>
</kw>
<kw name="Click Element" library="SeleniumLibrary">
<arg>id=button-go-date</arg>
<doc>Click the element identified by ``locator``.</doc>
<status status="NOT RUN" starttime="20231011 19:58:35.851" endtime="20231011 19:58:35.851"/>
</kw>
<kw name="Click Button" library="SeleniumLibrary">
<arg>xpath=${godate}</arg>
<doc>Clicks the button identified by ``locator``.</doc>
<status status="NOT RUN" starttime="20231011 19:58:35.851" endtime="20231011 19:58:35.851"/>
</kw>
<status status="NOT RUN" starttime="20231011 19:58:35.850" endtime="20231011 19:58:35.851"/>
</branch>
<status status="PASS" starttime="20231011 19:58:35.850" endtime="20231011 19:58:35.851"/>
</if>
<if>
<branch type="IF" condition="'${switch}' == 'switch-button'">
<kw name="Click Button" library="SeleniumLibrary">
<arg>id=${switch}</arg>
<doc>Clicks the button identified by ``locator``.</doc>
<status status="NOT RUN" starttime="20231011 19:58:35.852" endtime="20231011 19:58:35.852"/>
</kw>
<status status="NOT RUN" starttime="20231011 19:58:35.852" endtime="20231011 19:58:35.852"/>
</branch>
<status status="PASS" starttime="20231011 19:58:35.852" endtime="20231011 19:58:35.852"/>
</if>
<kw name="Click Element" library="SeleniumLibrary">
<arg>id=seat-flight</arg>
<doc>Click the element identified by ``locator``.</doc>
<msg timestamp="20231011 19:58:35.853" level="INFO">Clicking element 'id=seat-flight'.</msg>
<status status="PASS" starttime="20231011 19:58:35.852" endtime="20231011 19:58:35.889"/>
</kw>
<kw name="Click Element" library="SeleniumLibrary">
<arg>id=Economy</arg>
<doc>Click the element identified by ``locator``.</doc>
<msg timestamp="20231011 19:58:35.890" level="INFO">Clicking element 'id=Economy'.</msg>
<status status="PASS" starttime="20231011 19:58:35.889" endtime="20231011 19:58:35.946"/>
</kw>
<kw name="Click Element" library="SeleniumLibrary">
<arg>id=search</arg>
<doc>Click the element identified by ``locator``.</doc>
<msg timestamp="20231011 19:58:35.948" level="INFO">Clicking element 'id=search'.</msg>
<status status="PASS" starttime="20231011 19:58:35.947" endtime="20231011 19:58:36.015"/>
</kw>
<status status="PASS" starttime="20231011 19:58:35.163" endtime="20231011 19:58:36.015"/>
</kw>
<kw name="Wait Until Page Contains" library="SeleniumLibrary">
<arg>เที่ยวบินขาออก</arg>
<doc>Waits until ``text`` appears on the current page.</doc>
<status status="PASS" starttime="20231011 19:58:36.015" endtime="20231011 19:58:36.088"/>
</kw>
<status status="PASS" starttime="20231011 19:58:32.847" endtime="20231011 19:58:36.088"/>
</kw>
<kw name="Click Button" library="SeleniumLibrary">
<arg>id=submit-0</arg>
<doc>Clicks the button identified by ``locator``.</doc>
<msg timestamp="20231011 19:58:36.090" level="INFO">Clicking button 'id=submit-0'.</msg>
<status status="PASS" starttime="20231011 19:58:36.089" endtime="20231011 19:58:36.183"/>
</kw>
<kw name="Wait Until Location Is" library="SeleniumLibrary">
[...]
<arg>name=ln</arg>
<arg>ln</arg>
<doc>Types the given ``text`` into the text field identified by ``locator``.</doc>
<msg timestamp="20231011 20:01:32.128" level="INFO">Typing text 'ln' into text field 'name=ln'.</msg>
<status status="PASS" starttime="20231011 20:01:32.128" endtime="20231011 20:01:32.206"/>
</kw>
<kw name="Click Element" library="SeleniumLibrary">
<arg>id=gender</arg>
<doc>Click the element identified by ``locator``.</doc>
<msg timestamp="20231011 20:01:32.208" level="INFO">Clicking element 'id=gender'.</msg>
<status status="PASS" starttime="20231011 20:01:32.207" endtime="20231011 20:01:32.255"/>
</kw>
<kw name="Click Element" library="SeleniumLibrary">
<arg>id=MALE</arg>
<doc>Click the element identified by ``locator``.</doc>
<msg timestamp="20231011 20:01:32.256" level="INFO">Clicking element 'id=MALE'.</msg>
<status status="PASS" starttime="20231011 20:01:32.255" endtime="20231011 20:01:32.303"/>
</kw>
<kw name="Input Text" library="SeleniumLibrary">
<arg>name=email</arg>
<arg>abc@mail.com</arg>
<doc>Types the given ``text`` into the text field identified by ``locator``.</doc>
<msg timestamp="20231011 20:01:32.305" level="INFO">Typing text 'abc@mail.com' into text field 'name=email'.</msg>
<status status="PASS" starttime="20231011 20:01:32.304" endtime="20231011 20:01:32.442"/>
</kw>
<kw name="Input Text" library="SeleniumLibrary">
<arg>name=tel</arg>
<arg>0988888999</arg>
<doc>Types the given ``text`` into the text field identified by ``locator``.</doc>
<msg timestamp="20231011 20:01:32.443" level="INFO">Typing text '0988888999' into text field 'name=tel'.</msg>
<status status="PASS" starttime="20231011 20:01:32.443" endtime="20231011 20:01:32.560"/>
</kw>
<kw name="Click Button" library="SeleniumLibrary">
<arg>id=confirmFlight</arg>
<doc>Clicks the button identified by ``locator``.</doc>
<msg timestamp="20231011 20:01:32.561" level="INFO">Clicking button 'id=confirmFlight'.</msg>
<status status="PASS" starttime="20231011 20:01:32.560" endtime="20231011 20:01:32.620"/>
</kw>
<kw name="Sleep" library="BuiltIn">
<arg>1s</arg>
<doc>Pauses the test executed for the given time.</doc>
<msg timestamp="20231011 20:01:33.628" level="INFO">Slept 1 second</msg>
<status status="PASS" starttime="20231011 20:01:32.620" endtime="20231011 20:01:33.628"/>
</kw>
<kw name="Wait Until Page Contains" library="SeleniumLibrary">
<arg>Congratulations, Your Flight are booking confirmed.</arg>
<doc>Waits until ``text`` appears on the current page.</doc>
<status status="PASS" starttime="20231011 20:01:33.629" endtime="20231011 20:01:33.644"/>
</kw>
<kw name="Click Button" library="SeleniumLibrary">
<arg>id=close-confirm</arg>
<doc>Clicks the button identified by ``locator``.</doc>
<msg timestamp="20231011 20:01:33.645" level="INFO">Clicking button 'id=close-confirm'.</msg>
<status status="PASS" starttime="20231011 20:01:33.645" endtime="20231011 20:01:33.732"/>
</kw>
<kw name="Wait Until Page Does Not Contain" library="SeleniumLibrary">
<arg>Congratulations, Your Flight are booking confirmed.</arg>
<doc>Waits until ``text`` disappears from the current page.</doc>
<status status="PASS" starttime="20231011 20:01:33.733" endtime="20231011 20:01:33.963"/>
</kw>
<status status="PASS" starttime="20231011 20:01:26.529" endtime="20231011 20:01:33.963"/>
</test>
<test id="s1-s4-t16" name="TC_FLIGHT_ROUNDTRIP_016" line="157">
<kw name="Go To" library="SeleniumLibrary" type="SETUP">
<arg>http://localhost:3000/</arg>
<doc>Navigates the current browser window to the provided ``url``.</doc>
<msg timestamp="20231011 20:01:33.965" level="INFO">Opening url 'http://localhost:3000/'</msg>
<status status="PASS" starttime="20231011 20:01:33.964" endtime="20231011 20:01:35.172"/>
</kw>
<kw name="Flight search roundTrip success" library="keywords">
<kw name="FLIGHT SEARCH" library="keywords">
<arg>roundTrip</arg>
<arg>switch=</arg>
<arg>godate=//*[@id="button-go-select-date"]/div[2]/div/div[2]/div/div[1]/button[5]</arg>
<kw name="Click Button" library="SeleniumLibrary">
<arg>id=${type}</arg>
<doc>Clicks the button identified by ``locator``.</doc>
<msg timestamp="20231011 20:01:35.175" level="INFO">Clicking button 'id=roundTrip'.</msg>
<status status="PASS" starttime="20231011 20:01:35.174" endtime="20231011 20:01:35.361"/>
</kw>
<kw name="Click Element" library="SeleniumLibrary">
<arg>id=from-flight</arg>
<doc>Click the element identified by ``locator``.</doc>
<msg timestamp="20231011 20:01:35.362" level="INFO">Clicking element 'id=from-flight'.</msg>
<status status="PASS" starttime="20231011 20:01:35.361" endtime="20231011 20:01:35.446"/>
</kw>
<kw name="Click Element" library="SeleniumLibrary">
<arg>id=BKK</arg>
<doc>Click the element identified by ``locator``.</doc>
<msg timestamp="20231011 20:01:35.447" level="INFO">Clicking element 'id=BKK'.</msg>
<status status="PASS" starttime="20231011 20:01:35.446" endtime="20231011 20:01:35.505"/>
</kw>
<kw name="Click Element" library="SeleniumLibrary">
<arg>id=go-flight</arg>
<doc>Click the element identified by ``locator``.</doc>
<msg timestamp="20231011 20:01:35.507" level="INFO">Clicking element 'id=go-flight'.</msg>
<status status="PASS" starttime="20231011 20:01:35.505" endtime="20231011 20:01:35.546"/>
</kw>
<kw name="Click Element" library="SeleniumLibrary">
<arg>id=KBV</arg>
<doc>Click the element identified by ``locator``.</doc>
<msg timestamp="20231011 20:01:35.547" level="INFO">Clicking element 'id=KBV'.</msg>
<status status="PASS" starttime="20231011 20:01:35.547" endtime="20231011 20:01:35.596"/>
</kw>
<kw name="Click Element" library="SeleniumLibrary">
<arg>id=button-from-date</arg>
<doc>Click the element identified by ``locator``.</doc>
<msg timestamp="20231011 20:01:35.597" level="INFO">Clicking element 'id=button-from-date'.</msg>
<status status="PASS" starttime="20231011 20:01:35.596" endtime="20231011 20:01:35.771"/>
</kw>
<kw name="Click Button" library="SeleniumLibrary">
<arg>xpath=//*[@id="button-from-select-date"]/div[1]/div[2]/button[1]</arg>
<doc>Clicks the button identified by ``locator``.</doc>
<msg timestamp="20231011 20:01:35.772" level="INFO">Clicking button 'xpath=//*[@id="button-from-select-date"]/div[1]/div[2]/button[1]'.</msg>
<status status="PASS" starttime="20231011 20:01:35.772" endtime="20231011 20:01:35.919"/>
</kw>
<kw name="Click Button" library="SeleniumLibrary">
<arg>xpath=//*[@id="button-from-select-date"]/div[2]/div/div[2]/div/div[5]/button[7]</arg>
<doc>Clicks the button identified by ``locator``.</doc>
<msg timestamp="20231011 20:01:35.920" level="INFO">Clicking button 'xpath=//*[@id="button-from-select-date"]/div[2]/div/div[2]/div/div[5]/button[7]'.</msg>
<status status="PASS" starttime="20231011 20:01:35.920" endtime="20231011 20:01:36.011"/>
</kw>
<if>
<branch type="IF" condition="'${type}' == 'roundTrip'">
<kw name="Sleep" library="BuiltIn">
<arg>1s</arg>
<doc>Pauses the test executed for the given time.</doc>
<msg timestamp="20231011 20:01:37.021" level="INFO">Slept 1 second</msg>
<status status="PASS" starttime="20231011 20:01:36.012" endtime="20231011 20:01:37.021"/>
</kw>
<kw name="Click Element" library="SeleniumLibrary">
<arg>id=button-go-date</arg>
<doc>Click the element identified by ``locator``.</doc>
<msg timestamp="20231011 20:01:37.022" level="INFO">Clicking element 'id=button-go-date'.</msg>
<status status="PASS" starttime="20231011 20:01:37.021" endtime="20231011 20:01:37.143"/>
</kw>
<kw name="Click Button" library="SeleniumLibrary">
<arg>xpath=${godate}</arg>
<doc>Clicks the button identified by ``locator``.</doc>
<msg timestamp="20231011 20:01:37.145" level="INFO">Clicking button 'xpath=//*[@id="button-go-select-date"]/div[2]/div/div[2]/div/div[1]/button[5]'.</msg>
<status status="PASS" starttime="20231011 20:01:37.144" endtime="20231011 20:01:37.227"/>
</kw>
<status status="PASS" starttime="20231011 20:01:36.011" endtime="20231011 20:01:37.227"/>
</branch>
<status status="PASS" starttime="20231011 20:01:36.011" endtime="20231011 20:01:37.227"/>
</if>
<if>
<branch type="IF" condition="'${switch}' == 'switch-button'">
<kw name="Click Button" library="SeleniumLibrary">
<arg>id=${switch}</arg>
<doc>Clicks the button identified by ``locator``.</doc>
<status status="NOT RUN" starttime="20231011 20:01:37.228" endtime="20231011 20:01:37.228"/>
</kw>
<status status="NOT RUN" starttime="20231011 20:01:37.227" endtime="20231011 20:01:37.228"/>
</branch>
<status status="PASS" starttime="20231011 20:01:37.227" endtime="20231011 20:01:37.228"/>
</if>
<kw name="Click Element" library="SeleniumLibrary">
<arg>id=seat-flight</arg>
<doc>Click the element identified by ``locator``.</doc>
<msg timestamp="20231011 20:01:37.228" level="INFO">Clicking element 'id=seat-flight'.</msg>
<status status="PASS" starttime="20231011 20:01:37.228" endtime="20231011 20:01:37.262"/>
</kw>
<kw name="Click Element" library="SeleniumLibrary">
<arg>id=Economy</arg>
<doc>Click the element identified by ``locator``.</doc>
<msg timestamp="20231011 20:01:37.263" level="INFO">Clicking element 'id=Economy'.</msg>
<status status="PASS" starttime="20231011 20:01:37.263" endtime="20231011 20:01:37.324"/>
</kw>
<kw name="Click Element" library="SeleniumLibrary">
<arg>id=search</arg>
<doc>Click the element identified by ``locator``.</doc>
<msg timestamp="20231011 20:01:37.325" level="INFO">Clicking element 'id=search'.</msg>
<status status="PASS" starttime="20231011 20:01:37.324" endtime="20231011 20:01:37.367"/>
</kw>
<status status="PASS" starttime="20231011 20:01:35.173" endtime="20231011 20:01:37.367"/>
</kw>
<kw name="Wait Until Page Contains" library="SeleniumLibrary">
<arg>เที่ยวบินขาออก</arg>
<doc>Waits until ``text`` appears on the current page.</doc>
<status status="PASS" starttime="20231011 20:01:37.368" endtime="20231011 20:01:38.485"/>
</kw>
<kw name="Click Button" library="SeleniumLibrary">
<arg>id=submit-0</arg>
<doc>Clicks the button identified by ``locator``.</doc>
<msg timestamp="20231011 20:01:38.486" level="INFO">Clicking button 'id=submit-0'.</msg>
<status status="PASS" starttime="20231011 20:01:38.485" endtime="20231011 20:01:38.560"/>
</kw>
<kw name="Wait Until Page Contains" library="SeleniumLibrary">
<arg>เที่ยวบินขากลับ</arg>
<doc>Waits until ``text`` appears on the current page.</doc>
<status status="PASS" starttime="20231011 20:01:38.560" endtime="20231011 20:01:38.610"/>
</kw>
<kw name="Click Button" library="SeleniumLibrary">
<arg>id=submit-1</arg>
<doc>Clicks the button identified by ``locator``.</doc>
<msg timestamp="20231011 20:01:38.610" level="INFO">Clicking button 'id=submit-1'.</msg>
<status status="PASS" starttime="20231011 20:01:38.610" endtime="20231011 20:01:38.680"/>
</kw>
<kw name="Wait Until Location Is" library="SeleniumLibrary">
<arg>http://localhost:3000/flight/confirm</arg>
<doc>Waits until the current URL is ``expected``.</doc>
<status status="PASS" starttime="20231011 20:01:38.680" endtime="20231011 20:01:39.102"/>
</kw>
<kw name="Wait Until Page Contains" library="SeleniumLibrary">
<arg>TF001</arg>
<doc>Waits until ``text`` appears on the current page.</doc>
<status status="PASS" starttime="20231011 20:01:39.102" endtime="20231011 20:01:39.110"/>
</kw>
<kw name="Wait Until Page Contains" library="SeleniumLibrary">
<arg>TF005</arg>
<doc>Waits until ``text`` appears on the current page.</doc>
<status status="PASS" starttime="20231011 20:01:39.111" endtime="20231011 20:01:39.118"/>
</kw>
<status status="PASS" starttime="20231011 20:01:35.173" endtime="20231011 20:01:39.118"/>
</kw>
<kw name="Input Text" library="SeleniumLibrary">
<arg>name=fn</arg>
<arg>nam</arg>
<doc>Types the given ``text`` into the text field identified by ``locator``.</doc>
<msg timestamp="20231011 20:01:39.119" level="INFO">Typing text 'nam' into text field 'name=fn'.</msg>
<status status="PASS" starttime="20231011 20:01:39.119" endtime="20231011 20:01:39.203"/>
</kw>
<kw name="Input Text" library="SeleniumLibrary">
<arg>name=ln</arg>
<arg>ln</arg>
<doc>Types the given ``text`` into the text field identified by ``locator``.</doc>
<msg timestamp="20231011 20:01:39.204" level="INFO">Typing text 'ln' into text field 'name=ln'.</msg>
<status status="PASS" starttime="20231011 20:01:39.203" endtime="20231011 20:01:39.281"/>
</kw>
<kw name="Click Element" library="SeleniumLibrary">
<arg>id=gender</arg>
<doc>Click the element identified by ``locator``.</doc>
<msg timestamp="20231011 20:01:39.283" level="INFO">Clicking element 'id=gender'.</msg>
<status status="PASS" starttime="20231011 20:01:39.282" endtime="20231011 20:01:39.326"/>
</kw>
<kw name="Click Element" library="SeleniumLibrary">
<arg>id=MALE</arg>
<doc>Click the element identified by ``locator``.</doc>
<msg timestamp="20231011 20:01:39.327" level="INFO">Clicking element 'id=MALE'.</msg>
<status status="PASS" starttime="20231011 20:01:39.326" endtime="20231011 20:01:39.371"/>
</kw>
<kw name="Input Text" library="SeleniumLibrary">
<arg>name=email</arg>
<arg>abc@mail.com</arg>
<doc>Types the given ``text`` into the text field identified by ``locator``.</doc>
<msg timestamp="20231011 20:01:39.372" level="INFO">Typing text 'abc@mail.com' into text field 'name=email'.</msg>
<status status="PASS" starttime="20231011 20:01:39.372" endtime="20231011 20:01:39.501"/>
</kw>
<kw name="Input Text" library="SeleniumLibrary">
<arg>name=tel</arg>
<arg>0988888999</arg>
<doc>Types the given ``text`` into the text field identified by ``locator``.</doc>
<msg timestamp="20231011 20:01:39.501" level="INFO">Typing text '0988888999' into text field 'name=tel'.</msg>
<status status="PASS" starttime="20231011 20:01:39.501" endtime="20231011 20:01:39.612"/>
</kw>
<kw name="Click Button" library="SeleniumLibrary">
<arg>id=confirmFlight</arg>
<doc>Clicks the button identified by ``locator``.</doc>
<msg timestamp="20231011 20:01:39.613" level="INFO">Clicking button 'id=confirmFlight'.</msg>
<status status="PASS" starttime="20231011 20:01:39.613" endtime="20231011 20:01:39.664"/>
</kw>
<kw name="Sleep" library="BuiltIn">
<arg>1s</arg>
<doc>Pauses the test executed for the given time.</doc>
<msg timestamp="20231011 20:01:40.676" level="INFO">Slept 1 second</msg>
<status status="PASS" starttime="20231011 20:01:39.665" endtime="20231011 20:01:40.676"/>
</kw>
<kw name="Wait Until Page Contains" library="SeleniumLibrary">
<arg>Congratulations, Your Flight are booking confirmed.</arg>
<doc>Waits until ``text`` appears on the current page.</doc>
<status status="PASS" starttime="20231011 20:01:40.676" endtime="20231011 20:01:40.686"/>
</kw>
<kw name="Click Element" library="SeleniumLibrary">
<arg>id=link-to-order</arg>
<doc>Click the element identified by ``locator``.</doc>
<msg timestamp="20231011 20:01:40.686" level="INFO">Clicking element 'id=link-to-order'.</msg>
<status status="PASS" starttime="20231011 20:01:40.686" endtime="20231011 20:01:40.752"/>
</kw>
<kw name="Wait Until Location Is" library="SeleniumLibrary">
<arg>http://localhost:3000/flight/order</arg>
<doc>Waits until the current URL is ``expected``.</doc>
<status status="PASS" starttime="20231011 20:01:40.752" endtime="20231011 20:01:41.399"/>
</kw>
<kw name="Wait Until Page Contains" library="SeleniumLibrary">
<arg>สถานะการจอง</arg>
<doc>Waits until ``text`` appears on the current page.</doc>
<status status="PASS" starttime="20231011 20:01:41.399" endtime="20231011 20:01:41.418"/>
</kw>
<status status="PASS" starttime="20231011 20:01:33.964" endtime="20231011 20:01:41.418"/>
</test>
<status status="PASS" starttime="20231011 19:59:54.113" endtime="20231011 20:01:41.419"/>
</suite>
<suite id="s1-s5" name="5 Order" source="C:\Users\USER\Desktop\React SKYAIRs\test\test SKYAIRs website\5_Order.robot">
<test id="s1-s5-t1" name="TC_FLIGHT_ORDER_001" line="9">
<kw name="Click Link" library="SeleniumLibrary">
<arg>คำสั่งซื้อ</arg>
<doc>Clicks a link identified by ``locator``.</doc>
<msg timestamp="20231011 20:01:41.441" level="INFO">Clicking link 'คำสั่งซื้อ'.</msg>
<status status="PASS" starttime="20231011 20:01:41.440" endtime="20231011 20:01:41.526"/>
</kw>
<kw name="Sleep" library="BuiltIn">
<arg>5s</arg>
<doc>Pauses the test executed for the given time.</doc>
<msg timestamp="20231011 20:01:46.529" level="INFO">Slept 5 seconds</msg>
<status status="PASS" starttime="20231011 20:01:41.526" endtime="20231011 20:01:46.529"/>
</kw>
<kw name="Click Element" library="SeleniumLibrary">
<arg>id=Cancel-5</arg>
<doc>Click the element identified by ``locator``.</doc>
<msg timestamp="20231011 20:01:46.531" level="INFO">Clicking element 'id=Cancel-5'.</msg>
<status status="PASS" starttime="20231011 20:01:46.530" endtime="20231011 20:01:46.588"/>
</kw>
<kw name="Wait Until Page Contains" library="SeleniumLibrary">
<arg>สถานะการจอง : Cancelled</arg>
<doc>Waits until ``text`` appears on the current page.</doc>
<status status="PASS" starttime="20231011 20:01:46.588" endtime="20231011 20:01:46.623"/>
</kw>
<status status="PASS" starttime="20231011 20:01:41.439" endtime="20231011 20:01:46.624"/>
</test>
<test id="s1-s5-t2" name="TC_FLIGHT_ORDER_002" line="15">
<kw name="Click Link" library="SeleniumLibrary">
<arg>คำสั่งซื้อ</arg>
<doc>Clicks a link identified by ``locator``.</doc>
<msg timestamp="20231011 20:01:46.627" level="INFO">Clicking link 'คำสั่งซื้อ'.</msg>
<status status="PASS" starttime="20231011 20:01:46.626" endtime="20231011 20:01:46.704"/>
</kw>
<kw name="Sleep" library="BuiltIn">
<arg>5s</arg>
<doc>Pauses the test executed for the given time.</doc>
<msg timestamp="20231011 20:01:51.720" level="INFO">Slept 5 seconds</msg>
<status status="PASS" starttime="20231011 20:01:46.705" endtime="20231011 20:01:51.720"/>
</kw>
<kw name="Click Element" library="SeleniumLibrary">
<arg>id=e - Ticket-4</arg>
<doc>Click the element identified by ``locator``.</doc>
<msg timestamp="20231011 20:01:51.722" level="INFO">Clicking element 'id=e - Ticket-4'.</msg>
<status status="PASS" starttime="20231011 20:01:51.721" endtime="20231011 20:01:51.782"/>
</kw>
<kw name="Sleep" library="BuiltIn">
<arg>5s</arg>
<doc>Pauses the test executed for the given time.</doc>
<msg timestamp="20231011 20:01:56.787" level="INFO">Slept 5 seconds</msg>
<status status="PASS" starttime="20231011 20:01:51.783" endtime="20231011 20:01:56.787"/>
</kw>
<kw name="File Should Exist" library="OperatingSystem">
<arg>C://Users//USER//Downloads//order_RP1004.pdf</arg>
<doc>Fails unless the given ``path`` points to an existing file.</doc>
<msg timestamp="20231011 20:01:56.788" level="INFO" html="true">File '&lt;a href="file://C:\Users\USER\Downloads\order_RP1004.pdf"&gt;C:\Users\USER\Downloads\order_RP1004.pdf&lt;/a&gt;' exists.</msg>
<status status="PASS" starttime="20231011 20:01:56.787" endtime="20231011 20:01:56.788"/>
</kw>
<status status="PASS" starttime="20231011 20:01:46.625" endtime="20231011 20:01:56.788"/>
</test>
<status status="PASS" starttime="20231011 20:01:41.422" endtime="20231011 20:01:56.790"/>
</suite>
<kw name="Close All Browsers" library="SeleniumLibrary" type="TEARDOWN">
<doc>Closes all open browsers and resets the browser cache.</doc>
<status status="PASS" starttime="20231011 20:01:56.792" endtime="20231011 20:02:03.130"/>
</kw>
<status status="PASS" starttime="20231011 19:57:37.009" endtime="20231011 20:02:03.131"/>
</suite>
<statistics>
<total>
<stat pass="43" fail="0" skip="0">All Tests</stat>
</total>
<tag>
</tag>
<suite>
<stat pass="43" fail="0" skip="0" id="s1" name="test SKYAIRs website">test SKYAIRs website</stat>
<stat pass="4" fail="0" skip="0" id="s1-s1" name="1 Register">test SKYAIRs website.1 Register</stat>
<stat pass="5" fail="0" skip="0" id="s1-s2" name="2 Login">test SKYAIRs website.2 Login</stat>
<stat pass="16" fail="0" skip="0" id="s1-s3" name="3 Flight Oneway">test SKYAIRs website.3 Flight Oneway</stat>
<stat pass="16" fail="0" skip="0" id="s1-s4" name="4 Flight Roundtrip">test SKYAIRs website.4 Flight Roundtrip</stat>
<stat pass="2" fail="0" skip="0" id="s1-s5" name="5 Order">test SKYAIRs website.5 Order</stat>
</suite>
</statistics>
<errors>
</errors>
</robot>
